==2376== Callgrind-0.10.1, a call-graph generating cache profiler.
==2376== Copyright (C) 2002-2005, and GNU GPL'd, by J.Weidendorfer et al.
==2376== Using LibVEX rev 1471, a library for dynamic binary translation.
==2376== Copyright (C) 2004-2005, and GNU GPL'd, by OpenWorks LLP.
==2376== Using valgrind-3.1.0, a dynamic binary instrumentation framework.
==2376== Copyright (C) 2000-2005, and GNU GPL'd, by Julian Seward et al.
==2376== For more details, rerun with: -v
==2376== 
--2376-- warning: write-back simulation can not be used with cache usage
==2376== 
==2376== For interactive control, run 'callgrind_control -h'.
--2376-- DWARF2 CFI reader: unhandled CFI instruction 0:18
--2376-- DWARF2 CFI reader: unhandled CFI instruction 0:18
--2376-- DWARF2 CFI reader: unhandled CFI instruction 0:18
--2376-- DWARF2 CFI reader: unhandled CFI instruction 0:18
--2376-- DWARF2 CFI reader: unhandled CFI instruction 0:18
--2376-- DWARF2 CFI reader: unhandled CFI instruction 0:18
--2376-- DWARF2 CFI reader: unhandled CFI instruction 0:18
--2376-- DWARF2 CFI reader: unhandled CFI instruction 0:18
--2376-- DWARF2 CFI reader: unhandled CFI instruction 0:18
--2376-- DWARF2 CFI reader: unhandled CFI instruction 0:18
--2376-- DWARF2 CFI reader: unhandled CFI instruction 0:18
--2376-- DWARF2 CFI reader: unhandled CFI instruction 0:18
--2376-- DWARF2 CFI reader: unhandled CFI instruction 0:18
--2376-- DWARF2 CFI reader: unhandled CFI instruction 0:18
--2376-- DWARF2 CFI reader: unhandled CFI instruction 0:18
--2376-- DWARF2 CFI reader: unhandled CFI instruction 0:18
--2376-- DWARF2 CFI reader: unhandled CFI instruction 0:18
--2376-- DWARF2 CFI reader: unhandled CFI instruction 0:18
--2376-- DWARF2 CFI reader: unhandled CFI instruction 0:18
--2376-- DWARF2 CFI reader: unhandled CFI instruction 0:18
--2376-- DWARF2 CFI reader: unhandled CFI instruction 0:18
--2376-- DWARF2 CFI reader: unhandled CFI instruction 0:18
--2376-- DWARF2 CFI reader: unhandled CFI instruction 0:18
--2376-- DWARF2 CFI reader: unhandled CFI instruction 0:18
--2376-- DWARF2 CFI reader: unhandled CFI instruction 0:18
--2376-- DWARF2 CFI reader: unhandled CFI instruction 0:18
--2376-- DWARF2 CFI reader: unhandled CFI instruction 0:18
--2376-- DWARF2 CFI reader: unhandled CFI instruction 0:18
--2376-- DWARF2 CFI reader: unhandled CFI instruction 0:18
--2376-- DWARF2 CFI reader: unhandled CFI instruction 0:18
--2376-- DWARF2 CFI reader: unhandled CFI instruction 0:18
--2376-- DWARF2 CFI reader: unhandled CFI instruction 0:18
--2376-- DWARF2 CFI reader: unhandled CFI instruction 0:18
--2376-- DWARF2 CFI reader: unhandled CFI instruction 0:18
--2376-- DWARF2 CFI reader: unhandled CFI instruction 0:18
--2376-- DWARF2 CFI reader: unhandled CFI instruction 0:18
--2376-- DWARF2 CFI reader: unhandled CFI instruction 0:18
--2376-- DWARF2 CFI reader: unhandled CFI instruction 0:18
--2376-- DWARF2 CFI reader: unhandled CFI instruction 0:18
--2376-- DWARF2 CFI reader: unhandled CFI instruction 0:18
--2376-- DWARF2 CFI reader: unhandled CFI instruction 0:18
--2376-- DWARF2 CFI reader: unhandled CFI instruction 0:18
--2376-- DWARF2 CFI reader: unhandled CFI instruction 0:18
--2376-- DWARF2 CFI reader: unhandled CFI instruction 0:18
--2376-- DWARF2 CFI reader: unhandled CFI instruction 0:18
--2376-- DWARF2 CFI reader: unhandled CFI instruction 0:18
--2376-- DWARF2 CFI reader: unhandled CFI instruction 0:18
--2376-- DWARF2 CFI reader: unhandled CFI instruction 0:18
--2376-- DWARF2 CFI reader: unhandled CFI instruction 0:18
--2376-- DWARF2 CFI reader: unhandled CFI instruction 0:18
--2376-- DWARF2 CFI reader: unhandled CFI instruction 0:18
--2376-- DWARF2 CFI reader: unhandled CFI instruction 0:18
--2376-- DWARF2 CFI reader: unhandled CFI instruction 0:18
--2376-- DWARF2 CFI reader: unhandled CFI instruction 0:18
--2376-- DWARF2 CFI reader: unhandled CFI instruction 0:18
--2376-- DWARF2 CFI reader: unhandled CFI instruction 0:18
--2376-- DWARF2 CFI reader: unhandled CFI instruction 0:18
--2376-- DWARF2 CFI reader: unhandled CFI instruction 0:18
--2376-- DWARF2 CFI reader: unhandled CFI instruction 0:18
--2376-- DWARF2 CFI reader: unhandled CFI instruction 0:18
--2376-- DWARF2 CFI reader: unhandled CFI instruction 0:18
--2376-- DWARF2 CFI reader: unhandled CFI instruction 0:18
--2376-- DWARF2 CFI reader: unhandled CFI instruction 0:18
--2376-- DWARF2 CFI reader: unhandled CFI instruction 0:18
--2376-- DWARF2 CFI reader: unhandled CFI instruction 0:18
--2376-- DWARF2 CFI reader: unhandled CFI instruction 0:18
--2376-- DWARF2 CFI reader: unhandled CFI instruction 0:18
--2376-- DWARF2 CFI reader: unhandled CFI instruction 0:18
--2376-- DWARF2 CFI reader: unhandled CFI instruction 0:18
--2376-- DWARF2 CFI reader: unhandled CFI instruction 0:18
--2376-- DWARF2 CFI reader: unhandled CFI instruction 0:18
--2376-- DWARF2 CFI reader: unhandled CFI instruction 0:18
--2376-- DWARF2 CFI reader: unhandled CFI instruction 0:18
--2376-- DWARF2 CFI reader: unhandled CFI instruction 0:18
--2376-- DWARF2 CFI reader: unhandled CFI instruction 0:18
--2376-- DWARF2 CFI reader: unhandled CFI instruction 0:18
--2376-- DWARF2 CFI reader: unhandled CFI instruction 0:18
--2376-- DWARF2 CFI reader: unhandled CFI instruction 0:18
--2376-- DWARF2 CFI reader: unhandled CFI instruction 0:18
--2376-- DWARF2 CFI reader: unhandled CFI instruction 0:18
--2376-- DWARF2 CFI reader: unhandled CFI instruction 0:18
--2376-- DWARF2 CFI reader: unhandled CFI instruction 0:18
--2376-- DWARF2 CFI reader: unhandled CFI instruction 0:18
--2376-- DWARF2 CFI reader: unhandled CFI instruction 0:18
--2376-- DWARF2 CFI reader: unhandled CFI instruction 0:18
--2376-- DWARF2 CFI reader: unhandled CFI instruction 0:18
--2376-- DWARF2 CFI reader: unhandled CFI instruction 0:18
--2376-- DWARF2 CFI reader: unhandled CFI instruction 0:18
--2376-- DWARF2 CFI reader: unhandled CFI instruction 0:18
--2376-- DWARF2 CFI reader: unhandled CFI instruction 0:18
--2376-- DWARF2 CFI reader: unhandled CFI instruction 0:18
--2376-- DWARF2 CFI reader: unhandled CFI instruction 0:18
--2376-- DWARF2 CFI reader: unhandled CFI instruction 0:18
--2376-- DWARF2 CFI reader: unhandled CFI instruction 0:18
--2376-- DWARF2 CFI reader: unhandled CFI instruction 0:18
--2376-- DWARF2 CFI reader: unhandled CFI instruction 0:18
--2376-- DWARF2 CFI reader: unhandled CFI instruction 0:18
--2376-- DWARF2 CFI reader: unhandled CFI instruction 0:18
--2376-- DWARF2 CFI reader: unhandled CFI instruction 0:18
--2376-- DWARF2 CFI reader: unhandled CFI instruction 0:18
--2376-- DWARF2 CFI reader: unhandled CFI instruction 0:18
--2376-- DWARF2 CFI reader: unhandled CFI instruction 0:18
--2376-- DWARF2 CFI reader: unhandled CFI instruction 0:18
--2376-- DWARF2 CFI reader: unhandled CFI instruction 0:18
--2376-- DWARF2 CFI reader: unhandled CFI instruction 0:18
--2376-- DWARF2 CFI reader: unhandled CFI instruction 0:18
--2376-- DWARF2 CFI reader: unhandled CFI instruction 0:18
--2376-- DWARF2 CFI reader: unhandled CFI instruction 0:18
--2376-- DWARF2 CFI reader: unhandled CFI instruction 0:18
--2376-- DWARF2 CFI reader: unhandled CFI instruction 0:18
--2376-- DWARF2 CFI reader: unhandled CFI instruction 0:18
--2376-- DWARF2 CFI reader: unhandled CFI instruction 0:18
--2376-- DWARF2 CFI reader: unhandled CFI instruction 0:18
--2376-- DWARF2 CFI reader: unhandled CFI instruction 0:18
--2376-- DWARF2 CFI reader: unhandled CFI instruction 0:18
--2376-- DWARF2 CFI reader: unhandled CFI instruction 0:18
--2376-- DWARF2 CFI reader: unhandled CFI instruction 0:18
--2376-- DWARF2 CFI reader: unhandled CFI instruction 0:18
--2376-- DWARF2 CFI reader: unhandled CFI instruction 0:18
--2376-- DWARF2 CFI reader: unhandled CFI instruction 0:18
--2376-- DWARF2 CFI reader: unhandled CFI instruction 0:18
--2376-- DWARF2 CFI reader: unhandled CFI instruction 0:18
--2376-- DWARF2 CFI reader: unhandled CFI instruction 0:18
--2376-- DWARF2 CFI reader: unhandled CFI instruction 0:18
--2376-- DWARF2 CFI reader: unhandled CFI instruction 0:18
--2376-- DWARF2 CFI reader: unhandled CFI instruction 0:18
--2376-- DWARF2 CFI reader: unhandled CFI instruction 0:18
--2376-- DWARF2 CFI reader: unhandled CFI instruction 0:18
--2376-- DWARF2 CFI reader: unhandled CFI instruction 0:18
--2376-- DWARF2 CFI reader: unhandled CFI instruction 0:18
--2376-- DWARF2 CFI reader: unhandled CFI instruction 0:18
--2376-- DWARF2 CFI reader: unhandled CFI instruction 0:18
--2376-- DWARF2 CFI reader: unhandled CFI instruction 0:18
--2376-- DWARF2 CFI reader: unhandled CFI instruction 0:18
--2376-- DWARF2 CFI reader: unhandled CFI instruction 0:18
--2376-- DWARF2 CFI reader: unhandled CFI instruction 0:18
--2376-- DWARF2 CFI reader: unhandled CFI instruction 0:18
--2376-- DWARF2 CFI reader: unhandled CFI instruction 0:18
--2376-- DWARF2 CFI reader: unhandled CFI instruction 0:18
--2376-- DWARF2 CFI reader: unhandled CFI instruction 0:18
--2376-- DWARF2 CFI reader: unhandled CFI instruction 0:18
--2376-- DWARF2 CFI reader: unhandled CFI instruction 0:18
--2376-- DWARF2 CFI reader: unhandled CFI instruction 0:18
--2376-- DWARF2 CFI reader: unhandled CFI instruction 0:18
--2376-- DWARF2 CFI reader: unhandled CFI instruction 0:18
--2376-- DWARF2 CFI reader: unhandled CFI instruction 0:18
--2376-- DWARF2 CFI reader: unhandled CFI instruction 0:18
--2376-- DWARF2 CFI reader: unhandled CFI instruction 0:18
--2376-- DWARF2 CFI reader: unhandled CFI instruction 0:18
--2376-- DWARF2 CFI reader: unhandled CFI instruction 0:18
--2376-- DWARF2 CFI reader: unhandled CFI instruction 0:18
--2376-- DWARF2 CFI reader: unhandled CFI instruction 0:18
--2376-- DWARF2 CFI reader: unhandled CFI instruction 0:18
--2376-- DWARF2 CFI reader: unhandled CFI instruction 0:18
--2376-- DWARF2 CFI reader: unhandled CFI instruction 0:18
--2376-- DWARF2 CFI reader: unhandled CFI instruction 0:18
--2376-- DWARF2 CFI reader: unhandled CFI instruction 0:18
--2376-- DWARF2 CFI reader: unhandled CFI instruction 0:18
--2376-- DWARF2 CFI reader: unhandled CFI instruction 0:18
--2376-- DWARF2 CFI reader: unhandled CFI instruction 0:18
--2376-- DWARF2 CFI reader: unhandled CFI instruction 0:18
--2376-- DWARF2 CFI reader: unhandled CFI instruction 0:18
--2376-- DWARF2 CFI reader: unhandled CFI instruction 0:18
--2376-- DWARF2 CFI reader: unhandled CFI instruction 0:18
--2376-- DWARF2 CFI reader: unhandled CFI instruction 0:18
--2376-- DWARF2 CFI reader: unhandled CFI instruction 0:18
--2376-- DWARF2 CFI reader: unhandled CFI instruction 0:18
--2376-- DWARF2 CFI reader: unhandled CFI instruction 0:18
--2376-- DWARF2 CFI reader: unhandled CFI instruction 0:18
--2376-- DWARF2 CFI reader: unhandled CFI instruction 0:18
--2376-- DWARF2 CFI reader: unhandled CFI instruction 0:18
--2376-- DWARF2 CFI reader: unhandled CFI instruction 0:18
--2376-- DWARF2 CFI reader: unhandled CFI instruction 0:18
--2376-- DWARF2 CFI reader: unhandled CFI instruction 0:18
--2376-- DWARF2 CFI reader: unhandled CFI instruction 0:18
--2376-- DWARF2 CFI reader: unhandled CFI instruction 0:18
--2376-- DWARF2 CFI reader: unhandled CFI instruction 0:18
--2376-- DWARF2 CFI reader: unhandled CFI instruction 0:18
--2376-- DWARF2 CFI reader: unhandled CFI instruction 0:18
--2376-- DWARF2 CFI reader: unhandled CFI instruction 0:18
--2376-- DWARF2 CFI reader: unhandled CFI instruction 0:18
--2376-- DWARF2 CFI reader: unhandled CFI instruction 0:18
--2376-- DWARF2 CFI reader: unhandled CFI instruction 0:18
--2376-- DWARF2 CFI reader: unhandled CFI instruction 0:18
--2376-- DWARF2 CFI reader: unhandled CFI instruction 0:18
--2376-- DWARF2 CFI reader: unhandled CFI instruction 0:18
--2376-- DWARF2 CFI reader: unhandled CFI instruction 0:18
--2376-- DWARF2 CFI reader: unhandled CFI instruction 0:18
--2376-- DWARF2 CFI reader: unhandled CFI instruction 0:18
--2376-- DWARF2 CFI reader: unhandled CFI instruction 0:18
--2376-- DWARF2 CFI reader: unhandled CFI instruction 0:18
--2376-- DWARF2 CFI reader: unhandled CFI instruction 0:18
--2376-- DWARF2 CFI reader: unhandled CFI instruction 0:18
--2376-- DWARF2 CFI reader: unhandled CFI instruction 0:18
--2376-- DWARF2 CFI reader: unhandled CFI instruction 0:18
--2376-- DWARF2 CFI reader: unhandled CFI instruction 0:18
--2376-- DWARF2 CFI reader: unhandled CFI instruction 0:18
--2376-- DWARF2 CFI reader: unhandled CFI instruction 0:18
--2376-- DWARF2 CFI reader: unhandled CFI instruction 0:18
--2376-- DWARF2 CFI reader: unhandled CFI instruction 0:18
--2376-- DWARF2 CFI reader: unhandled CFI instruction 0:18
--2376-- DWARF2 CFI reader: unhandled CFI instruction 0:18
--2376-- DWARF2 CFI reader: unhandled CFI instruction 0:18
--2376-- DWARF2 CFI reader: unhandled CFI instruction 0:18
--2376-- DWARF2 CFI reader: unhandled CFI instruction 0:18
--2376-- DWARF2 CFI reader: unhandled CFI instruction 0:18
--2376-- DWARF2 CFI reader: unhandled CFI instruction 0:18
--2376-- DWARF2 CFI reader: unhandled CFI instruction 0:18
--2376-- DWARF2 CFI reader: unhandled CFI instruction 0:18
--2376-- DWARF2 CFI reader: unhandled CFI instruction 0:18
--2376-- DWARF2 CFI reader: unhandled CFI instruction 0:18
--2376-- DWARF2 CFI reader: unhandled CFI instruction 0:18
--2376-- DWARF2 CFI reader: unhandled CFI instruction 0:18
--2376-- DWARF2 CFI reader: unhandled CFI instruction 0:18
--2376-- DWARF2 CFI reader: unhandled CFI instruction 0:18
--2376-- DWARF2 CFI reader: unhandled CFI instruction 0:18
--2376-- DWARF2 CFI reader: unhandled CFI instruction 0:18
--2376-- DWARF2 CFI reader: unhandled CFI instruction 0:18
--2376-- DWARF2 CFI reader: unhandled CFI instruction 0:18
--2376-- DWARF2 CFI reader: unhandled CFI instruction 0:18
--2376-- DWARF2 CFI reader: unhandled CFI instruction 0:18
--2376-- DWARF2 CFI reader: unhandled CFI instruction 0:18
--2376-- DWARF2 CFI reader: unhandled CFI instruction 0:18
--2376-- DWARF2 CFI reader: unhandled CFI instruction 0:18
--2376-- DWARF2 CFI reader: unhandled CFI instruction 0:18
--2376-- DWARF2 CFI reader: unhandled CFI instruction 0:18
--2376-- DWARF2 CFI reader: unhandled CFI instruction 0:18
--2376-- DWARF2 CFI reader: unhandled CFI instruction 0:18
--2376-- DWARF2 CFI reader: unhandled CFI instruction 0:18
--2376-- DWARF2 CFI reader: unhandled CFI instruction 0:18
--2376-- DWARF2 CFI reader: unhandled CFI instruction 0:18
--2376-- DWARF2 CFI reader: unhandled CFI instruction 0:18
--2376-- DWARF2 CFI reader: unhandled CFI instruction 0:18
--2376-- DWARF2 CFI reader: unhandled CFI instruction 0:18
--2376-- DWARF2 CFI reader: unhandled CFI instruction 0:18
--2376-- DWARF2 CFI reader: unhandled CFI instruction 0:18
--2376-- DWARF2 CFI reader: unhandled CFI instruction 0:18
--2376-- DWARF2 CFI reader: unhandled CFI instruction 0:18
--2376-- DWARF2 CFI reader: unhandled CFI instruction 0:18
--2376-- DWARF2 CFI reader: unhandled CFI instruction 0:18
--2376-- DWARF2 CFI reader: unhandled CFI instruction 0:18
--2376-- DWARF2 CFI reader: unhandled CFI instruction 0:18
--2376-- DWARF2 CFI reader: unhandled CFI instruction 0:18
--2376-- DWARF2 CFI reader: unhandled CFI instruction 0:18
--2376-- DWARF2 CFI reader: unhandled CFI instruction 0:18
--2376-- DWARF2 CFI reader: unhandled CFI instruction 0:18
--2376-- DWARF2 CFI reader: unhandled CFI instruction 0:18
--2376-- DWARF2 CFI reader: unhandled CFI instruction 0:18
--2376-- DWARF2 CFI reader: unhandled CFI instruction 0:18
--2376-- DWARF2 CFI reader: unhandled CFI instruction 0:18
--2376-- DWARF2 CFI reader: unhandled CFI instruction 0:18
--2376-- DWARF2 CFI reader: unhandled CFI instruction 0:18
--2376-- DWARF2 CFI reader: unhandled CFI instruction 0:18
--2376-- DWARF2 CFI reader: unhandled CFI instruction 0:18
--2376-- DWARF2 CFI reader: unhandled CFI instruction 0:18
--2376-- DWARF2 CFI reader: unhandled CFI instruction 0:18
--2376-- DWARF2 CFI reader: unhandled CFI instruction 0:18
--2376-- DWARF2 CFI reader: unhandled CFI instruction 0:18
--2376-- DWARF2 CFI reader: unhandled CFI instruction 0:18
--2376-- DWARF2 CFI reader: unhandled CFI instruction 0:18
--2376-- DWARF2 CFI reader: unhandled CFI instruction 0:18
--2376-- DWARF2 CFI reader: unhandled CFI instruction 0:18
--2376-- DWARF2 CFI reader: unhandled CFI instruction 0:18
--2376-- DWARF2 CFI reader: unhandled CFI instruction 0:18
--2376-- DWARF2 CFI reader: unhandled CFI instruction 0:18
--2376-- DWARF2 CFI reader: unhandled CFI instruction 0:18
--2376-- DWARF2 CFI reader: unhandled CFI instruction 0:18
--2376-- DWARF2 CFI reader: unhandled CFI instruction 0:18
--2376-- DWARF2 CFI reader: unhandled CFI instruction 0:18
--2376-- DWARF2 CFI reader: unhandled CFI instruction 0:18
--2376-- DWARF2 CFI reader: unhandled CFI instruction 0:18
--2376-- DWARF2 CFI reader: unhandled CFI instruction 0:18
--2376-- DWARF2 CFI reader: unhandled CFI instruction 0:18
--2376-- DWARF2 CFI reader: unhandled CFI instruction 0:18
--2376-- DWARF2 CFI reader: unhandled CFI instruction 0:18
--2376-- DWARF2 CFI reader: unhandled CFI instruction 0:18
--2376-- DWARF2 CFI reader: unhandled CFI instruction 0:18
--2376-- DWARF2 CFI reader: unhandled CFI instruction 0:18
--2376-- DWARF2 CFI reader: unhandled CFI instruction 0:18
--2376-- DWARF2 CFI reader: unhandled CFI instruction 0:18
--2376-- DWARF2 CFI reader: unhandled CFI instruction 0:18
--2376-- DWARF2 CFI reader: unhandled CFI instruction 0:18
--2376-- DWARF2 CFI reader: unhandled CFI instruction 0:18
--2376-- DWARF2 CFI reader: unhandled CFI instruction 0:18
--2376-- DWARF2 CFI reader: unhandled CFI instruction 0:18
--2376-- DWARF2 CFI reader: unhandled CFI instruction 0:18
--2376-- DWARF2 CFI reader: unhandled CFI instruction 0:18
--2376-- DWARF2 CFI reader: unhandled CFI instruction 0:18
--2376-- DWARF2 CFI reader: unhandled CFI instruction 0:18
--2376-- DWARF2 CFI reader: unhandled CFI instruction 0:18
--2376-- DWARF2 CFI reader: unhandled CFI instruction 0:18
--2376-- DWARF2 CFI reader: unhandled CFI instruction 0:18
--2376-- DWARF2 CFI reader: unhandled CFI instruction 0:18
--2376-- DWARF2 CFI reader: unhandled CFI instruction 0:18
--2376-- DWARF2 CFI reader: unhandled CFI instruction 0:18
--2376-- DWARF2 CFI reader: unhandled CFI instruction 0:18
--2376-- DWARF2 CFI reader: unhandled CFI instruction 0:18
--2376-- DWARF2 CFI reader: unhandled CFI instruction 0:18
--2376-- DWARF2 CFI reader: unhandled CFI instruction 0:18
--2376-- DWARF2 CFI reader: unhandled CFI instruction 0:18
--2376-- DWARF2 CFI reader: unhandled CFI instruction 0:18
--2376-- DWARF2 CFI reader: unhandled CFI instruction 0:18
--2376-- DWARF2 CFI reader: unhandled CFI instruction 0:18
--2376-- DWARF2 CFI reader: unhandled CFI instruction 0:18
--2376-- DWARF2 CFI reader: unhandled CFI instruction 0:18
--2376-- DWARF2 CFI reader: unhandled CFI instruction 0:18
--2376-- DWARF2 CFI reader: unhandled CFI instruction 0:18
--2376-- DWARF2 CFI reader: unhandled CFI instruction 0:18
--2376-- DWARF2 CFI reader: unhandled CFI instruction 0:18
--2376-- DWARF2 CFI reader: unhandled CFI instruction 0:18
--2376-- DWARF2 CFI reader: unhandled CFI instruction 0:18
--2376-- DWARF2 CFI reader: unhandled CFI instruction 0:18
--2376-- DWARF2 CFI reader: unhandled CFI instruction 0:18
--2376-- DWARF2 CFI reader: unhandled CFI instruction 0:18
--2376-- DWARF2 CFI reader: unhandled CFI instruction 0:18
--2376-- DWARF2 CFI reader: unhandled CFI instruction 0:18
--2376-- DWARF2 CFI reader: unhandled CFI instruction 0:18
--2376-- DWARF2 CFI reader: unhandled CFI instruction 0:18
--2376-- DWARF2 CFI reader: unhandled CFI instruction 0:18
--2376-- DWARF2 CFI reader: unhandled CFI instruction 0:18
--2376-- DWARF2 CFI reader: unhandled CFI instruction 0:18
--2376-- DWARF2 CFI reader: unhandled CFI instruction 0:18
--2376-- DWARF2 CFI reader: unhandled CFI instruction 0:18
--2376-- DWARF2 CFI reader: unhandled CFI instruction 0:18
--2376-- DWARF2 CFI reader: unhandled CFI instruction 0:18
--2376-- DWARF2 CFI reader: unhandled CFI instruction 0:18
--2376-- DWARF2 CFI reader: unhandled CFI instruction 0:18
--2376-- DWARF2 CFI reader: unhandled CFI instruction 0:18
--2376-- DWARF2 CFI reader: unhandled CFI instruction 0:18
--2376-- DWARF2 CFI reader: unhandled CFI instruction 0:18
--2376-- DWARF2 CFI reader: unhandled CFI instruction 0:18
--2376-- DWARF2 CFI reader: unhandled CFI instruction 0:18
--2376-- DWARF2 CFI reader: unhandled CFI instruction 0:18
--2376-- DWARF2 CFI reader: unhandled CFI instruction 0:18
--2376-- DWARF2 CFI reader: unhandled CFI instruction 0:18
--2376-- DWARF2 CFI reader: unhandled CFI instruction 0:18
--2376-- DWARF2 CFI reader: unhandled CFI instruction 0:18
--2376-- DWARF2 CFI reader: unhandled CFI instruction 0:18
--2376-- DWARF2 CFI reader: unhandled CFI instruction 0:18
--2376-- DWARF2 CFI reader: unhandled CFI instruction 0:18
--2376-- DWARF2 CFI reader: unhandled CFI instruction 0:18
--2376-- DWARF2 CFI reader: unhandled CFI instruction 0:18
--2376-- DWARF2 CFI reader: unhandled CFI instruction 0:18
--2376-- DWARF2 CFI reader: unhandled CFI instruction 0:18
--2376-- DWARF2 CFI reader: unhandled CFI instruction 0:18
--2376-- DWARF2 CFI reader: unhandled CFI instruction 0:18
--2376-- DWARF2 CFI reader: unhandled CFI instruction 0:18
--2376-- DWARF2 CFI reader: unhandled CFI instruction 0:18
--2376-- DWARF2 CFI reader: unhandled CFI instruction 0:18
--2376-- DWARF2 CFI reader: unhandled CFI instruction 0:18
--2376-- DWARF2 CFI reader: unhandled CFI instruction 0:18
--2376-- DWARF2 CFI reader: unhandled CFI instruction 0:18
--2376-- DWARF2 CFI reader: unhandled CFI instruction 0:18
--2376-- DWARF2 CFI reader: unhandled CFI instruction 0:18
--2376-- DWARF2 CFI reader: unhandled CFI instruction 0:18
--2376-- DWARF2 CFI reader: unhandled CFI instruction 0:18
--2376-- DWARF2 CFI reader: unhandled CFI instruction 0:18
--2376-- DWARF2 CFI reader: unhandled CFI instruction 0:18
--2376-- DWARF2 CFI reader: unhandled CFI instruction 0:18
--2376-- DWARF2 CFI reader: unhandled CFI instruction 0:18
--2376-- DWARF2 CFI reader: unhandled CFI instruction 0:18
--2376-- DWARF2 CFI reader: unhandled CFI instruction 0:18
--2376-- DWARF2 CFI reader: unhandled CFI instruction 0:18
--2376-- DWARF2 CFI reader: unhandled CFI instruction 0:18
--2376-- DWARF2 CFI reader: unhandled CFI instruction 0:18
--2376-- DWARF2 CFI reader: unhandled CFI instruction 0:18
--2376-- DWARF2 CFI reader: unhandled CFI instruction 0:18
--2376-- DWARF2 CFI reader: unhandled CFI instruction 0:18
--2376-- DWARF2 CFI reader: unhandled CFI instruction 0:18
--2376-- DWARF2 CFI reader: unhandled CFI instruction 0:18
--2376-- DWARF2 CFI reader: unhandled CFI instruction 0:18
--2376-- DWARF2 CFI reader: unhandled CFI instruction 0:18
--2376-- DWARF2 CFI reader: unhandled CFI instruction 0:18
--2376-- DWARF2 CFI reader: unhandled CFI instruction 0:18
--2376-- DWARF2 CFI reader: unhandled CFI instruction 0:18
--2376-- DWARF2 CFI reader: unhandled CFI instruction 0:18
--2376-- DWARF2 CFI reader: unhandled CFI instruction 0:18
--2376-- DWARF2 CFI reader: unhandled CFI instruction 0:18
--2376-- DWARF2 CFI reader: unhandled CFI instruction 0:18
--2376-- DWARF2 CFI reader: unhandled CFI instruction 0:18
--2376-- DWARF2 CFI reader: unhandled CFI instruction 0:18
--2376-- DWARF2 CFI reader: unhandled CFI instruction 0:18
--2376-- DWARF2 CFI reader: unhandled CFI instruction 0:18
--2376-- DWARF2 CFI reader: unhandled CFI instruction 0:18
--2376-- DWARF2 CFI reader: unhandled CFI instruction 0:18
--2376-- DWARF2 CFI reader: unhandled CFI instruction 0:18
--2376-- DWARF2 CFI reader: unhandled CFI instruction 0:18
--2376-- DWARF2 CFI reader: unhandled CFI instruction 0:18
--2376-- DWARF2 CFI reader: unhandled CFI instruction 0:18
--2376-- DWARF2 CFI reader: unhandled CFI instruction 0:18
--2376-- DWARF2 CFI reader: unhandled CFI instruction 0:18
--2376-- DWARF2 CFI reader: unhandled CFI instruction 0:18
--2376-- DWARF2 CFI reader: unhandled CFI instruction 0:18
--2376-- DWARF2 CFI reader: unhandled CFI instruction 0:18
--2376-- DWARF2 CFI reader: unhandled CFI instruction 0:18
--2376-- DWARF2 CFI reader: unhandled CFI instruction 0:18
--2376-- DWARF2 CFI reader: unhandled CFI instruction 0:18
--2376-- DWARF2 CFI reader: unhandled CFI instruction 0:18
--2376-- DWARF2 CFI reader: unhandled CFI instruction 0:18
--2376-- DWARF2 CFI reader: unhandled CFI instruction 0:18
--2376-- DWARF2 CFI reader: unhandled CFI instruction 0:18
--2376-- DWARF2 CFI reader: unhandled CFI instruction 0:18
--2376-- DWARF2 CFI reader: unhandled CFI instruction 0:18
--2376-- DWARF2 CFI reader: unhandled CFI instruction 0:18
--2376-- DWARF2 CFI reader: unhandled CFI instruction 0:18
--2376-- DWARF2 CFI reader: unhandled CFI instruction 0:18
--2376-- DWARF2 CFI reader: unhandled CFI instruction 0:18
--2376-- DWARF2 CFI reader: unhandled CFI instruction 0:18
--2376-- DWARF2 CFI reader: unhandled CFI instruction 0:18
--2376-- DWARF2 CFI reader: unhandled CFI instruction 0:18
--2376-- DWARF2 CFI reader: unhandled CFI instruction 0:18
--2376-- DWARF2 CFI reader: unhandled CFI instruction 0:18
--2376-- DWARF2 CFI reader: unhandled CFI instruction 0:18
--2376-- DWARF2 CFI reader: unhandled CFI instruction 0:18
--2376-- DWARF2 CFI reader: unhandled CFI instruction 0:18
--2376-- DWARF2 CFI reader: unhandled CFI instruction 0:18
--2376-- DWARF2 CFI reader: unhandled CFI instruction 0:18
--2376-- DWARF2 CFI reader: unhandled CFI instruction 0:18
--2376-- DWARF2 CFI reader: unhandled CFI instruction 0:18
--2376-- DWARF2 CFI reader: unhandled CFI instruction 0:18
--2376-- DWARF2 CFI reader: unhandled CFI instruction 0:18
--2376-- DWARF2 CFI reader: unhandled CFI instruction 0:18
--2376-- DWARF2 CFI reader: unhandled CFI instruction 0:18
--2376-- DWARF2 CFI reader: unhandled CFI instruction 0:18
--2376-- DWARF2 CFI reader: unhandled CFI instruction 0:18
--2376-- DWARF2 CFI reader: unhandled CFI instruction 0:18
--2376-- DWARF2 CFI reader: unhandled CFI instruction 0:18
--2376-- DWARF2 CFI reader: unhandled CFI instruction 0:18
--2376-- DWARF2 CFI reader: unhandled CFI instruction 0:18
--2376-- DWARF2 CFI reader: unhandled CFI instruction 0:18
--2376-- DWARF2 CFI reader: unhandled CFI instruction 0:18
--2376-- DWARF2 CFI reader: unhandled CFI instruction 0:18
--2376-- DWARF2 CFI reader: unhandled CFI instruction 0:18
--2376-- DWARF2 CFI reader: unhandled CFI instruction 0:18
--2376-- DWARF2 CFI reader: unhandled CFI instruction 0:18
--2376-- DWARF2 CFI reader: unhandled CFI instruction 0:18
--2376-- DWARF2 CFI reader: unhandled CFI instruction 0:18
--2376-- DWARF2 CFI reader: unhandled CFI instruction 0:18
--2376-- DWARF2 CFI reader: unhandled CFI instruction 0:18
--2376-- DWARF2 CFI reader: unhandled CFI instruction 0:18
--2376-- DWARF2 CFI reader: unhandled CFI instruction 0:18
--2376-- DWARF2 CFI reader: unhandled CFI instruction 0:18
--2376-- DWARF2 CFI reader: unhandled CFI instruction 0:18
--2376-- DWARF2 CFI reader: unhandled CFI instruction 0:18
--2376-- DWARF2 CFI reader: unhandled CFI instruction 0:18
--2376-- DWARF2 CFI reader: unhandled CFI instruction 0:18
--2376-- DWARF2 CFI reader: unhandled CFI instruction 0:18
--2376-- DWARF2 CFI reader: unhandled CFI instruction 0:18
--2376-- DWARF2 CFI reader: unhandled CFI instruction 0:18
--2376-- DWARF2 CFI reader: unhandled CFI instruction 0:18
--2376-- DWARF2 CFI reader: unhandled CFI instruction 0:18
--2376-- DWARF2 CFI reader: unhandled CFI instruction 0:18
--2376-- DWARF2 CFI reader: unhandled CFI instruction 0:18
--2376-- DWARF2 CFI reader: unhandled CFI instruction 0:18
--2376-- DWARF2 CFI reader: unhandled CFI instruction 0:18
--2376-- DWARF2 CFI reader: unhandled CFI instruction 0:18
--2376-- DWARF2 CFI reader: unhandled CFI instruction 0:18
--2376-- DWARF2 CFI reader: unhandled CFI instruction 0:18
--2376-- DWARF2 CFI reader: unhandled CFI instruction 0:18
--2376-- DWARF2 CFI reader: unhandled CFI instruction 0:18
--2376-- DWARF2 CFI reader: unhandled CFI instruction 0:18
--2376-- DWARF2 CFI reader: unhandled CFI instruction 0:18
--2376-- DWARF2 CFI reader: unhandled CFI instruction 0:18
--2376-- DWARF2 CFI reader: unhandled CFI instruction 0:18
--2376-- DWARF2 CFI reader: unhandled CFI instruction 0:18
--2376-- DWARF2 CFI reader: unhandled CFI instruction 0:18
--2376-- DWARF2 CFI reader: unhandled CFI instruction 0:18
--2376-- DWARF2 CFI reader: unhandled CFI instruction 0:18
--2376-- DWARF2 CFI reader: unhandled CFI instruction 0:18
--2376-- DWARF2 CFI reader: unhandled CFI instruction 0:18
--2376-- DWARF2 CFI reader: unhandled CFI instruction 0:18
--2376-- DWARF2 CFI reader: unhandled CFI instruction 0:18
--2376-- DWARF2 CFI reader: unhandled CFI instruction 0:18
--2376-- DWARF2 CFI reader: unhandled CFI instruction 0:18
--2376-- DWARF2 CFI reader: unhandled CFI instruction 0:18
--2376-- DWARF2 CFI reader: unhandled CFI instruction 0:18
--2376-- DWARF2 CFI reader: unhandled CFI instruction 0:18
--2376-- DWARF2 CFI reader: unhandled CFI instruction 0:18
--2376-- DWARF2 CFI reader: unhandled CFI instruction 0:18
--2376-- DWARF2 CFI reader: unhandled CFI instruction 0:18
--2376-- DWARF2 CFI reader: unhandled CFI instruction 0:18
--2376-- DWARF2 CFI reader: unhandled CFI instruction 0:18
--2376-- DWARF2 CFI reader: unhandled CFI instruction 0:18
--2376-- DWARF2 CFI reader: unhandled CFI instruction 0:18
--2376-- DWARF2 CFI reader: unhandled CFI instruction 0:18
--2376-- DWARF2 CFI reader: unhandled CFI instruction 0:18
--2376-- DWARF2 CFI reader: unhandled CFI instruction 0:18
--2376-- DWARF2 CFI reader: unhandled CFI instruction 0:18
--2376-- DWARF2 CFI reader: unhandled CFI instruction 0:18
--2376-- DWARF2 CFI reader: unhandled CFI instruction 0:18
--2376-- DWARF2 CFI reader: unhandled CFI instruction 0:18
--2376-- DWARF2 CFI reader: unhandled CFI instruction 0:18
--2376-- DWARF2 CFI reader: unhandled CFI instruction 0:18
--2376-- DWARF2 CFI reader: unhandled CFI instruction 0:18
--2376-- DWARF2 CFI reader: unhandled CFI instruction 0:18
--2376-- DWARF2 CFI reader: unhandled CFI instruction 0:18
--2376-- DWARF2 CFI reader: unhandled CFI instruction 0:18
--2376-- DWARF2 CFI reader: unhandled CFI instruction 0:18
--2376-- DWARF2 CFI reader: unhandled CFI instruction 0:18
--2376-- DWARF2 CFI reader: unhandled CFI instruction 0:18
--2376-- DWARF2 CFI reader: unhandled CFI instruction 0:18
--2376-- DWARF2 CFI reader: unhandled CFI instruction 0:18
--2376-- DWARF2 CFI reader: unhandled CFI instruction 0:18
--2376-- DWARF2 CFI reader: unhandled CFI instruction 0:18
--2376-- DWARF2 CFI reader: unhandled CFI instruction 0:18
--2376-- DWARF2 CFI reader: unhandled CFI instruction 0:18
--2376-- DWARF2 CFI reader: unhandled CFI instruction 0:18
--2376-- DWARF2 CFI reader: unhandled CFI instruction 0:18
--2376-- DWARF2 CFI reader: unhandled CFI instruction 0:18
--2376-- DWARF2 CFI reader: unhandled CFI instruction 0:18
--2376-- DWARF2 CFI reader: unhandled CFI instruction 0:18
--2376-- DWARF2 CFI reader: unhandled CFI instruction 0:18
--2376-- DWARF2 CFI reader: unhandled CFI instruction 0:18
--2376-- DWARF2 CFI reader: unhandled CFI instruction 0:18
--2376-- DWARF2 CFI reader: unhandled CFI instruction 0:18
--2376-- DWARF2 CFI reader: unhandled CFI instruction 0:18
--2376-- DWARF2 CFI reader: unhandled CFI instruction 0:18
--2376-- DWARF2 CFI reader: unhandled CFI instruction 0:18
--2376-- DWARF2 CFI reader: unhandled CFI instruction 0:18
--2376-- DWARF2 CFI reader: unhandled CFI instruction 0:18
--2376-- DWARF2 CFI reader: unhandled CFI instruction 0:18
--2376-- DWARF2 CFI reader: unhandled CFI instruction 0:18
--2376-- DWARF2 CFI reader: unhandled CFI instruction 0:18
--2376-- DWARF2 CFI reader: unhandled CFI instruction 0:18
--2376-- DWARF2 CFI reader: unhandled CFI instruction 0:18
--2376-- DWARF2 CFI reader: unhandled CFI instruction 0:18
--2376-- DWARF2 CFI reader: unhandled CFI instruction 0:18
--2376-- DWARF2 CFI reader: unhandled CFI instruction 0:18
--2376-- DWARF2 CFI reader: unhandled CFI instruction 0:18
--2376-- DWARF2 CFI reader: unhandled CFI instruction 0:18
--2376-- DWARF2 CFI reader: unhandled CFI instruction 0:18
--2376-- DWARF2 CFI reader: unhandled CFI instruction 0:18
--2376-- DWARF2 CFI reader: unhandled CFI instruction 0:18
--2376-- DWARF2 CFI reader: unhandled CFI instruction 0:18
--2376-- DWARF2 CFI reader: unhandled CFI instruction 0:18
--2376-- DWARF2 CFI reader: unhandled CFI instruction 0:18
--2376-- DWARF2 CFI reader: unhandled CFI instruction 0:18
--2376-- DWARF2 CFI reader: unhandled CFI instruction 0:18
--2376-- DWARF2 CFI reader: unhandled CFI instruction 0:18
--2376-- DWARF2 CFI reader: unhandled CFI instruction 0:18
--2376-- DWARF2 CFI reader: unhandled CFI instruction 0:18
--2376-- DWARF2 CFI reader: unhandled CFI instruction 0:18
--2376-- DWARF2 CFI reader: unhandled CFI instruction 0:18
--2376-- DWARF2 CFI reader: unhandled CFI instruction 0:18
--2376-- DWARF2 CFI reader: unhandled CFI instruction 0:18
--2376-- DWARF2 CFI reader: unhandled CFI instruction 0:18
--2376-- DWARF2 CFI reader: unhandled CFI instruction 0:18
--2376-- DWARF2 CFI reader: unhandled CFI instruction 0:18
--2376-- DWARF2 CFI reader: unhandled CFI instruction 0:18
--2376-- DWARF2 CFI reader: unhandled CFI instruction 0:18
--2376-- DWARF2 CFI reader: unhandled CFI instruction 0:18
--2376-- DWARF2 CFI reader: unhandled CFI instruction 0:18
--2376-- DWARF2 CFI reader: unhandled CFI instruction 0:18
--2376-- DWARF2 CFI reader: unhandled CFI instruction 0:18
--2376-- DWARF2 CFI reader: unhandled CFI instruction 0:18
--2376-- DWARF2 CFI reader: unhandled CFI instruction 0:18
--2376-- DWARF2 CFI reader: unhandled CFI instruction 0:18
--2376-- DWARF2 CFI reader: unhandled CFI instruction 0:18
--2376-- DWARF2 CFI reader: unhandled CFI instruction 0:18
--2376-- DWARF2 CFI reader: unhandled CFI instruction 0:18
--2376-- DWARF2 CFI reader: unhandled CFI instruction 0:18
--2376-- DWARF2 CFI reader: unhandled CFI instruction 0:18
--2376-- DWARF2 CFI reader: unhandled CFI instruction 0:18
==2376== 
==2376== Events    : Ir Dr Dw I1mr D1mr D1mw I2mr D2mr D2mw AcCost1 SpLoss1 AcCost2 SpLoss2
==2376== Collected : 101460222688 28145511264 18807615661 10997 12674 1374 1262 5976 1030 6621746 911134 1161990 221038
==2376== 
==2376== I   refs:      101,460,222,688
==2376== I1  misses:             10,997
==2376== L2i misses:              1,262
==2376== I1  miss rate:             0.0%
==2376== L2i miss rate:             0.0%
==2376== 
==2376== D   refs:       46,953,126,925  (28,145,511,264 rd + 18,807,615,661 wr)
==2376== D1  misses:             14,048  (        12,674 rd +          1,374 wr)
==2376== L2d misses:              7,006  (         5,976 rd +          1,030 wr)
==2376== D1  miss rate:             0.0% (           0.0%   +            0.0%  )
==2376== L2d miss rate:             0.0% (           0.0%   +            0.0%  )
==2376== 
==2376== L2 refs:                25,045  (        23,671 rd +          1,374 wr)
==2376== L2 misses:               8,268  (         7,238 rd +          1,030 wr)
==2376== L2 miss rate:              0.0% (           0.0%   +            0.0%  )
