==1142== Callgrind-0.10.1, a call-graph generating cache profiler.
==1142== Copyright (C) 2002-2005, and GNU GPL'd, by J.Weidendorfer et al.
==1142== Using LibVEX rev 1471, a library for dynamic binary translation.
==1142== Copyright (C) 2004-2005, and GNU GPL'd, by OpenWorks LLP.
==1142== Using valgrind-3.1.0, a dynamic binary instrumentation framework.
==1142== Copyright (C) 2000-2005, and GNU GPL'd, by Julian Seward et al.
==1142== For more details, rerun with: -v
==1142== 
--1142-- warning: write-back simulation can not be used with cache usage
==1142== 
==1142== For interactive control, run 'callgrind_control -h'.
--1142-- DWARF2 CFI reader: unhandled CFI instruction 0:18
--1142-- DWARF2 CFI reader: unhandled CFI instruction 0:18
--1142-- DWARF2 CFI reader: unhandled CFI instruction 0:18
--1142-- DWARF2 CFI reader: unhandled CFI instruction 0:18
--1142-- DWARF2 CFI reader: unhandled CFI instruction 0:18
--1142-- DWARF2 CFI reader: unhandled CFI instruction 0:18
--1142-- DWARF2 CFI reader: unhandled CFI instruction 0:18
--1142-- DWARF2 CFI reader: unhandled CFI instruction 0:18
--1142-- DWARF2 CFI reader: unhandled CFI instruction 0:18
--1142-- DWARF2 CFI reader: unhandled CFI instruction 0:18
--1142-- DWARF2 CFI reader: unhandled CFI instruction 0:18
--1142-- DWARF2 CFI reader: unhandled CFI instruction 0:18
--1142-- DWARF2 CFI reader: unhandled CFI instruction 0:18
--1142-- DWARF2 CFI reader: unhandled CFI instruction 0:18
--1142-- DWARF2 CFI reader: unhandled CFI instruction 0:18
--1142-- DWARF2 CFI reader: unhandled CFI instruction 0:18
--1142-- DWARF2 CFI reader: unhandled CFI instruction 0:18
--1142-- DWARF2 CFI reader: unhandled CFI instruction 0:18
--1142-- DWARF2 CFI reader: unhandled CFI instruction 0:18
--1142-- DWARF2 CFI reader: unhandled CFI instruction 0:18
--1142-- DWARF2 CFI reader: unhandled CFI instruction 0:18
--1142-- DWARF2 CFI reader: unhandled CFI instruction 0:18
--1142-- DWARF2 CFI reader: unhandled CFI instruction 0:18
--1142-- DWARF2 CFI reader: unhandled CFI instruction 0:18
--1142-- DWARF2 CFI reader: unhandled CFI instruction 0:18
--1142-- DWARF2 CFI reader: unhandled CFI instruction 0:18
--1142-- DWARF2 CFI reader: unhandled CFI instruction 0:18
--1142-- DWARF2 CFI reader: unhandled CFI instruction 0:18
--1142-- DWARF2 CFI reader: unhandled CFI instruction 0:18
--1142-- DWARF2 CFI reader: unhandled CFI instruction 0:18
--1142-- DWARF2 CFI reader: unhandled CFI instruction 0:18
--1142-- DWARF2 CFI reader: unhandled CFI instruction 0:18
--1142-- DWARF2 CFI reader: unhandled CFI instruction 0:18
--1142-- DWARF2 CFI reader: unhandled CFI instruction 0:18
--1142-- DWARF2 CFI reader: unhandled CFI instruction 0:18
--1142-- DWARF2 CFI reader: unhandled CFI instruction 0:18
--1142-- DWARF2 CFI reader: unhandled CFI instruction 0:18
--1142-- DWARF2 CFI reader: unhandled CFI instruction 0:18
--1142-- DWARF2 CFI reader: unhandled CFI instruction 0:18
--1142-- DWARF2 CFI reader: unhandled CFI instruction 0:18
--1142-- DWARF2 CFI reader: unhandled CFI instruction 0:18
--1142-- DWARF2 CFI reader: unhandled CFI instruction 0:18
--1142-- DWARF2 CFI reader: unhandled CFI instruction 0:18
--1142-- DWARF2 CFI reader: unhandled CFI instruction 0:18
--1142-- DWARF2 CFI reader: unhandled CFI instruction 0:18
--1142-- DWARF2 CFI reader: unhandled CFI instruction 0:18
--1142-- DWARF2 CFI reader: unhandled CFI instruction 0:18
--1142-- DWARF2 CFI reader: unhandled CFI instruction 0:18
--1142-- DWARF2 CFI reader: unhandled CFI instruction 0:18
--1142-- DWARF2 CFI reader: unhandled CFI instruction 0:18
--1142-- DWARF2 CFI reader: unhandled CFI instruction 0:18
--1142-- DWARF2 CFI reader: unhandled CFI instruction 0:18
--1142-- DWARF2 CFI reader: unhandled CFI instruction 0:18
--1142-- DWARF2 CFI reader: unhandled CFI instruction 0:18
--1142-- DWARF2 CFI reader: unhandled CFI instruction 0:18
--1142-- DWARF2 CFI reader: unhandled CFI instruction 0:18
--1142-- DWARF2 CFI reader: unhandled CFI instruction 0:18
--1142-- DWARF2 CFI reader: unhandled CFI instruction 0:18
--1142-- DWARF2 CFI reader: unhandled CFI instruction 0:18
--1142-- DWARF2 CFI reader: unhandled CFI instruction 0:18
--1142-- DWARF2 CFI reader: unhandled CFI instruction 0:18
--1142-- DWARF2 CFI reader: unhandled CFI instruction 0:18
--1142-- DWARF2 CFI reader: unhandled CFI instruction 0:18
--1142-- DWARF2 CFI reader: unhandled CFI instruction 0:18
--1142-- DWARF2 CFI reader: unhandled CFI instruction 0:18
--1142-- DWARF2 CFI reader: unhandled CFI instruction 0:18
--1142-- DWARF2 CFI reader: unhandled CFI instruction 0:18
--1142-- DWARF2 CFI reader: unhandled CFI instruction 0:18
--1142-- DWARF2 CFI reader: unhandled CFI instruction 0:18
--1142-- DWARF2 CFI reader: unhandled CFI instruction 0:18
--1142-- DWARF2 CFI reader: unhandled CFI instruction 0:18
--1142-- DWARF2 CFI reader: unhandled CFI instruction 0:18
--1142-- DWARF2 CFI reader: unhandled CFI instruction 0:18
--1142-- DWARF2 CFI reader: unhandled CFI instruction 0:18
--1142-- DWARF2 CFI reader: unhandled CFI instruction 0:18
--1142-- DWARF2 CFI reader: unhandled CFI instruction 0:18
--1142-- DWARF2 CFI reader: unhandled CFI instruction 0:18
--1142-- DWARF2 CFI reader: unhandled CFI instruction 0:18
--1142-- DWARF2 CFI reader: unhandled CFI instruction 0:18
--1142-- DWARF2 CFI reader: unhandled CFI instruction 0:18
--1142-- DWARF2 CFI reader: unhandled CFI instruction 0:18
--1142-- DWARF2 CFI reader: unhandled CFI instruction 0:18
--1142-- DWARF2 CFI reader: unhandled CFI instruction 0:18
--1142-- DWARF2 CFI reader: unhandled CFI instruction 0:18
--1142-- DWARF2 CFI reader: unhandled CFI instruction 0:18
--1142-- DWARF2 CFI reader: unhandled CFI instruction 0:18
--1142-- DWARF2 CFI reader: unhandled CFI instruction 0:18
--1142-- DWARF2 CFI reader: unhandled CFI instruction 0:18
--1142-- DWARF2 CFI reader: unhandled CFI instruction 0:18
--1142-- DWARF2 CFI reader: unhandled CFI instruction 0:18
--1142-- DWARF2 CFI reader: unhandled CFI instruction 0:18
--1142-- DWARF2 CFI reader: unhandled CFI instruction 0:18
--1142-- DWARF2 CFI reader: unhandled CFI instruction 0:18
--1142-- DWARF2 CFI reader: unhandled CFI instruction 0:18
--1142-- DWARF2 CFI reader: unhandled CFI instruction 0:18
--1142-- DWARF2 CFI reader: unhandled CFI instruction 0:18
--1142-- DWARF2 CFI reader: unhandled CFI instruction 0:18
--1142-- DWARF2 CFI reader: unhandled CFI instruction 0:18
--1142-- DWARF2 CFI reader: unhandled CFI instruction 0:18
--1142-- DWARF2 CFI reader: unhandled CFI instruction 0:18
--1142-- DWARF2 CFI reader: unhandled CFI instruction 0:18
--1142-- DWARF2 CFI reader: unhandled CFI instruction 0:18
--1142-- DWARF2 CFI reader: unhandled CFI instruction 0:18
--1142-- DWARF2 CFI reader: unhandled CFI instruction 0:18
--1142-- DWARF2 CFI reader: unhandled CFI instruction 0:18
--1142-- DWARF2 CFI reader: unhandled CFI instruction 0:18
--1142-- DWARF2 CFI reader: unhandled CFI instruction 0:18
--1142-- DWARF2 CFI reader: unhandled CFI instruction 0:18
--1142-- DWARF2 CFI reader: unhandled CFI instruction 0:18
--1142-- DWARF2 CFI reader: unhandled CFI instruction 0:18
--1142-- DWARF2 CFI reader: unhandled CFI instruction 0:18
--1142-- DWARF2 CFI reader: unhandled CFI instruction 0:18
--1142-- DWARF2 CFI reader: unhandled CFI instruction 0:18
--1142-- DWARF2 CFI reader: unhandled CFI instruction 0:18
--1142-- DWARF2 CFI reader: unhandled CFI instruction 0:18
--1142-- DWARF2 CFI reader: unhandled CFI instruction 0:18
--1142-- DWARF2 CFI reader: unhandled CFI instruction 0:18
--1142-- DWARF2 CFI reader: unhandled CFI instruction 0:18
--1142-- DWARF2 CFI reader: unhandled CFI instruction 0:18
--1142-- DWARF2 CFI reader: unhandled CFI instruction 0:18
--1142-- DWARF2 CFI reader: unhandled CFI instruction 0:18
--1142-- DWARF2 CFI reader: unhandled CFI instruction 0:18
--1142-- DWARF2 CFI reader: unhandled CFI instruction 0:18
--1142-- DWARF2 CFI reader: unhandled CFI instruction 0:18
--1142-- DWARF2 CFI reader: unhandled CFI instruction 0:18
--1142-- DWARF2 CFI reader: unhandled CFI instruction 0:18
--1142-- DWARF2 CFI reader: unhandled CFI instruction 0:18
--1142-- DWARF2 CFI reader: unhandled CFI instruction 0:18
--1142-- DWARF2 CFI reader: unhandled CFI instruction 0:18
--1142-- DWARF2 CFI reader: unhandled CFI instruction 0:18
--1142-- DWARF2 CFI reader: unhandled CFI instruction 0:18
--1142-- DWARF2 CFI reader: unhandled CFI instruction 0:18
--1142-- DWARF2 CFI reader: unhandled CFI instruction 0:18
--1142-- DWARF2 CFI reader: unhandled CFI instruction 0:18
--1142-- DWARF2 CFI reader: unhandled CFI instruction 0:18
--1142-- DWARF2 CFI reader: unhandled CFI instruction 0:18
--1142-- DWARF2 CFI reader: unhandled CFI instruction 0:18
--1142-- DWARF2 CFI reader: unhandled CFI instruction 0:18
--1142-- DWARF2 CFI reader: unhandled CFI instruction 0:18
--1142-- DWARF2 CFI reader: unhandled CFI instruction 0:18
--1142-- DWARF2 CFI reader: unhandled CFI instruction 0:18
--1142-- DWARF2 CFI reader: unhandled CFI instruction 0:18
--1142-- DWARF2 CFI reader: unhandled CFI instruction 0:18
--1142-- DWARF2 CFI reader: unhandled CFI instruction 0:18
--1142-- DWARF2 CFI reader: unhandled CFI instruction 0:18
--1142-- DWARF2 CFI reader: unhandled CFI instruction 0:18
--1142-- DWARF2 CFI reader: unhandled CFI instruction 0:18
--1142-- DWARF2 CFI reader: unhandled CFI instruction 0:18
--1142-- DWARF2 CFI reader: unhandled CFI instruction 0:18
--1142-- DWARF2 CFI reader: unhandled CFI instruction 0:18
--1142-- DWARF2 CFI reader: unhandled CFI instruction 0:18
--1142-- DWARF2 CFI reader: unhandled CFI instruction 0:18
--1142-- DWARF2 CFI reader: unhandled CFI instruction 0:18
--1142-- DWARF2 CFI reader: unhandled CFI instruction 0:18
--1142-- DWARF2 CFI reader: unhandled CFI instruction 0:18
--1142-- DWARF2 CFI reader: unhandled CFI instruction 0:18
--1142-- DWARF2 CFI reader: unhandled CFI instruction 0:18
--1142-- DWARF2 CFI reader: unhandled CFI instruction 0:18
--1142-- DWARF2 CFI reader: unhandled CFI instruction 0:18
--1142-- DWARF2 CFI reader: unhandled CFI instruction 0:18
--1142-- DWARF2 CFI reader: unhandled CFI instruction 0:18
--1142-- DWARF2 CFI reader: unhandled CFI instruction 0:18
--1142-- DWARF2 CFI reader: unhandled CFI instruction 0:18
--1142-- DWARF2 CFI reader: unhandled CFI instruction 0:18
--1142-- DWARF2 CFI reader: unhandled CFI instruction 0:18
--1142-- DWARF2 CFI reader: unhandled CFI instruction 0:18
--1142-- DWARF2 CFI reader: unhandled CFI instruction 0:18
--1142-- DWARF2 CFI reader: unhandled CFI instruction 0:18
--1142-- DWARF2 CFI reader: unhandled CFI instruction 0:18
--1142-- DWARF2 CFI reader: unhandled CFI instruction 0:18
--1142-- DWARF2 CFI reader: unhandled CFI instruction 0:18
--1142-- DWARF2 CFI reader: unhandled CFI instruction 0:18
--1142-- DWARF2 CFI reader: unhandled CFI instruction 0:18
--1142-- DWARF2 CFI reader: unhandled CFI instruction 0:18
--1142-- DWARF2 CFI reader: unhandled CFI instruction 0:18
--1142-- DWARF2 CFI reader: unhandled CFI instruction 0:18
--1142-- DWARF2 CFI reader: unhandled CFI instruction 0:18
--1142-- DWARF2 CFI reader: unhandled CFI instruction 0:18
--1142-- DWARF2 CFI reader: unhandled CFI instruction 0:18
--1142-- DWARF2 CFI reader: unhandled CFI instruction 0:18
--1142-- DWARF2 CFI reader: unhandled CFI instruction 0:18
--1142-- DWARF2 CFI reader: unhandled CFI instruction 0:18
--1142-- DWARF2 CFI reader: unhandled CFI instruction 0:18
--1142-- DWARF2 CFI reader: unhandled CFI instruction 0:18
--1142-- DWARF2 CFI reader: unhandled CFI instruction 0:18
--1142-- DWARF2 CFI reader: unhandled CFI instruction 0:18
--1142-- DWARF2 CFI reader: unhandled CFI instruction 0:18
--1142-- DWARF2 CFI reader: unhandled CFI instruction 0:18
--1142-- DWARF2 CFI reader: unhandled CFI instruction 0:18
--1142-- DWARF2 CFI reader: unhandled CFI instruction 0:18
--1142-- DWARF2 CFI reader: unhandled CFI instruction 0:18
--1142-- DWARF2 CFI reader: unhandled CFI instruction 0:18
--1142-- DWARF2 CFI reader: unhandled CFI instruction 0:18
--1142-- DWARF2 CFI reader: unhandled CFI instruction 0:18
--1142-- DWARF2 CFI reader: unhandled CFI instruction 0:18
--1142-- DWARF2 CFI reader: unhandled CFI instruction 0:18
--1142-- DWARF2 CFI reader: unhandled CFI instruction 0:18
--1142-- DWARF2 CFI reader: unhandled CFI instruction 0:18
--1142-- DWARF2 CFI reader: unhandled CFI instruction 0:18
--1142-- DWARF2 CFI reader: unhandled CFI instruction 0:18
--1142-- DWARF2 CFI reader: unhandled CFI instruction 0:18
--1142-- DWARF2 CFI reader: unhandled CFI instruction 0:18
--1142-- DWARF2 CFI reader: unhandled CFI instruction 0:18
--1142-- DWARF2 CFI reader: unhandled CFI instruction 0:18
--1142-- DWARF2 CFI reader: unhandled CFI instruction 0:18
--1142-- DWARF2 CFI reader: unhandled CFI instruction 0:18
--1142-- DWARF2 CFI reader: unhandled CFI instruction 0:18
--1142-- DWARF2 CFI reader: unhandled CFI instruction 0:18
--1142-- DWARF2 CFI reader: unhandled CFI instruction 0:18
--1142-- DWARF2 CFI reader: unhandled CFI instruction 0:18
--1142-- DWARF2 CFI reader: unhandled CFI instruction 0:18
--1142-- DWARF2 CFI reader: unhandled CFI instruction 0:18
--1142-- DWARF2 CFI reader: unhandled CFI instruction 0:18
--1142-- DWARF2 CFI reader: unhandled CFI instruction 0:18
--1142-- DWARF2 CFI reader: unhandled CFI instruction 0:18
--1142-- DWARF2 CFI reader: unhandled CFI instruction 0:18
--1142-- DWARF2 CFI reader: unhandled CFI instruction 0:18
--1142-- DWARF2 CFI reader: unhandled CFI instruction 0:18
--1142-- DWARF2 CFI reader: unhandled CFI instruction 0:18
--1142-- DWARF2 CFI reader: unhandled CFI instruction 0:18
--1142-- DWARF2 CFI reader: unhandled CFI instruction 0:18
--1142-- DWARF2 CFI reader: unhandled CFI instruction 0:18
--1142-- DWARF2 CFI reader: unhandled CFI instruction 0:18
--1142-- DWARF2 CFI reader: unhandled CFI instruction 0:18
--1142-- DWARF2 CFI reader: unhandled CFI instruction 0:18
--1142-- DWARF2 CFI reader: unhandled CFI instruction 0:18
--1142-- DWARF2 CFI reader: unhandled CFI instruction 0:18
--1142-- DWARF2 CFI reader: unhandled CFI instruction 0:18
--1142-- DWARF2 CFI reader: unhandled CFI instruction 0:18
--1142-- DWARF2 CFI reader: unhandled CFI instruction 0:18
--1142-- DWARF2 CFI reader: unhandled CFI instruction 0:18
--1142-- DWARF2 CFI reader: unhandled CFI instruction 0:18
--1142-- DWARF2 CFI reader: unhandled CFI instruction 0:18
--1142-- DWARF2 CFI reader: unhandled CFI instruction 0:18
--1142-- DWARF2 CFI reader: unhandled CFI instruction 0:18
--1142-- DWARF2 CFI reader: unhandled CFI instruction 0:18
--1142-- DWARF2 CFI reader: unhandled CFI instruction 0:18
--1142-- DWARF2 CFI reader: unhandled CFI instruction 0:18
--1142-- DWARF2 CFI reader: unhandled CFI instruction 0:18
--1142-- DWARF2 CFI reader: unhandled CFI instruction 0:18
--1142-- DWARF2 CFI reader: unhandled CFI instruction 0:18
--1142-- DWARF2 CFI reader: unhandled CFI instruction 0:18
--1142-- DWARF2 CFI reader: unhandled CFI instruction 0:18
--1142-- DWARF2 CFI reader: unhandled CFI instruction 0:18
--1142-- DWARF2 CFI reader: unhandled CFI instruction 0:18
--1142-- DWARF2 CFI reader: unhandled CFI instruction 0:18
--1142-- DWARF2 CFI reader: unhandled CFI instruction 0:18
--1142-- DWARF2 CFI reader: unhandled CFI instruction 0:18
--1142-- DWARF2 CFI reader: unhandled CFI instruction 0:18
--1142-- DWARF2 CFI reader: unhandled CFI instruction 0:18
--1142-- DWARF2 CFI reader: unhandled CFI instruction 0:18
--1142-- DWARF2 CFI reader: unhandled CFI instruction 0:18
--1142-- DWARF2 CFI reader: unhandled CFI instruction 0:18
--1142-- DWARF2 CFI reader: unhandled CFI instruction 0:18
--1142-- DWARF2 CFI reader: unhandled CFI instruction 0:18
--1142-- DWARF2 CFI reader: unhandled CFI instruction 0:18
--1142-- DWARF2 CFI reader: unhandled CFI instruction 0:18
--1142-- DWARF2 CFI reader: unhandled CFI instruction 0:18
--1142-- DWARF2 CFI reader: unhandled CFI instruction 0:18
--1142-- DWARF2 CFI reader: unhandled CFI instruction 0:18
--1142-- DWARF2 CFI reader: unhandled CFI instruction 0:18
--1142-- DWARF2 CFI reader: unhandled CFI instruction 0:18
--1142-- DWARF2 CFI reader: unhandled CFI instruction 0:18
--1142-- DWARF2 CFI reader: unhandled CFI instruction 0:18
--1142-- DWARF2 CFI reader: unhandled CFI instruction 0:18
--1142-- DWARF2 CFI reader: unhandled CFI instruction 0:18
--1142-- DWARF2 CFI reader: unhandled CFI instruction 0:18
--1142-- DWARF2 CFI reader: unhandled CFI instruction 0:18
--1142-- DWARF2 CFI reader: unhandled CFI instruction 0:18
--1142-- DWARF2 CFI reader: unhandled CFI instruction 0:18
--1142-- DWARF2 CFI reader: unhandled CFI instruction 0:18
--1142-- DWARF2 CFI reader: unhandled CFI instruction 0:18
--1142-- DWARF2 CFI reader: unhandled CFI instruction 0:18
--1142-- DWARF2 CFI reader: unhandled CFI instruction 0:18
--1142-- DWARF2 CFI reader: unhandled CFI instruction 0:18
--1142-- DWARF2 CFI reader: unhandled CFI instruction 0:18
--1142-- DWARF2 CFI reader: unhandled CFI instruction 0:18
--1142-- DWARF2 CFI reader: unhandled CFI instruction 0:18
--1142-- DWARF2 CFI reader: unhandled CFI instruction 0:18
--1142-- DWARF2 CFI reader: unhandled CFI instruction 0:18
--1142-- DWARF2 CFI reader: unhandled CFI instruction 0:18
--1142-- DWARF2 CFI reader: unhandled CFI instruction 0:18
--1142-- DWARF2 CFI reader: unhandled CFI instruction 0:18
--1142-- DWARF2 CFI reader: unhandled CFI instruction 0:18
--1142-- DWARF2 CFI reader: unhandled CFI instruction 0:18
--1142-- DWARF2 CFI reader: unhandled CFI instruction 0:18
--1142-- DWARF2 CFI reader: unhandled CFI instruction 0:18
--1142-- DWARF2 CFI reader: unhandled CFI instruction 0:18
--1142-- DWARF2 CFI reader: unhandled CFI instruction 0:18
--1142-- DWARF2 CFI reader: unhandled CFI instruction 0:18
--1142-- DWARF2 CFI reader: unhandled CFI instruction 0:18
--1142-- DWARF2 CFI reader: unhandled CFI instruction 0:18
--1142-- DWARF2 CFI reader: unhandled CFI instruction 0:18
--1142-- DWARF2 CFI reader: unhandled CFI instruction 0:18
--1142-- DWARF2 CFI reader: unhandled CFI instruction 0:18
--1142-- DWARF2 CFI reader: unhandled CFI instruction 0:18
--1142-- DWARF2 CFI reader: unhandled CFI instruction 0:18
--1142-- DWARF2 CFI reader: unhandled CFI instruction 0:18
--1142-- DWARF2 CFI reader: unhandled CFI instruction 0:18
--1142-- DWARF2 CFI reader: unhandled CFI instruction 0:18
--1142-- DWARF2 CFI reader: unhandled CFI instruction 0:18
--1142-- DWARF2 CFI reader: unhandled CFI instruction 0:18
--1142-- DWARF2 CFI reader: unhandled CFI instruction 0:18
--1142-- DWARF2 CFI reader: unhandled CFI instruction 0:18
--1142-- DWARF2 CFI reader: unhandled CFI instruction 0:18
--1142-- DWARF2 CFI reader: unhandled CFI instruction 0:18
--1142-- DWARF2 CFI reader: unhandled CFI instruction 0:18
--1142-- DWARF2 CFI reader: unhandled CFI instruction 0:18
--1142-- DWARF2 CFI reader: unhandled CFI instruction 0:18
--1142-- DWARF2 CFI reader: unhandled CFI instruction 0:18
--1142-- DWARF2 CFI reader: unhandled CFI instruction 0:18
--1142-- DWARF2 CFI reader: unhandled CFI instruction 0:18
--1142-- DWARF2 CFI reader: unhandled CFI instruction 0:18
--1142-- DWARF2 CFI reader: unhandled CFI instruction 0:18
--1142-- DWARF2 CFI reader: unhandled CFI instruction 0:18
--1142-- DWARF2 CFI reader: unhandled CFI instruction 0:18
--1142-- DWARF2 CFI reader: unhandled CFI instruction 0:18
--1142-- DWARF2 CFI reader: unhandled CFI instruction 0:18
--1142-- DWARF2 CFI reader: unhandled CFI instruction 0:18
--1142-- DWARF2 CFI reader: unhandled CFI instruction 0:18
--1142-- DWARF2 CFI reader: unhandled CFI instruction 0:18
--1142-- DWARF2 CFI reader: unhandled CFI instruction 0:18
--1142-- DWARF2 CFI reader: unhandled CFI instruction 0:18
--1142-- DWARF2 CFI reader: unhandled CFI instruction 0:18
--1142-- DWARF2 CFI reader: unhandled CFI instruction 0:18
--1142-- DWARF2 CFI reader: unhandled CFI instruction 0:18
--1142-- DWARF2 CFI reader: unhandled CFI instruction 0:18
--1142-- DWARF2 CFI reader: unhandled CFI instruction 0:18
--1142-- DWARF2 CFI reader: unhandled CFI instruction 0:18
--1142-- DWARF2 CFI reader: unhandled CFI instruction 0:18
--1142-- DWARF2 CFI reader: unhandled CFI instruction 0:18
--1142-- DWARF2 CFI reader: unhandled CFI instruction 0:18
--1142-- DWARF2 CFI reader: unhandled CFI instruction 0:18
--1142-- DWARF2 CFI reader: unhandled CFI instruction 0:18
--1142-- DWARF2 CFI reader: unhandled CFI instruction 0:18
--1142-- DWARF2 CFI reader: unhandled CFI instruction 0:18
--1142-- DWARF2 CFI reader: unhandled CFI instruction 0:18
--1142-- DWARF2 CFI reader: unhandled CFI instruction 0:18
--1142-- DWARF2 CFI reader: unhandled CFI instruction 0:18
--1142-- DWARF2 CFI reader: unhandled CFI instruction 0:18
--1142-- DWARF2 CFI reader: unhandled CFI instruction 0:18
--1142-- DWARF2 CFI reader: unhandled CFI instruction 0:18
--1142-- DWARF2 CFI reader: unhandled CFI instruction 0:18
--1142-- DWARF2 CFI reader: unhandled CFI instruction 0:18
--1142-- DWARF2 CFI reader: unhandled CFI instruction 0:18
--1142-- DWARF2 CFI reader: unhandled CFI instruction 0:18
--1142-- DWARF2 CFI reader: unhandled CFI instruction 0:18
--1142-- DWARF2 CFI reader: unhandled CFI instruction 0:18
--1142-- DWARF2 CFI reader: unhandled CFI instruction 0:18
--1142-- DWARF2 CFI reader: unhandled CFI instruction 0:18
--1142-- DWARF2 CFI reader: unhandled CFI instruction 0:18
--1142-- DWARF2 CFI reader: unhandled CFI instruction 0:18
--1142-- DWARF2 CFI reader: unhandled CFI instruction 0:18
--1142-- DWARF2 CFI reader: unhandled CFI instruction 0:18
--1142-- DWARF2 CFI reader: unhandled CFI instruction 0:18
--1142-- DWARF2 CFI reader: unhandled CFI instruction 0:18
--1142-- DWARF2 CFI reader: unhandled CFI instruction 0:18
--1142-- DWARF2 CFI reader: unhandled CFI instruction 0:18
--1142-- DWARF2 CFI reader: unhandled CFI instruction 0:18
--1142-- DWARF2 CFI reader: unhandled CFI instruction 0:18
--1142-- DWARF2 CFI reader: unhandled CFI instruction 0:18
--1142-- DWARF2 CFI reader: unhandled CFI instruction 0:18
--1142-- DWARF2 CFI reader: unhandled CFI instruction 0:18
--1142-- DWARF2 CFI reader: unhandled CFI instruction 0:18
--1142-- DWARF2 CFI reader: unhandled CFI instruction 0:18
--1142-- DWARF2 CFI reader: unhandled CFI instruction 0:18
--1142-- DWARF2 CFI reader: unhandled CFI instruction 0:18
--1142-- DWARF2 CFI reader: unhandled CFI instruction 0:18
--1142-- DWARF2 CFI reader: unhandled CFI instruction 0:18
--1142-- DWARF2 CFI reader: unhandled CFI instruction 0:18
--1142-- DWARF2 CFI reader: unhandled CFI instruction 0:18
--1142-- DWARF2 CFI reader: unhandled CFI instruction 0:18
--1142-- DWARF2 CFI reader: unhandled CFI instruction 0:18
--1142-- DWARF2 CFI reader: unhandled CFI instruction 0:18
--1142-- DWARF2 CFI reader: unhandled CFI instruction 0:18
--1142-- DWARF2 CFI reader: unhandled CFI instruction 0:18
--1142-- DWARF2 CFI reader: unhandled CFI instruction 0:18
--1142-- DWARF2 CFI reader: unhandled CFI instruction 0:18
--1142-- DWARF2 CFI reader: unhandled CFI instruction 0:18
--1142-- DWARF2 CFI reader: unhandled CFI instruction 0:18
--1142-- DWARF2 CFI reader: unhandled CFI instruction 0:18
--1142-- DWARF2 CFI reader: unhandled CFI instruction 0:18
--1142-- DWARF2 CFI reader: unhandled CFI instruction 0:18
--1142-- DWARF2 CFI reader: unhandled CFI instruction 0:18
--1142-- DWARF2 CFI reader: unhandled CFI instruction 0:18
--1142-- DWARF2 CFI reader: unhandled CFI instruction 0:18
--1142-- DWARF2 CFI reader: unhandled CFI instruction 0:18
--1142-- DWARF2 CFI reader: unhandled CFI instruction 0:18
--1142-- DWARF2 CFI reader: unhandled CFI instruction 0:18
--1142-- DWARF2 CFI reader: unhandled CFI instruction 0:18
--1142-- DWARF2 CFI reader: unhandled CFI instruction 0:18
--1142-- DWARF2 CFI reader: unhandled CFI instruction 0:18
--1142-- DWARF2 CFI reader: unhandled CFI instruction 0:18
--1142-- DWARF2 CFI reader: unhandled CFI instruction 0:18
--1142-- DWARF2 CFI reader: unhandled CFI instruction 0:18
--1142-- DWARF2 CFI reader: unhandled CFI instruction 0:18
--1142-- DWARF2 CFI reader: unhandled CFI instruction 0:18
--1142-- DWARF2 CFI reader: unhandled CFI instruction 0:18
--1142-- DWARF2 CFI reader: unhandled CFI instruction 0:18
--1142-- DWARF2 CFI reader: unhandled CFI instruction 0:18
--1142-- DWARF2 CFI reader: unhandled CFI instruction 0:18
--1142-- DWARF2 CFI reader: unhandled CFI instruction 0:18
--1142-- DWARF2 CFI reader: unhandled CFI instruction 0:18
--1142-- DWARF2 CFI reader: unhandled CFI instruction 0:18
--1142-- DWARF2 CFI reader: unhandled CFI instruction 0:18
--1142-- DWARF2 CFI reader: unhandled CFI instruction 0:18
--1142-- DWARF2 CFI reader: unhandled CFI instruction 0:18
--1142-- DWARF2 CFI reader: unhandled CFI instruction 0:18
--1142-- DWARF2 CFI reader: unhandled CFI instruction 0:18
--1142-- DWARF2 CFI reader: unhandled CFI instruction 0:18
--1142-- DWARF2 CFI reader: unhandled CFI instruction 0:18
--1142-- DWARF2 CFI reader: unhandled CFI instruction 0:18
--1142-- DWARF2 CFI reader: unhandled CFI instruction 0:18
--1142-- DWARF2 CFI reader: unhandled CFI instruction 0:18
--1142-- DWARF2 CFI reader: unhandled CFI instruction 0:18
--1142-- DWARF2 CFI reader: unhandled CFI instruction 0:18
--1142-- DWARF2 CFI reader: unhandled CFI instruction 0:18
--1142-- DWARF2 CFI reader: unhandled CFI instruction 0:18
--1142-- DWARF2 CFI reader: unhandled CFI instruction 0:18
--1142-- DWARF2 CFI reader: unhandled CFI instruction 0:18
--1142-- DWARF2 CFI reader: unhandled CFI instruction 0:18
--1142-- DWARF2 CFI reader: unhandled CFI instruction 0:18
--1142-- DWARF2 CFI reader: unhandled CFI instruction 0:18
--1142-- DWARF2 CFI reader: unhandled CFI instruction 0:18
--1142-- DWARF2 CFI reader: unhandled CFI instruction 0:18
--1142-- DWARF2 CFI reader: unhandled CFI instruction 0:18
--1142-- DWARF2 CFI reader: unhandled CFI instruction 0:18
--1142-- DWARF2 CFI reader: unhandled CFI instruction 0:18
--1142-- DWARF2 CFI reader: unhandled CFI instruction 0:18
--1142-- DWARF2 CFI reader: unhandled CFI instruction 0:18
--1142-- DWARF2 CFI reader: unhandled CFI instruction 0:18
--1142-- DWARF2 CFI reader: unhandled CFI instruction 0:18
--1142-- DWARF2 CFI reader: unhandled CFI instruction 0:18
--1142-- DWARF2 CFI reader: unhandled CFI instruction 0:18
--1142-- DWARF2 CFI reader: unhandled CFI instruction 0:18
--1142-- DWARF2 CFI reader: unhandled CFI instruction 0:18
--1142-- DWARF2 CFI reader: unhandled CFI instruction 0:18
--1142-- DWARF2 CFI reader: unhandled CFI instruction 0:18
--1142-- DWARF2 CFI reader: unhandled CFI instruction 0:18
--1142-- DWARF2 CFI reader: unhandled CFI instruction 0:18
--1142-- DWARF2 CFI reader: unhandled CFI instruction 0:18
--1142-- DWARF2 CFI reader: unhandled CFI instruction 0:18
--1142-- DWARF2 CFI reader: unhandled CFI instruction 0:18
--1142-- DWARF2 CFI reader: unhandled CFI instruction 0:18
--1142-- DWARF2 CFI reader: unhandled CFI instruction 0:18
--1142-- DWARF2 CFI reader: unhandled CFI instruction 0:18
--1142-- DWARF2 CFI reader: unhandled CFI instruction 0:18
--1142-- DWARF2 CFI reader: unhandled CFI instruction 0:18
--1142-- DWARF2 CFI reader: unhandled CFI instruction 0:18
--1142-- DWARF2 CFI reader: unhandled CFI instruction 0:18
--1142-- DWARF2 CFI reader: unhandled CFI instruction 0:18
--1142-- DWARF2 CFI reader: unhandled CFI instruction 0:18
--1142-- DWARF2 CFI reader: unhandled CFI instruction 0:18
--1142-- DWARF2 CFI reader: unhandled CFI instruction 0:18
--1142-- DWARF2 CFI reader: unhandled CFI instruction 0:18
--1142-- DWARF2 CFI reader: unhandled CFI instruction 0:18
--1142-- DWARF2 CFI reader: unhandled CFI instruction 0:18
--1142-- DWARF2 CFI reader: unhandled CFI instruction 0:18
--1142-- DWARF2 CFI reader: unhandled CFI instruction 0:18
--1142-- DWARF2 CFI reader: unhandled CFI instruction 0:18
--1142-- DWARF2 CFI reader: unhandled CFI instruction 0:18
--1142-- DWARF2 CFI reader: unhandled CFI instruction 0:18
--1142-- DWARF2 CFI reader: unhandled CFI instruction 0:18
--1142-- DWARF2 CFI reader: unhandled CFI instruction 0:18
--1142-- DWARF2 CFI reader: unhandled CFI instruction 0:18
--1142-- DWARF2 CFI reader: unhandled CFI instruction 0:18
--1142-- DWARF2 CFI reader: unhandled CFI instruction 0:18
--1142-- DWARF2 CFI reader: unhandled CFI instruction 0:18
--1142-- DWARF2 CFI reader: unhandled CFI instruction 0:18
--1142-- DWARF2 CFI reader: unhandled CFI instruction 0:18
--1142-- DWARF2 CFI reader: unhandled CFI instruction 0:18
--1142-- DWARF2 CFI reader: unhandled CFI instruction 0:18
--1142-- DWARF2 CFI reader: unhandled CFI instruction 0:18
--1142-- DWARF2 CFI reader: unhandled CFI instruction 0:18
--1142-- DWARF2 CFI reader: unhandled CFI instruction 0:18
--1142-- DWARF2 CFI reader: unhandled CFI instruction 0:18
--1142-- DWARF2 CFI reader: unhandled CFI instruction 0:18
--1142-- DWARF2 CFI reader: unhandled CFI instruction 0:18
--1142-- DWARF2 CFI reader: unhandled CFI instruction 0:18
--1142-- DWARF2 CFI reader: unhandled CFI instruction 0:18
--1142-- DWARF2 CFI reader: unhandled CFI instruction 0:18
--1142-- DWARF2 CFI reader: unhandled CFI instruction 0:18
--1142-- DWARF2 CFI reader: unhandled CFI instruction 0:18
--1142-- DWARF2 CFI reader: unhandled CFI instruction 0:18
--1142-- DWARF2 CFI reader: unhandled CFI instruction 0:18
--1142-- DWARF2 CFI reader: unhandled CFI instruction 0:18
--1142-- DWARF2 CFI reader: unhandled CFI instruction 0:18
--1142-- DWARF2 CFI reader: unhandled CFI instruction 0:18
--1142-- DWARF2 CFI reader: unhandled CFI instruction 0:18
--1142-- DWARF2 CFI reader: unhandled CFI instruction 0:18
--1142-- DWARF2 CFI reader: unhandled CFI instruction 0:18
--1142-- DWARF2 CFI reader: unhandled CFI instruction 0:18
--1142-- DWARF2 CFI reader: unhandled CFI instruction 0:18
--1142-- DWARF2 CFI reader: unhandled CFI instruction 0:18
--1142-- DWARF2 CFI reader: unhandled CFI instruction 0:18
--1142-- DWARF2 CFI reader: unhandled CFI instruction 0:18
--1142-- DWARF2 CFI reader: unhandled CFI instruction 0:18
--1142-- DWARF2 CFI reader: unhandled CFI instruction 0:18
--1142-- DWARF2 CFI reader: unhandled CFI instruction 0:18
--1142-- DWARF2 CFI reader: unhandled CFI instruction 0:18
--1142-- DWARF2 CFI reader: unhandled CFI instruction 0:18
--1142-- DWARF2 CFI reader: unhandled CFI instruction 0:18
--1142-- DWARF2 CFI reader: unhandled CFI instruction 0:18
--1142-- DWARF2 CFI reader: unhandled CFI instruction 0:18
--1142-- DWARF2 CFI reader: unhandled CFI instruction 0:18
--1142-- DWARF2 CFI reader: unhandled CFI instruction 0:18
--1142-- DWARF2 CFI reader: unhandled CFI instruction 0:18
--1142-- DWARF2 CFI reader: unhandled CFI instruction 0:18
--1142-- DWARF2 CFI reader: unhandled CFI instruction 0:18
--1142-- DWARF2 CFI reader: unhandled CFI instruction 0:18
--1142-- DWARF2 CFI reader: unhandled CFI instruction 0:18
--1142-- DWARF2 CFI reader: unhandled CFI instruction 0:18
--1142-- DWARF2 CFI reader: unhandled CFI instruction 0:18
--1142-- DWARF2 CFI reader: unhandled CFI instruction 0:18
--1142-- DWARF2 CFI reader: unhandled CFI instruction 0:18
--1142-- DWARF2 CFI reader: unhandled CFI instruction 0:18
--1142-- DWARF2 CFI reader: unhandled CFI instruction 0:18
--1142-- DWARF2 CFI reader: unhandled CFI instruction 0:18
--1142-- DWARF2 CFI reader: unhandled CFI instruction 0:18
--1142-- DWARF2 CFI reader: unhandled CFI instruction 0:18
--1142-- DWARF2 CFI reader: unhandled CFI instruction 0:18
--1142-- DWARF2 CFI reader: unhandled CFI instruction 0:18
--1142-- DWARF2 CFI reader: unhandled CFI instruction 0:18
--1142-- DWARF2 CFI reader: unhandled CFI instruction 0:18
--1142-- DWARF2 CFI reader: unhandled CFI instruction 0:18
--1142-- DWARF2 CFI reader: unhandled CFI instruction 0:18
--1142-- DWARF2 CFI reader: unhandled CFI instruction 0:18
--1142-- DWARF2 CFI reader: unhandled CFI instruction 0:18
--1142-- DWARF2 CFI reader: unhandled CFI instruction 0:18
--1142-- DWARF2 CFI reader: unhandled CFI instruction 0:18
--1142-- DWARF2 CFI reader: unhandled CFI instruction 0:18
--1142-- DWARF2 CFI reader: unhandled CFI instruction 0:18
--1142-- DWARF2 CFI reader: unhandled CFI instruction 0:18
--1142-- DWARF2 CFI reader: unhandled CFI instruction 0:18
--1142-- DWARF2 CFI reader: unhandled CFI instruction 0:18
--1142-- DWARF2 CFI reader: unhandled CFI instruction 0:18
--1142-- DWARF2 CFI reader: unhandled CFI instruction 0:18
--1142-- DWARF2 CFI reader: unhandled CFI instruction 0:18
--1142-- DWARF2 CFI reader: unhandled CFI instruction 0:18
--1142-- DWARF2 CFI reader: unhandled CFI instruction 0:18
--1142-- DWARF2 CFI reader: unhandled CFI instruction 0:18
--1142-- DWARF2 CFI reader: unhandled CFI instruction 0:18
--1142-- DWARF2 CFI reader: unhandled CFI instruction 0:18
--1142-- DWARF2 CFI reader: unhandled CFI instruction 0:18
--1142-- DWARF2 CFI reader: unhandled CFI instruction 0:18
--1142-- DWARF2 CFI reader: unhandled CFI instruction 0:18
--1142-- DWARF2 CFI reader: unhandled CFI instruction 0:18
--1142-- DWARF2 CFI reader: unhandled CFI instruction 0:18
--1142-- DWARF2 CFI reader: unhandled CFI instruction 0:18
--1142-- DWARF2 CFI reader: unhandled CFI instruction 0:18
--1142-- DWARF2 CFI reader: unhandled CFI instruction 0:18
--1142-- DWARF2 CFI reader: unhandled CFI instruction 0:18
--1142-- DWARF2 CFI reader: unhandled CFI instruction 0:18
--1142-- DWARF2 CFI reader: unhandled CFI instruction 0:18
--1142-- DWARF2 CFI reader: unhandled CFI instruction 0:18
--1142-- DWARF2 CFI reader: unhandled CFI instruction 0:18
--1142-- DWARF2 CFI reader: unhandled CFI instruction 0:18
--1142-- DWARF2 CFI reader: unhandled CFI instruction 0:18
--1142-- DWARF2 CFI reader: unhandled CFI instruction 0:18
--1142-- DWARF2 CFI reader: unhandled CFI instruction 0:18
--1142-- DWARF2 CFI reader: unhandled CFI instruction 0:18
--1142-- DWARF2 CFI reader: unhandled CFI instruction 0:18
--1142-- DWARF2 CFI reader: unhandled CFI instruction 0:18
==1142== 
==1142== Events    : Ir Dr Dw I1mr D1mr D1mw I2mr D2mr D2mw AcCost1 SpLoss1 AcCost2 SpLoss2
==1142== Collected : 47695710433 8473302381 5059579761 12662 12676 1366 1324 5973 1020 6903746 936392 1162475 221400
==1142== 
==1142== I   refs:      47,695,710,433
==1142== I1  misses:            12,662
==1142== L2i misses:             1,324
==1142== I1  miss rate:            0.0%
==1142== L2i miss rate:            0.0%
==1142== 
==1142== D   refs:      13,532,882,142  (8,473,302,381 rd + 5,059,579,761 wr)
==1142== D1  misses:            14,042  (       12,676 rd +         1,366 wr)
==1142== L2d misses:             6,993  (        5,973 rd +         1,020 wr)
==1142== D1  miss rate:            0.0% (          0.0%   +           0.0%  )
==1142== L2d miss rate:            0.0% (          0.0%   +           0.0%  )
==1142== 
==1142== L2 refs:               26,704  (       25,338 rd +         1,366 wr)
==1142== L2 misses:              8,317  (        7,297 rd +         1,020 wr)
==1142== L2 miss rate:             0.0% (          0.0%   +           0.0%  )
