==12836== Callgrind-0.10.1, a call-graph generating cache profiler.
==12836== Copyright (C) 2002-2005, and GNU GPL'd, by J.Weidendorfer et al.
==12836== Using LibVEX rev 1471, a library for dynamic binary translation.
==12836== Copyright (C) 2004-2005, and GNU GPL'd, by OpenWorks LLP.
==12836== Using valgrind-3.1.0, a dynamic binary instrumentation framework.
==12836== Copyright (C) 2000-2005, and GNU GPL'd, by Julian Seward et al.
==12836== For more details, rerun with: -v
==12836== 
--12836-- warning: write-back simulation can not be used with cache usage
==12836== 
==12836== For interactive control, run 'callgrind_control -h'.
--12836-- DWARF2 CFI reader: unhandled CFI instruction 0:18
--12836-- DWARF2 CFI reader: unhandled CFI instruction 0:18
--12836-- DWARF2 CFI reader: unhandled CFI instruction 0:18
--12836-- DWARF2 CFI reader: unhandled CFI instruction 0:18
--12836-- DWARF2 CFI reader: unhandled CFI instruction 0:18
--12836-- DWARF2 CFI reader: unhandled CFI instruction 0:18
--12836-- DWARF2 CFI reader: unhandled CFI instruction 0:18
--12836-- DWARF2 CFI reader: unhandled CFI instruction 0:18
--12836-- DWARF2 CFI reader: unhandled CFI instruction 0:18
--12836-- DWARF2 CFI reader: unhandled CFI instruction 0:18
--12836-- DWARF2 CFI reader: unhandled CFI instruction 0:18
--12836-- DWARF2 CFI reader: unhandled CFI instruction 0:18
--12836-- DWARF2 CFI reader: unhandled CFI instruction 0:18
--12836-- DWARF2 CFI reader: unhandled CFI instruction 0:18
--12836-- DWARF2 CFI reader: unhandled CFI instruction 0:18
--12836-- DWARF2 CFI reader: unhandled CFI instruction 0:18
--12836-- DWARF2 CFI reader: unhandled CFI instruction 0:18
--12836-- DWARF2 CFI reader: unhandled CFI instruction 0:18
--12836-- DWARF2 CFI reader: unhandled CFI instruction 0:18
--12836-- DWARF2 CFI reader: unhandled CFI instruction 0:18
--12836-- DWARF2 CFI reader: unhandled CFI instruction 0:18
--12836-- DWARF2 CFI reader: unhandled CFI instruction 0:18
--12836-- DWARF2 CFI reader: unhandled CFI instruction 0:18
--12836-- DWARF2 CFI reader: unhandled CFI instruction 0:18
--12836-- DWARF2 CFI reader: unhandled CFI instruction 0:18
--12836-- DWARF2 CFI reader: unhandled CFI instruction 0:18
--12836-- DWARF2 CFI reader: unhandled CFI instruction 0:18
--12836-- DWARF2 CFI reader: unhandled CFI instruction 0:18
--12836-- DWARF2 CFI reader: unhandled CFI instruction 0:18
--12836-- DWARF2 CFI reader: unhandled CFI instruction 0:18
--12836-- DWARF2 CFI reader: unhandled CFI instruction 0:18
--12836-- DWARF2 CFI reader: unhandled CFI instruction 0:18
--12836-- DWARF2 CFI reader: unhandled CFI instruction 0:18
--12836-- DWARF2 CFI reader: unhandled CFI instruction 0:18
--12836-- DWARF2 CFI reader: unhandled CFI instruction 0:18
--12836-- DWARF2 CFI reader: unhandled CFI instruction 0:18
--12836-- DWARF2 CFI reader: unhandled CFI instruction 0:18
--12836-- DWARF2 CFI reader: unhandled CFI instruction 0:18
--12836-- DWARF2 CFI reader: unhandled CFI instruction 0:18
--12836-- DWARF2 CFI reader: unhandled CFI instruction 0:18
--12836-- DWARF2 CFI reader: unhandled CFI instruction 0:18
--12836-- DWARF2 CFI reader: unhandled CFI instruction 0:18
--12836-- DWARF2 CFI reader: unhandled CFI instruction 0:18
--12836-- DWARF2 CFI reader: unhandled CFI instruction 0:18
--12836-- DWARF2 CFI reader: unhandled CFI instruction 0:18
--12836-- DWARF2 CFI reader: unhandled CFI instruction 0:18
--12836-- DWARF2 CFI reader: unhandled CFI instruction 0:18
--12836-- DWARF2 CFI reader: unhandled CFI instruction 0:18
--12836-- DWARF2 CFI reader: unhandled CFI instruction 0:18
--12836-- DWARF2 CFI reader: unhandled CFI instruction 0:18
--12836-- DWARF2 CFI reader: unhandled CFI instruction 0:18
--12836-- DWARF2 CFI reader: unhandled CFI instruction 0:18
--12836-- DWARF2 CFI reader: unhandled CFI instruction 0:18
--12836-- DWARF2 CFI reader: unhandled CFI instruction 0:18
--12836-- DWARF2 CFI reader: unhandled CFI instruction 0:18
--12836-- DWARF2 CFI reader: unhandled CFI instruction 0:18
--12836-- DWARF2 CFI reader: unhandled CFI instruction 0:18
--12836-- DWARF2 CFI reader: unhandled CFI instruction 0:18
--12836-- DWARF2 CFI reader: unhandled CFI instruction 0:18
--12836-- DWARF2 CFI reader: unhandled CFI instruction 0:18
--12836-- DWARF2 CFI reader: unhandled CFI instruction 0:18
--12836-- DWARF2 CFI reader: unhandled CFI instruction 0:18
--12836-- DWARF2 CFI reader: unhandled CFI instruction 0:18
--12836-- DWARF2 CFI reader: unhandled CFI instruction 0:18
--12836-- DWARF2 CFI reader: unhandled CFI instruction 0:18
--12836-- DWARF2 CFI reader: unhandled CFI instruction 0:18
--12836-- DWARF2 CFI reader: unhandled CFI instruction 0:18
--12836-- DWARF2 CFI reader: unhandled CFI instruction 0:18
--12836-- DWARF2 CFI reader: unhandled CFI instruction 0:18
--12836-- DWARF2 CFI reader: unhandled CFI instruction 0:18
--12836-- DWARF2 CFI reader: unhandled CFI instruction 0:18
--12836-- DWARF2 CFI reader: unhandled CFI instruction 0:18
--12836-- DWARF2 CFI reader: unhandled CFI instruction 0:18
--12836-- DWARF2 CFI reader: unhandled CFI instruction 0:18
--12836-- DWARF2 CFI reader: unhandled CFI instruction 0:18
--12836-- DWARF2 CFI reader: unhandled CFI instruction 0:18
--12836-- DWARF2 CFI reader: unhandled CFI instruction 0:18
--12836-- DWARF2 CFI reader: unhandled CFI instruction 0:18
--12836-- DWARF2 CFI reader: unhandled CFI instruction 0:18
--12836-- DWARF2 CFI reader: unhandled CFI instruction 0:18
--12836-- DWARF2 CFI reader: unhandled CFI instruction 0:18
--12836-- DWARF2 CFI reader: unhandled CFI instruction 0:18
--12836-- DWARF2 CFI reader: unhandled CFI instruction 0:18
--12836-- DWARF2 CFI reader: unhandled CFI instruction 0:18
--12836-- DWARF2 CFI reader: unhandled CFI instruction 0:18
--12836-- DWARF2 CFI reader: unhandled CFI instruction 0:18
--12836-- DWARF2 CFI reader: unhandled CFI instruction 0:18
--12836-- DWARF2 CFI reader: unhandled CFI instruction 0:18
--12836-- DWARF2 CFI reader: unhandled CFI instruction 0:18
--12836-- DWARF2 CFI reader: unhandled CFI instruction 0:18
--12836-- DWARF2 CFI reader: unhandled CFI instruction 0:18
--12836-- DWARF2 CFI reader: unhandled CFI instruction 0:18
--12836-- DWARF2 CFI reader: unhandled CFI instruction 0:18
--12836-- DWARF2 CFI reader: unhandled CFI instruction 0:18
--12836-- DWARF2 CFI reader: unhandled CFI instruction 0:18
--12836-- DWARF2 CFI reader: unhandled CFI instruction 0:18
--12836-- DWARF2 CFI reader: unhandled CFI instruction 0:18
--12836-- DWARF2 CFI reader: unhandled CFI instruction 0:18
--12836-- DWARF2 CFI reader: unhandled CFI instruction 0:18
--12836-- DWARF2 CFI reader: unhandled CFI instruction 0:18
--12836-- DWARF2 CFI reader: unhandled CFI instruction 0:18
--12836-- DWARF2 CFI reader: unhandled CFI instruction 0:18
--12836-- DWARF2 CFI reader: unhandled CFI instruction 0:18
--12836-- DWARF2 CFI reader: unhandled CFI instruction 0:18
--12836-- DWARF2 CFI reader: unhandled CFI instruction 0:18
--12836-- DWARF2 CFI reader: unhandled CFI instruction 0:18
--12836-- DWARF2 CFI reader: unhandled CFI instruction 0:18
--12836-- DWARF2 CFI reader: unhandled CFI instruction 0:18
--12836-- DWARF2 CFI reader: unhandled CFI instruction 0:18
--12836-- DWARF2 CFI reader: unhandled CFI instruction 0:18
--12836-- DWARF2 CFI reader: unhandled CFI instruction 0:18
--12836-- DWARF2 CFI reader: unhandled CFI instruction 0:18
--12836-- DWARF2 CFI reader: unhandled CFI instruction 0:18
--12836-- DWARF2 CFI reader: unhandled CFI instruction 0:18
--12836-- DWARF2 CFI reader: unhandled CFI instruction 0:18
--12836-- DWARF2 CFI reader: unhandled CFI instruction 0:18
--12836-- DWARF2 CFI reader: unhandled CFI instruction 0:18
--12836-- DWARF2 CFI reader: unhandled CFI instruction 0:18
--12836-- DWARF2 CFI reader: unhandled CFI instruction 0:18
--12836-- DWARF2 CFI reader: unhandled CFI instruction 0:18
--12836-- DWARF2 CFI reader: unhandled CFI instruction 0:18
--12836-- DWARF2 CFI reader: unhandled CFI instruction 0:18
--12836-- DWARF2 CFI reader: unhandled CFI instruction 0:18
--12836-- DWARF2 CFI reader: unhandled CFI instruction 0:18
--12836-- DWARF2 CFI reader: unhandled CFI instruction 0:18
--12836-- DWARF2 CFI reader: unhandled CFI instruction 0:18
--12836-- DWARF2 CFI reader: unhandled CFI instruction 0:18
--12836-- DWARF2 CFI reader: unhandled CFI instruction 0:18
--12836-- DWARF2 CFI reader: unhandled CFI instruction 0:18
--12836-- DWARF2 CFI reader: unhandled CFI instruction 0:18
--12836-- DWARF2 CFI reader: unhandled CFI instruction 0:18
--12836-- DWARF2 CFI reader: unhandled CFI instruction 0:18
--12836-- DWARF2 CFI reader: unhandled CFI instruction 0:18
--12836-- DWARF2 CFI reader: unhandled CFI instruction 0:18
--12836-- DWARF2 CFI reader: unhandled CFI instruction 0:18
--12836-- DWARF2 CFI reader: unhandled CFI instruction 0:18
--12836-- DWARF2 CFI reader: unhandled CFI instruction 0:18
--12836-- DWARF2 CFI reader: unhandled CFI instruction 0:18
--12836-- DWARF2 CFI reader: unhandled CFI instruction 0:18
--12836-- DWARF2 CFI reader: unhandled CFI instruction 0:18
--12836-- DWARF2 CFI reader: unhandled CFI instruction 0:18
--12836-- DWARF2 CFI reader: unhandled CFI instruction 0:18
--12836-- DWARF2 CFI reader: unhandled CFI instruction 0:18
--12836-- DWARF2 CFI reader: unhandled CFI instruction 0:18
--12836-- DWARF2 CFI reader: unhandled CFI instruction 0:18
--12836-- DWARF2 CFI reader: unhandled CFI instruction 0:18
--12836-- DWARF2 CFI reader: unhandled CFI instruction 0:18
--12836-- DWARF2 CFI reader: unhandled CFI instruction 0:18
--12836-- DWARF2 CFI reader: unhandled CFI instruction 0:18
--12836-- DWARF2 CFI reader: unhandled CFI instruction 0:18
--12836-- DWARF2 CFI reader: unhandled CFI instruction 0:18
--12836-- DWARF2 CFI reader: unhandled CFI instruction 0:18
--12836-- DWARF2 CFI reader: unhandled CFI instruction 0:18
--12836-- DWARF2 CFI reader: unhandled CFI instruction 0:18
--12836-- DWARF2 CFI reader: unhandled CFI instruction 0:18
--12836-- DWARF2 CFI reader: unhandled CFI instruction 0:18
--12836-- DWARF2 CFI reader: unhandled CFI instruction 0:18
--12836-- DWARF2 CFI reader: unhandled CFI instruction 0:18
--12836-- DWARF2 CFI reader: unhandled CFI instruction 0:18
--12836-- DWARF2 CFI reader: unhandled CFI instruction 0:18
--12836-- DWARF2 CFI reader: unhandled CFI instruction 0:18
--12836-- DWARF2 CFI reader: unhandled CFI instruction 0:18
--12836-- DWARF2 CFI reader: unhandled CFI instruction 0:18
--12836-- DWARF2 CFI reader: unhandled CFI instruction 0:18
--12836-- DWARF2 CFI reader: unhandled CFI instruction 0:18
--12836-- DWARF2 CFI reader: unhandled CFI instruction 0:18
--12836-- DWARF2 CFI reader: unhandled CFI instruction 0:18
--12836-- DWARF2 CFI reader: unhandled CFI instruction 0:18
--12836-- DWARF2 CFI reader: unhandled CFI instruction 0:18
--12836-- DWARF2 CFI reader: unhandled CFI instruction 0:18
--12836-- DWARF2 CFI reader: unhandled CFI instruction 0:18
--12836-- DWARF2 CFI reader: unhandled CFI instruction 0:18
--12836-- DWARF2 CFI reader: unhandled CFI instruction 0:18
--12836-- DWARF2 CFI reader: unhandled CFI instruction 0:18
--12836-- DWARF2 CFI reader: unhandled CFI instruction 0:18
--12836-- DWARF2 CFI reader: unhandled CFI instruction 0:18
--12836-- DWARF2 CFI reader: unhandled CFI instruction 0:18
--12836-- DWARF2 CFI reader: unhandled CFI instruction 0:18
--12836-- DWARF2 CFI reader: unhandled CFI instruction 0:18
--12836-- DWARF2 CFI reader: unhandled CFI instruction 0:18
--12836-- DWARF2 CFI reader: unhandled CFI instruction 0:18
--12836-- DWARF2 CFI reader: unhandled CFI instruction 0:18
--12836-- DWARF2 CFI reader: unhandled CFI instruction 0:18
--12836-- DWARF2 CFI reader: unhandled CFI instruction 0:18
--12836-- DWARF2 CFI reader: unhandled CFI instruction 0:18
--12836-- DWARF2 CFI reader: unhandled CFI instruction 0:18
--12836-- DWARF2 CFI reader: unhandled CFI instruction 0:18
--12836-- DWARF2 CFI reader: unhandled CFI instruction 0:18
--12836-- DWARF2 CFI reader: unhandled CFI instruction 0:18
--12836-- DWARF2 CFI reader: unhandled CFI instruction 0:18
--12836-- DWARF2 CFI reader: unhandled CFI instruction 0:18
--12836-- DWARF2 CFI reader: unhandled CFI instruction 0:18
--12836-- DWARF2 CFI reader: unhandled CFI instruction 0:18
--12836-- DWARF2 CFI reader: unhandled CFI instruction 0:18
--12836-- DWARF2 CFI reader: unhandled CFI instruction 0:18
--12836-- DWARF2 CFI reader: unhandled CFI instruction 0:18
--12836-- DWARF2 CFI reader: unhandled CFI instruction 0:18
--12836-- DWARF2 CFI reader: unhandled CFI instruction 0:18
--12836-- DWARF2 CFI reader: unhandled CFI instruction 0:18
--12836-- DWARF2 CFI reader: unhandled CFI instruction 0:18
--12836-- DWARF2 CFI reader: unhandled CFI instruction 0:18
--12836-- DWARF2 CFI reader: unhandled CFI instruction 0:18
--12836-- DWARF2 CFI reader: unhandled CFI instruction 0:18
--12836-- DWARF2 CFI reader: unhandled CFI instruction 0:18
--12836-- DWARF2 CFI reader: unhandled CFI instruction 0:18
--12836-- DWARF2 CFI reader: unhandled CFI instruction 0:18
--12836-- DWARF2 CFI reader: unhandled CFI instruction 0:18
--12836-- DWARF2 CFI reader: unhandled CFI instruction 0:18
--12836-- DWARF2 CFI reader: unhandled CFI instruction 0:18
--12836-- DWARF2 CFI reader: unhandled CFI instruction 0:18
--12836-- DWARF2 CFI reader: unhandled CFI instruction 0:18
--12836-- DWARF2 CFI reader: unhandled CFI instruction 0:18
--12836-- DWARF2 CFI reader: unhandled CFI instruction 0:18
--12836-- DWARF2 CFI reader: unhandled CFI instruction 0:18
--12836-- DWARF2 CFI reader: unhandled CFI instruction 0:18
--12836-- DWARF2 CFI reader: unhandled CFI instruction 0:18
--12836-- DWARF2 CFI reader: unhandled CFI instruction 0:18
--12836-- DWARF2 CFI reader: unhandled CFI instruction 0:18
--12836-- DWARF2 CFI reader: unhandled CFI instruction 0:18
--12836-- DWARF2 CFI reader: unhandled CFI instruction 0:18
--12836-- DWARF2 CFI reader: unhandled CFI instruction 0:18
--12836-- DWARF2 CFI reader: unhandled CFI instruction 0:18
--12836-- DWARF2 CFI reader: unhandled CFI instruction 0:18
--12836-- DWARF2 CFI reader: unhandled CFI instruction 0:18
--12836-- DWARF2 CFI reader: unhandled CFI instruction 0:18
--12836-- DWARF2 CFI reader: unhandled CFI instruction 0:18
--12836-- DWARF2 CFI reader: unhandled CFI instruction 0:18
--12836-- DWARF2 CFI reader: unhandled CFI instruction 0:18
--12836-- DWARF2 CFI reader: unhandled CFI instruction 0:18
--12836-- DWARF2 CFI reader: unhandled CFI instruction 0:18
--12836-- DWARF2 CFI reader: unhandled CFI instruction 0:18
--12836-- DWARF2 CFI reader: unhandled CFI instruction 0:18
--12836-- DWARF2 CFI reader: unhandled CFI instruction 0:18
--12836-- DWARF2 CFI reader: unhandled CFI instruction 0:18
--12836-- DWARF2 CFI reader: unhandled CFI instruction 0:18
--12836-- DWARF2 CFI reader: unhandled CFI instruction 0:18
--12836-- DWARF2 CFI reader: unhandled CFI instruction 0:18
--12836-- DWARF2 CFI reader: unhandled CFI instruction 0:18
--12836-- DWARF2 CFI reader: unhandled CFI instruction 0:18
--12836-- DWARF2 CFI reader: unhandled CFI instruction 0:18
--12836-- DWARF2 CFI reader: unhandled CFI instruction 0:18
--12836-- DWARF2 CFI reader: unhandled CFI instruction 0:18
--12836-- DWARF2 CFI reader: unhandled CFI instruction 0:18
--12836-- DWARF2 CFI reader: unhandled CFI instruction 0:18
--12836-- DWARF2 CFI reader: unhandled CFI instruction 0:18
--12836-- DWARF2 CFI reader: unhandled CFI instruction 0:18
--12836-- DWARF2 CFI reader: unhandled CFI instruction 0:18
--12836-- DWARF2 CFI reader: unhandled CFI instruction 0:18
--12836-- DWARF2 CFI reader: unhandled CFI instruction 0:18
--12836-- DWARF2 CFI reader: unhandled CFI instruction 0:18
--12836-- DWARF2 CFI reader: unhandled CFI instruction 0:18
--12836-- DWARF2 CFI reader: unhandled CFI instruction 0:18
--12836-- DWARF2 CFI reader: unhandled CFI instruction 0:18
--12836-- DWARF2 CFI reader: unhandled CFI instruction 0:18
--12836-- DWARF2 CFI reader: unhandled CFI instruction 0:18
--12836-- DWARF2 CFI reader: unhandled CFI instruction 0:18
--12836-- DWARF2 CFI reader: unhandled CFI instruction 0:18
--12836-- DWARF2 CFI reader: unhandled CFI instruction 0:18
--12836-- DWARF2 CFI reader: unhandled CFI instruction 0:18
--12836-- DWARF2 CFI reader: unhandled CFI instruction 0:18
--12836-- DWARF2 CFI reader: unhandled CFI instruction 0:18
--12836-- DWARF2 CFI reader: unhandled CFI instruction 0:18
--12836-- DWARF2 CFI reader: unhandled CFI instruction 0:18
--12836-- DWARF2 CFI reader: unhandled CFI instruction 0:18
--12836-- DWARF2 CFI reader: unhandled CFI instruction 0:18
--12836-- DWARF2 CFI reader: unhandled CFI instruction 0:18
--12836-- DWARF2 CFI reader: unhandled CFI instruction 0:18
--12836-- DWARF2 CFI reader: unhandled CFI instruction 0:18
--12836-- DWARF2 CFI reader: unhandled CFI instruction 0:18
--12836-- DWARF2 CFI reader: unhandled CFI instruction 0:18
--12836-- DWARF2 CFI reader: unhandled CFI instruction 0:18
--12836-- DWARF2 CFI reader: unhandled CFI instruction 0:18
--12836-- DWARF2 CFI reader: unhandled CFI instruction 0:18
--12836-- DWARF2 CFI reader: unhandled CFI instruction 0:18
--12836-- DWARF2 CFI reader: unhandled CFI instruction 0:18
--12836-- DWARF2 CFI reader: unhandled CFI instruction 0:18
--12836-- DWARF2 CFI reader: unhandled CFI instruction 0:18
--12836-- DWARF2 CFI reader: unhandled CFI instruction 0:18
--12836-- DWARF2 CFI reader: unhandled CFI instruction 0:18
--12836-- DWARF2 CFI reader: unhandled CFI instruction 0:18
--12836-- DWARF2 CFI reader: unhandled CFI instruction 0:18
--12836-- DWARF2 CFI reader: unhandled CFI instruction 0:18
--12836-- DWARF2 CFI reader: unhandled CFI instruction 0:18
--12836-- DWARF2 CFI reader: unhandled CFI instruction 0:18
--12836-- DWARF2 CFI reader: unhandled CFI instruction 0:18
--12836-- DWARF2 CFI reader: unhandled CFI instruction 0:18
--12836-- DWARF2 CFI reader: unhandled CFI instruction 0:18
--12836-- DWARF2 CFI reader: unhandled CFI instruction 0:18
--12836-- DWARF2 CFI reader: unhandled CFI instruction 0:18
--12836-- DWARF2 CFI reader: unhandled CFI instruction 0:18
--12836-- DWARF2 CFI reader: unhandled CFI instruction 0:18
--12836-- DWARF2 CFI reader: unhandled CFI instruction 0:18
--12836-- DWARF2 CFI reader: unhandled CFI instruction 0:18
--12836-- DWARF2 CFI reader: unhandled CFI instruction 0:18
--12836-- DWARF2 CFI reader: unhandled CFI instruction 0:18
--12836-- DWARF2 CFI reader: unhandled CFI instruction 0:18
--12836-- DWARF2 CFI reader: unhandled CFI instruction 0:18
--12836-- DWARF2 CFI reader: unhandled CFI instruction 0:18
--12836-- DWARF2 CFI reader: unhandled CFI instruction 0:18
--12836-- DWARF2 CFI reader: unhandled CFI instruction 0:18
--12836-- DWARF2 CFI reader: unhandled CFI instruction 0:18
--12836-- DWARF2 CFI reader: unhandled CFI instruction 0:18
--12836-- DWARF2 CFI reader: unhandled CFI instruction 0:18
--12836-- DWARF2 CFI reader: unhandled CFI instruction 0:18
--12836-- DWARF2 CFI reader: unhandled CFI instruction 0:18
--12836-- DWARF2 CFI reader: unhandled CFI instruction 0:18
--12836-- DWARF2 CFI reader: unhandled CFI instruction 0:18
--12836-- DWARF2 CFI reader: unhandled CFI instruction 0:18
--12836-- DWARF2 CFI reader: unhandled CFI instruction 0:18
--12836-- DWARF2 CFI reader: unhandled CFI instruction 0:18
--12836-- DWARF2 CFI reader: unhandled CFI instruction 0:18
--12836-- DWARF2 CFI reader: unhandled CFI instruction 0:18
--12836-- DWARF2 CFI reader: unhandled CFI instruction 0:18
--12836-- DWARF2 CFI reader: unhandled CFI instruction 0:18
--12836-- DWARF2 CFI reader: unhandled CFI instruction 0:18
--12836-- DWARF2 CFI reader: unhandled CFI instruction 0:18
--12836-- DWARF2 CFI reader: unhandled CFI instruction 0:18
--12836-- DWARF2 CFI reader: unhandled CFI instruction 0:18
--12836-- DWARF2 CFI reader: unhandled CFI instruction 0:18
--12836-- DWARF2 CFI reader: unhandled CFI instruction 0:18
--12836-- DWARF2 CFI reader: unhandled CFI instruction 0:18
--12836-- DWARF2 CFI reader: unhandled CFI instruction 0:18
--12836-- DWARF2 CFI reader: unhandled CFI instruction 0:18
--12836-- DWARF2 CFI reader: unhandled CFI instruction 0:18
--12836-- DWARF2 CFI reader: unhandled CFI instruction 0:18
--12836-- DWARF2 CFI reader: unhandled CFI instruction 0:18
--12836-- DWARF2 CFI reader: unhandled CFI instruction 0:18
--12836-- DWARF2 CFI reader: unhandled CFI instruction 0:18
--12836-- DWARF2 CFI reader: unhandled CFI instruction 0:18
--12836-- DWARF2 CFI reader: unhandled CFI instruction 0:18
--12836-- DWARF2 CFI reader: unhandled CFI instruction 0:18
--12836-- DWARF2 CFI reader: unhandled CFI instruction 0:18
--12836-- DWARF2 CFI reader: unhandled CFI instruction 0:18
--12836-- DWARF2 CFI reader: unhandled CFI instruction 0:18
--12836-- DWARF2 CFI reader: unhandled CFI instruction 0:18
--12836-- DWARF2 CFI reader: unhandled CFI instruction 0:18
--12836-- DWARF2 CFI reader: unhandled CFI instruction 0:18
--12836-- DWARF2 CFI reader: unhandled CFI instruction 0:18
--12836-- DWARF2 CFI reader: unhandled CFI instruction 0:18
--12836-- DWARF2 CFI reader: unhandled CFI instruction 0:18
--12836-- DWARF2 CFI reader: unhandled CFI instruction 0:18
--12836-- DWARF2 CFI reader: unhandled CFI instruction 0:18
--12836-- DWARF2 CFI reader: unhandled CFI instruction 0:18
--12836-- DWARF2 CFI reader: unhandled CFI instruction 0:18
--12836-- DWARF2 CFI reader: unhandled CFI instruction 0:18
--12836-- DWARF2 CFI reader: unhandled CFI instruction 0:18
--12836-- DWARF2 CFI reader: unhandled CFI instruction 0:18
--12836-- DWARF2 CFI reader: unhandled CFI instruction 0:18
--12836-- DWARF2 CFI reader: unhandled CFI instruction 0:18
--12836-- DWARF2 CFI reader: unhandled CFI instruction 0:18
--12836-- DWARF2 CFI reader: unhandled CFI instruction 0:18
--12836-- DWARF2 CFI reader: unhandled CFI instruction 0:18
--12836-- DWARF2 CFI reader: unhandled CFI instruction 0:18
--12836-- DWARF2 CFI reader: unhandled CFI instruction 0:18
--12836-- DWARF2 CFI reader: unhandled CFI instruction 0:18
--12836-- DWARF2 CFI reader: unhandled CFI instruction 0:18
--12836-- DWARF2 CFI reader: unhandled CFI instruction 0:18
--12836-- DWARF2 CFI reader: unhandled CFI instruction 0:18
--12836-- DWARF2 CFI reader: unhandled CFI instruction 0:18
--12836-- DWARF2 CFI reader: unhandled CFI instruction 0:18
--12836-- DWARF2 CFI reader: unhandled CFI instruction 0:18
--12836-- DWARF2 CFI reader: unhandled CFI instruction 0:18
--12836-- DWARF2 CFI reader: unhandled CFI instruction 0:18
--12836-- DWARF2 CFI reader: unhandled CFI instruction 0:18
--12836-- DWARF2 CFI reader: unhandled CFI instruction 0:18
--12836-- DWARF2 CFI reader: unhandled CFI instruction 0:18
--12836-- DWARF2 CFI reader: unhandled CFI instruction 0:18
--12836-- DWARF2 CFI reader: unhandled CFI instruction 0:18
--12836-- DWARF2 CFI reader: unhandled CFI instruction 0:18
--12836-- DWARF2 CFI reader: unhandled CFI instruction 0:18
--12836-- DWARF2 CFI reader: unhandled CFI instruction 0:18
--12836-- DWARF2 CFI reader: unhandled CFI instruction 0:18
--12836-- DWARF2 CFI reader: unhandled CFI instruction 0:18
--12836-- DWARF2 CFI reader: unhandled CFI instruction 0:18
--12836-- DWARF2 CFI reader: unhandled CFI instruction 0:18
--12836-- DWARF2 CFI reader: unhandled CFI instruction 0:18
--12836-- DWARF2 CFI reader: unhandled CFI instruction 0:18
--12836-- DWARF2 CFI reader: unhandled CFI instruction 0:18
--12836-- DWARF2 CFI reader: unhandled CFI instruction 0:18
--12836-- DWARF2 CFI reader: unhandled CFI instruction 0:18
--12836-- DWARF2 CFI reader: unhandled CFI instruction 0:18
--12836-- DWARF2 CFI reader: unhandled CFI instruction 0:18
--12836-- DWARF2 CFI reader: unhandled CFI instruction 0:18
--12836-- DWARF2 CFI reader: unhandled CFI instruction 0:18
--12836-- DWARF2 CFI reader: unhandled CFI instruction 0:18
--12836-- DWARF2 CFI reader: unhandled CFI instruction 0:18
--12836-- DWARF2 CFI reader: unhandled CFI instruction 0:18
--12836-- DWARF2 CFI reader: unhandled CFI instruction 0:18
--12836-- DWARF2 CFI reader: unhandled CFI instruction 0:18
--12836-- DWARF2 CFI reader: unhandled CFI instruction 0:18
--12836-- DWARF2 CFI reader: unhandled CFI instruction 0:18
--12836-- DWARF2 CFI reader: unhandled CFI instruction 0:18
--12836-- DWARF2 CFI reader: unhandled CFI instruction 0:18
--12836-- DWARF2 CFI reader: unhandled CFI instruction 0:18
--12836-- DWARF2 CFI reader: unhandled CFI instruction 0:18
--12836-- DWARF2 CFI reader: unhandled CFI instruction 0:18
--12836-- DWARF2 CFI reader: unhandled CFI instruction 0:18
--12836-- DWARF2 CFI reader: unhandled CFI instruction 0:18
--12836-- DWARF2 CFI reader: unhandled CFI instruction 0:18
--12836-- DWARF2 CFI reader: unhandled CFI instruction 0:18
--12836-- DWARF2 CFI reader: unhandled CFI instruction 0:18
--12836-- DWARF2 CFI reader: unhandled CFI instruction 0:18
--12836-- DWARF2 CFI reader: unhandled CFI instruction 0:18
--12836-- DWARF2 CFI reader: unhandled CFI instruction 0:18
--12836-- DWARF2 CFI reader: unhandled CFI instruction 0:18
--12836-- DWARF2 CFI reader: unhandled CFI instruction 0:18
--12836-- DWARF2 CFI reader: unhandled CFI instruction 0:18
--12836-- DWARF2 CFI reader: unhandled CFI instruction 0:18
--12836-- DWARF2 CFI reader: unhandled CFI instruction 0:18
--12836-- DWARF2 CFI reader: unhandled CFI instruction 0:18
--12836-- DWARF2 CFI reader: unhandled CFI instruction 0:18
--12836-- DWARF2 CFI reader: unhandled CFI instruction 0:18
--12836-- DWARF2 CFI reader: unhandled CFI instruction 0:18
--12836-- DWARF2 CFI reader: unhandled CFI instruction 0:18
--12836-- DWARF2 CFI reader: unhandled CFI instruction 0:18
--12836-- DWARF2 CFI reader: unhandled CFI instruction 0:18
--12836-- DWARF2 CFI reader: unhandled CFI instruction 0:18
--12836-- DWARF2 CFI reader: unhandled CFI instruction 0:18
--12836-- DWARF2 CFI reader: unhandled CFI instruction 0:18
--12836-- DWARF2 CFI reader: unhandled CFI instruction 0:18
--12836-- DWARF2 CFI reader: unhandled CFI instruction 0:18
--12836-- DWARF2 CFI reader: unhandled CFI instruction 0:18
--12836-- DWARF2 CFI reader: unhandled CFI instruction 0:18
--12836-- DWARF2 CFI reader: unhandled CFI instruction 0:18
--12836-- DWARF2 CFI reader: unhandled CFI instruction 0:18
--12836-- DWARF2 CFI reader: unhandled CFI instruction 0:18
--12836-- DWARF2 CFI reader: unhandled CFI instruction 0:18
--12836-- DWARF2 CFI reader: unhandled CFI instruction 0:18
--12836-- DWARF2 CFI reader: unhandled CFI instruction 0:18
--12836-- DWARF2 CFI reader: unhandled CFI instruction 0:18
--12836-- DWARF2 CFI reader: unhandled CFI instruction 0:18
--12836-- DWARF2 CFI reader: unhandled CFI instruction 0:18
--12836-- DWARF2 CFI reader: unhandled CFI instruction 0:18
--12836-- DWARF2 CFI reader: unhandled CFI instruction 0:18
--12836-- DWARF2 CFI reader: unhandled CFI instruction 0:18
--12836-- DWARF2 CFI reader: unhandled CFI instruction 0:18
--12836-- DWARF2 CFI reader: unhandled CFI instruction 0:18
--12836-- DWARF2 CFI reader: unhandled CFI instruction 0:18
--12836-- DWARF2 CFI reader: unhandled CFI instruction 0:18
--12836-- DWARF2 CFI reader: unhandled CFI instruction 0:18
--12836-- DWARF2 CFI reader: unhandled CFI instruction 0:18
--12836-- DWARF2 CFI reader: unhandled CFI instruction 0:18
--12836-- DWARF2 CFI reader: unhandled CFI instruction 0:18
--12836-- DWARF2 CFI reader: unhandled CFI instruction 0:18
--12836-- DWARF2 CFI reader: unhandled CFI instruction 0:18
--12836-- DWARF2 CFI reader: unhandled CFI instruction 0:18
--12836-- DWARF2 CFI reader: unhandled CFI instruction 0:18
--12836-- DWARF2 CFI reader: unhandled CFI instruction 0:18
--12836-- DWARF2 CFI reader: unhandled CFI instruction 0:18
--12836-- DWARF2 CFI reader: unhandled CFI instruction 0:18
--12836-- DWARF2 CFI reader: unhandled CFI instruction 0:18
--12836-- DWARF2 CFI reader: unhandled CFI instruction 0:18
--12836-- DWARF2 CFI reader: unhandled CFI instruction 0:18
--12836-- DWARF2 CFI reader: unhandled CFI instruction 0:18
--12836-- DWARF2 CFI reader: unhandled CFI instruction 0:18
--12836-- DWARF2 CFI reader: unhandled CFI instruction 0:18
--12836-- DWARF2 CFI reader: unhandled CFI instruction 0:18
--12836-- DWARF2 CFI reader: unhandled CFI instruction 0:18
--12836-- DWARF2 CFI reader: unhandled CFI instruction 0:18
--12836-- DWARF2 CFI reader: unhandled CFI instruction 0:18
--12836-- DWARF2 CFI reader: unhandled CFI instruction 0:18
--12836-- DWARF2 CFI reader: unhandled CFI instruction 0:18
--12836-- DWARF2 CFI reader: unhandled CFI instruction 0:18
--12836-- DWARF2 CFI reader: unhandled CFI instruction 0:18
--12836-- DWARF2 CFI reader: unhandled CFI instruction 0:18
--12836-- DWARF2 CFI reader: unhandled CFI instruction 0:18
--12836-- DWARF2 CFI reader: unhandled CFI instruction 0:18
--12836-- DWARF2 CFI reader: unhandled CFI instruction 0:18
--12836-- DWARF2 CFI reader: unhandled CFI instruction 0:18
--12836-- DWARF2 CFI reader: unhandled CFI instruction 0:18
--12836-- DWARF2 CFI reader: unhandled CFI instruction 0:18
--12836-- DWARF2 CFI reader: unhandled CFI instruction 0:18
--12836-- DWARF2 CFI reader: unhandled CFI instruction 0:18
--12836-- DWARF2 CFI reader: unhandled CFI instruction 0:18
--12836-- DWARF2 CFI reader: unhandled CFI instruction 0:18
--12836-- DWARF2 CFI reader: unhandled CFI instruction 0:18
--12836-- DWARF2 CFI reader: unhandled CFI instruction 0:18
--12836-- DWARF2 CFI reader: unhandled CFI instruction 0:18
--12836-- DWARF2 CFI reader: unhandled CFI instruction 0:18
--12836-- DWARF2 CFI reader: unhandled CFI instruction 0:18
--12836-- DWARF2 CFI reader: unhandled CFI instruction 0:18
--12836-- DWARF2 CFI reader: unhandled CFI instruction 0:18
--12836-- DWARF2 CFI reader: unhandled CFI instruction 0:18
--12836-- DWARF2 CFI reader: unhandled CFI instruction 0:18
--12836-- DWARF2 CFI reader: unhandled CFI instruction 0:18
--12836-- DWARF2 CFI reader: unhandled CFI instruction 0:18
--12836-- DWARF2 CFI reader: unhandled CFI instruction 0:18
--12836-- DWARF2 CFI reader: unhandled CFI instruction 0:18
--12836-- DWARF2 CFI reader: unhandled CFI instruction 0:18
--12836-- DWARF2 CFI reader: unhandled CFI instruction 0:18
--12836-- DWARF2 CFI reader: unhandled CFI instruction 0:18
--12836-- DWARF2 CFI reader: unhandled CFI instruction 0:18
--12836-- DWARF2 CFI reader: unhandled CFI instruction 0:18
--12836-- DWARF2 CFI reader: unhandled CFI instruction 0:18
--12836-- DWARF2 CFI reader: unhandled CFI instruction 0:18
--12836-- DWARF2 CFI reader: unhandled CFI instruction 0:18
--12836-- DWARF2 CFI reader: unhandled CFI instruction 0:18
--12836-- DWARF2 CFI reader: unhandled CFI instruction 0:18
--12836-- DWARF2 CFI reader: unhandled CFI instruction 0:18
--12836-- DWARF2 CFI reader: unhandled CFI instruction 0:18
--12836-- DWARF2 CFI reader: unhandled CFI instruction 0:18
--12836-- DWARF2 CFI reader: unhandled CFI instruction 0:18
--12836-- DWARF2 CFI reader: unhandled CFI instruction 0:18
--12836-- DWARF2 CFI reader: unhandled CFI instruction 0:18
--12836-- DWARF2 CFI reader: unhandled CFI instruction 0:18
--12836-- DWARF2 CFI reader: unhandled CFI instruction 0:18
--12836-- DWARF2 CFI reader: unhandled CFI instruction 0:18
--12836-- DWARF2 CFI reader: unhandled CFI instruction 0:18
--12836-- DWARF2 CFI reader: unhandled CFI instruction 0:18
--12836-- DWARF2 CFI reader: unhandled CFI instruction 0:18
--12836-- DWARF2 CFI reader: unhandled CFI instruction 0:18
--12836-- DWARF2 CFI reader: unhandled CFI instruction 0:18
--12836-- DWARF2 CFI reader: unhandled CFI instruction 0:18
--12836-- DWARF2 CFI reader: unhandled CFI instruction 0:18
--12836-- DWARF2 CFI reader: unhandled CFI instruction 0:18
--12836-- DWARF2 CFI reader: unhandled CFI instruction 0:18
--12836-- DWARF2 CFI reader: unhandled CFI instruction 0:18
--12836-- DWARF2 CFI reader: unhandled CFI instruction 0:18
--12836-- DWARF2 CFI reader: unhandled CFI instruction 0:18
--12836-- DWARF2 CFI reader: unhandled CFI instruction 0:18
--12836-- DWARF2 CFI reader: unhandled CFI instruction 0:18
--12836-- DWARF2 CFI reader: unhandled CFI instruction 0:18
--12836-- DWARF2 CFI reader: unhandled CFI instruction 0:18
--12836-- DWARF2 CFI reader: unhandled CFI instruction 0:18
--12836-- DWARF2 CFI reader: unhandled CFI instruction 0:18
--12836-- DWARF2 CFI reader: unhandled CFI instruction 0:18
--12836-- DWARF2 CFI reader: unhandled CFI instruction 0:18
--12836-- DWARF2 CFI reader: unhandled CFI instruction 0:18
--12836-- DWARF2 CFI reader: unhandled CFI instruction 0:18
--12836-- DWARF2 CFI reader: unhandled CFI instruction 0:18
--12836-- DWARF2 CFI reader: unhandled CFI instruction 0:18
--12836-- DWARF2 CFI reader: unhandled CFI instruction 0:18
--12836-- DWARF2 CFI reader: unhandled CFI instruction 0:18
--12836-- DWARF2 CFI reader: unhandled CFI instruction 0:18
--12836-- DWARF2 CFI reader: unhandled CFI instruction 0:18
--12836-- DWARF2 CFI reader: unhandled CFI instruction 0:18
--12836-- DWARF2 CFI reader: unhandled CFI instruction 0:18
--12836-- DWARF2 CFI reader: unhandled CFI instruction 0:18
--12836-- DWARF2 CFI reader: unhandled CFI instruction 0:18
--12836-- DWARF2 CFI reader: unhandled CFI instruction 0:18
--12836-- DWARF2 CFI reader: unhandled CFI instruction 0:18
--12836-- DWARF2 CFI reader: unhandled CFI instruction 0:18
--12836-- DWARF2 CFI reader: unhandled CFI instruction 0:18
--12836-- DWARF2 CFI reader: unhandled CFI instruction 0:18
--12836-- DWARF2 CFI reader: unhandled CFI instruction 0:18
--12836-- DWARF2 CFI reader: unhandled CFI instruction 0:18
--12836-- DWARF2 CFI reader: unhandled CFI instruction 0:18
--12836-- DWARF2 CFI reader: unhandled CFI instruction 0:18
--12836-- DWARF2 CFI reader: unhandled CFI instruction 0:18
--12836-- DWARF2 CFI reader: unhandled CFI instruction 0:18
--12836-- DWARF2 CFI reader: unhandled CFI instruction 0:18
--12836-- DWARF2 CFI reader: unhandled CFI instruction 0:18
--12836-- DWARF2 CFI reader: unhandled CFI instruction 0:18
--12836-- DWARF2 CFI reader: unhandled CFI instruction 0:18
--12836-- DWARF2 CFI reader: unhandled CFI instruction 0:18
--12836-- DWARF2 CFI reader: unhandled CFI instruction 0:18
--12836-- DWARF2 CFI reader: unhandled CFI instruction 0:18
--12836-- DWARF2 CFI reader: unhandled CFI instruction 0:18
--12836-- DWARF2 CFI reader: unhandled CFI instruction 0:18
--12836-- DWARF2 CFI reader: unhandled CFI instruction 0:18
--12836-- DWARF2 CFI reader: unhandled CFI instruction 0:18
--12836-- DWARF2 CFI reader: unhandled CFI instruction 0:18
--12836-- DWARF2 CFI reader: unhandled CFI instruction 0:18
==12836== 
==12836== Events    : Ir Dr Dw I1mr D1mr D1mw I2mr D2mr D2mw AcCost1 SpLoss1 AcCost2 SpLoss2
==12836== Collected : 274153074374 44838554003 27773259582 10521 12680 1386 1281 5978 1039 6893464 908326 1170961 221836
==12836== 
==12836== I   refs:      274,153,074,374
==12836== I1  misses:             10,521
==12836== L2i misses:              1,281
==12836== I1  miss rate:             0.0%
==12836== L2i miss rate:             0.0%
==12836== 
==12836== D   refs:       72,611,813,585  (44,838,554,003 rd + 27,773,259,582 wr)
==12836== D1  misses:             14,066  (        12,680 rd +          1,386 wr)
==12836== L2d misses:              7,017  (         5,978 rd +          1,039 wr)
==12836== D1  miss rate:             0.0% (           0.0%   +            0.0%  )
==12836== L2d miss rate:             0.0% (           0.0%   +            0.0%  )
==12836== 
==12836== L2 refs:                24,587  (        23,201 rd +          1,386 wr)
==12836== L2 misses:               8,298  (         7,259 rd +          1,039 wr)
==12836== L2 miss rate:              0.0% (           0.0%   +            0.0%  )
