==12866== Callgrind-0.10.1, a call-graph generating cache profiler.
==12866== Copyright (C) 2002-2005, and GNU GPL'd, by J.Weidendorfer et al.
==12866== Using LibVEX rev 1471, a library for dynamic binary translation.
==12866== Copyright (C) 2004-2005, and GNU GPL'd, by OpenWorks LLP.
==12866== Using valgrind-3.1.0, a dynamic binary instrumentation framework.
==12866== Copyright (C) 2000-2005, and GNU GPL'd, by Julian Seward et al.
==12866== For more details, rerun with: -v
==12866== 
--12866-- warning: write-back simulation can not be used with cache usage
==12866== 
==12866== For interactive control, run 'callgrind_control -h'.
--12866-- DWARF2 CFI reader: unhandled CFI instruction 0:18
--12866-- DWARF2 CFI reader: unhandled CFI instruction 0:18
--12866-- DWARF2 CFI reader: unhandled CFI instruction 0:18
--12866-- DWARF2 CFI reader: unhandled CFI instruction 0:18
--12866-- DWARF2 CFI reader: unhandled CFI instruction 0:18
--12866-- DWARF2 CFI reader: unhandled CFI instruction 0:18
--12866-- DWARF2 CFI reader: unhandled CFI instruction 0:18
--12866-- DWARF2 CFI reader: unhandled CFI instruction 0:18
--12866-- DWARF2 CFI reader: unhandled CFI instruction 0:18
--12866-- DWARF2 CFI reader: unhandled CFI instruction 0:18
--12866-- DWARF2 CFI reader: unhandled CFI instruction 0:18
--12866-- DWARF2 CFI reader: unhandled CFI instruction 0:18
--12866-- DWARF2 CFI reader: unhandled CFI instruction 0:18
--12866-- DWARF2 CFI reader: unhandled CFI instruction 0:18
--12866-- DWARF2 CFI reader: unhandled CFI instruction 0:18
--12866-- DWARF2 CFI reader: unhandled CFI instruction 0:18
--12866-- DWARF2 CFI reader: unhandled CFI instruction 0:18
--12866-- DWARF2 CFI reader: unhandled CFI instruction 0:18
--12866-- DWARF2 CFI reader: unhandled CFI instruction 0:18
--12866-- DWARF2 CFI reader: unhandled CFI instruction 0:18
--12866-- DWARF2 CFI reader: unhandled CFI instruction 0:18
--12866-- DWARF2 CFI reader: unhandled CFI instruction 0:18
--12866-- DWARF2 CFI reader: unhandled CFI instruction 0:18
--12866-- DWARF2 CFI reader: unhandled CFI instruction 0:18
--12866-- DWARF2 CFI reader: unhandled CFI instruction 0:18
--12866-- DWARF2 CFI reader: unhandled CFI instruction 0:18
--12866-- DWARF2 CFI reader: unhandled CFI instruction 0:18
--12866-- DWARF2 CFI reader: unhandled CFI instruction 0:18
--12866-- DWARF2 CFI reader: unhandled CFI instruction 0:18
--12866-- DWARF2 CFI reader: unhandled CFI instruction 0:18
--12866-- DWARF2 CFI reader: unhandled CFI instruction 0:18
--12866-- DWARF2 CFI reader: unhandled CFI instruction 0:18
--12866-- DWARF2 CFI reader: unhandled CFI instruction 0:18
--12866-- DWARF2 CFI reader: unhandled CFI instruction 0:18
--12866-- DWARF2 CFI reader: unhandled CFI instruction 0:18
--12866-- DWARF2 CFI reader: unhandled CFI instruction 0:18
--12866-- DWARF2 CFI reader: unhandled CFI instruction 0:18
--12866-- DWARF2 CFI reader: unhandled CFI instruction 0:18
--12866-- DWARF2 CFI reader: unhandled CFI instruction 0:18
--12866-- DWARF2 CFI reader: unhandled CFI instruction 0:18
--12866-- DWARF2 CFI reader: unhandled CFI instruction 0:18
--12866-- DWARF2 CFI reader: unhandled CFI instruction 0:18
--12866-- DWARF2 CFI reader: unhandled CFI instruction 0:18
--12866-- DWARF2 CFI reader: unhandled CFI instruction 0:18
--12866-- DWARF2 CFI reader: unhandled CFI instruction 0:18
--12866-- DWARF2 CFI reader: unhandled CFI instruction 0:18
--12866-- DWARF2 CFI reader: unhandled CFI instruction 0:18
--12866-- DWARF2 CFI reader: unhandled CFI instruction 0:18
--12866-- DWARF2 CFI reader: unhandled CFI instruction 0:18
--12866-- DWARF2 CFI reader: unhandled CFI instruction 0:18
--12866-- DWARF2 CFI reader: unhandled CFI instruction 0:18
--12866-- DWARF2 CFI reader: unhandled CFI instruction 0:18
--12866-- DWARF2 CFI reader: unhandled CFI instruction 0:18
--12866-- DWARF2 CFI reader: unhandled CFI instruction 0:18
--12866-- DWARF2 CFI reader: unhandled CFI instruction 0:18
--12866-- DWARF2 CFI reader: unhandled CFI instruction 0:18
--12866-- DWARF2 CFI reader: unhandled CFI instruction 0:18
--12866-- DWARF2 CFI reader: unhandled CFI instruction 0:18
--12866-- DWARF2 CFI reader: unhandled CFI instruction 0:18
--12866-- DWARF2 CFI reader: unhandled CFI instruction 0:18
--12866-- DWARF2 CFI reader: unhandled CFI instruction 0:18
--12866-- DWARF2 CFI reader: unhandled CFI instruction 0:18
--12866-- DWARF2 CFI reader: unhandled CFI instruction 0:18
--12866-- DWARF2 CFI reader: unhandled CFI instruction 0:18
--12866-- DWARF2 CFI reader: unhandled CFI instruction 0:18
--12866-- DWARF2 CFI reader: unhandled CFI instruction 0:18
--12866-- DWARF2 CFI reader: unhandled CFI instruction 0:18
--12866-- DWARF2 CFI reader: unhandled CFI instruction 0:18
--12866-- DWARF2 CFI reader: unhandled CFI instruction 0:18
--12866-- DWARF2 CFI reader: unhandled CFI instruction 0:18
--12866-- DWARF2 CFI reader: unhandled CFI instruction 0:18
--12866-- DWARF2 CFI reader: unhandled CFI instruction 0:18
--12866-- DWARF2 CFI reader: unhandled CFI instruction 0:18
--12866-- DWARF2 CFI reader: unhandled CFI instruction 0:18
--12866-- DWARF2 CFI reader: unhandled CFI instruction 0:18
--12866-- DWARF2 CFI reader: unhandled CFI instruction 0:18
--12866-- DWARF2 CFI reader: unhandled CFI instruction 0:18
--12866-- DWARF2 CFI reader: unhandled CFI instruction 0:18
--12866-- DWARF2 CFI reader: unhandled CFI instruction 0:18
--12866-- DWARF2 CFI reader: unhandled CFI instruction 0:18
--12866-- DWARF2 CFI reader: unhandled CFI instruction 0:18
--12866-- DWARF2 CFI reader: unhandled CFI instruction 0:18
--12866-- DWARF2 CFI reader: unhandled CFI instruction 0:18
--12866-- DWARF2 CFI reader: unhandled CFI instruction 0:18
--12866-- DWARF2 CFI reader: unhandled CFI instruction 0:18
--12866-- DWARF2 CFI reader: unhandled CFI instruction 0:18
--12866-- DWARF2 CFI reader: unhandled CFI instruction 0:18
--12866-- DWARF2 CFI reader: unhandled CFI instruction 0:18
--12866-- DWARF2 CFI reader: unhandled CFI instruction 0:18
--12866-- DWARF2 CFI reader: unhandled CFI instruction 0:18
--12866-- DWARF2 CFI reader: unhandled CFI instruction 0:18
--12866-- DWARF2 CFI reader: unhandled CFI instruction 0:18
--12866-- DWARF2 CFI reader: unhandled CFI instruction 0:18
--12866-- DWARF2 CFI reader: unhandled CFI instruction 0:18
--12866-- DWARF2 CFI reader: unhandled CFI instruction 0:18
--12866-- DWARF2 CFI reader: unhandled CFI instruction 0:18
--12866-- DWARF2 CFI reader: unhandled CFI instruction 0:18
--12866-- DWARF2 CFI reader: unhandled CFI instruction 0:18
--12866-- DWARF2 CFI reader: unhandled CFI instruction 0:18
--12866-- DWARF2 CFI reader: unhandled CFI instruction 0:18
--12866-- DWARF2 CFI reader: unhandled CFI instruction 0:18
--12866-- DWARF2 CFI reader: unhandled CFI instruction 0:18
--12866-- DWARF2 CFI reader: unhandled CFI instruction 0:18
--12866-- DWARF2 CFI reader: unhandled CFI instruction 0:18
--12866-- DWARF2 CFI reader: unhandled CFI instruction 0:18
--12866-- DWARF2 CFI reader: unhandled CFI instruction 0:18
--12866-- DWARF2 CFI reader: unhandled CFI instruction 0:18
--12866-- DWARF2 CFI reader: unhandled CFI instruction 0:18
--12866-- DWARF2 CFI reader: unhandled CFI instruction 0:18
--12866-- DWARF2 CFI reader: unhandled CFI instruction 0:18
--12866-- DWARF2 CFI reader: unhandled CFI instruction 0:18
--12866-- DWARF2 CFI reader: unhandled CFI instruction 0:18
--12866-- DWARF2 CFI reader: unhandled CFI instruction 0:18
--12866-- DWARF2 CFI reader: unhandled CFI instruction 0:18
--12866-- DWARF2 CFI reader: unhandled CFI instruction 0:18
--12866-- DWARF2 CFI reader: unhandled CFI instruction 0:18
--12866-- DWARF2 CFI reader: unhandled CFI instruction 0:18
--12866-- DWARF2 CFI reader: unhandled CFI instruction 0:18
--12866-- DWARF2 CFI reader: unhandled CFI instruction 0:18
--12866-- DWARF2 CFI reader: unhandled CFI instruction 0:18
--12866-- DWARF2 CFI reader: unhandled CFI instruction 0:18
--12866-- DWARF2 CFI reader: unhandled CFI instruction 0:18
--12866-- DWARF2 CFI reader: unhandled CFI instruction 0:18
--12866-- DWARF2 CFI reader: unhandled CFI instruction 0:18
--12866-- DWARF2 CFI reader: unhandled CFI instruction 0:18
--12866-- DWARF2 CFI reader: unhandled CFI instruction 0:18
--12866-- DWARF2 CFI reader: unhandled CFI instruction 0:18
--12866-- DWARF2 CFI reader: unhandled CFI instruction 0:18
--12866-- DWARF2 CFI reader: unhandled CFI instruction 0:18
--12866-- DWARF2 CFI reader: unhandled CFI instruction 0:18
--12866-- DWARF2 CFI reader: unhandled CFI instruction 0:18
--12866-- DWARF2 CFI reader: unhandled CFI instruction 0:18
--12866-- DWARF2 CFI reader: unhandled CFI instruction 0:18
--12866-- DWARF2 CFI reader: unhandled CFI instruction 0:18
--12866-- DWARF2 CFI reader: unhandled CFI instruction 0:18
--12866-- DWARF2 CFI reader: unhandled CFI instruction 0:18
--12866-- DWARF2 CFI reader: unhandled CFI instruction 0:18
--12866-- DWARF2 CFI reader: unhandled CFI instruction 0:18
--12866-- DWARF2 CFI reader: unhandled CFI instruction 0:18
--12866-- DWARF2 CFI reader: unhandled CFI instruction 0:18
--12866-- DWARF2 CFI reader: unhandled CFI instruction 0:18
--12866-- DWARF2 CFI reader: unhandled CFI instruction 0:18
--12866-- DWARF2 CFI reader: unhandled CFI instruction 0:18
--12866-- DWARF2 CFI reader: unhandled CFI instruction 0:18
--12866-- DWARF2 CFI reader: unhandled CFI instruction 0:18
--12866-- DWARF2 CFI reader: unhandled CFI instruction 0:18
--12866-- DWARF2 CFI reader: unhandled CFI instruction 0:18
--12866-- DWARF2 CFI reader: unhandled CFI instruction 0:18
--12866-- DWARF2 CFI reader: unhandled CFI instruction 0:18
--12866-- DWARF2 CFI reader: unhandled CFI instruction 0:18
--12866-- DWARF2 CFI reader: unhandled CFI instruction 0:18
--12866-- DWARF2 CFI reader: unhandled CFI instruction 0:18
--12866-- DWARF2 CFI reader: unhandled CFI instruction 0:18
--12866-- DWARF2 CFI reader: unhandled CFI instruction 0:18
--12866-- DWARF2 CFI reader: unhandled CFI instruction 0:18
--12866-- DWARF2 CFI reader: unhandled CFI instruction 0:18
--12866-- DWARF2 CFI reader: unhandled CFI instruction 0:18
--12866-- DWARF2 CFI reader: unhandled CFI instruction 0:18
--12866-- DWARF2 CFI reader: unhandled CFI instruction 0:18
--12866-- DWARF2 CFI reader: unhandled CFI instruction 0:18
--12866-- DWARF2 CFI reader: unhandled CFI instruction 0:18
--12866-- DWARF2 CFI reader: unhandled CFI instruction 0:18
--12866-- DWARF2 CFI reader: unhandled CFI instruction 0:18
--12866-- DWARF2 CFI reader: unhandled CFI instruction 0:18
--12866-- DWARF2 CFI reader: unhandled CFI instruction 0:18
--12866-- DWARF2 CFI reader: unhandled CFI instruction 0:18
--12866-- DWARF2 CFI reader: unhandled CFI instruction 0:18
--12866-- DWARF2 CFI reader: unhandled CFI instruction 0:18
--12866-- DWARF2 CFI reader: unhandled CFI instruction 0:18
--12866-- DWARF2 CFI reader: unhandled CFI instruction 0:18
--12866-- DWARF2 CFI reader: unhandled CFI instruction 0:18
--12866-- DWARF2 CFI reader: unhandled CFI instruction 0:18
--12866-- DWARF2 CFI reader: unhandled CFI instruction 0:18
--12866-- DWARF2 CFI reader: unhandled CFI instruction 0:18
--12866-- DWARF2 CFI reader: unhandled CFI instruction 0:18
--12866-- DWARF2 CFI reader: unhandled CFI instruction 0:18
--12866-- DWARF2 CFI reader: unhandled CFI instruction 0:18
--12866-- DWARF2 CFI reader: unhandled CFI instruction 0:18
--12866-- DWARF2 CFI reader: unhandled CFI instruction 0:18
--12866-- DWARF2 CFI reader: unhandled CFI instruction 0:18
--12866-- DWARF2 CFI reader: unhandled CFI instruction 0:18
--12866-- DWARF2 CFI reader: unhandled CFI instruction 0:18
--12866-- DWARF2 CFI reader: unhandled CFI instruction 0:18
--12866-- DWARF2 CFI reader: unhandled CFI instruction 0:18
--12866-- DWARF2 CFI reader: unhandled CFI instruction 0:18
--12866-- DWARF2 CFI reader: unhandled CFI instruction 0:18
--12866-- DWARF2 CFI reader: unhandled CFI instruction 0:18
--12866-- DWARF2 CFI reader: unhandled CFI instruction 0:18
--12866-- DWARF2 CFI reader: unhandled CFI instruction 0:18
--12866-- DWARF2 CFI reader: unhandled CFI instruction 0:18
--12866-- DWARF2 CFI reader: unhandled CFI instruction 0:18
--12866-- DWARF2 CFI reader: unhandled CFI instruction 0:18
--12866-- DWARF2 CFI reader: unhandled CFI instruction 0:18
--12866-- DWARF2 CFI reader: unhandled CFI instruction 0:18
--12866-- DWARF2 CFI reader: unhandled CFI instruction 0:18
--12866-- DWARF2 CFI reader: unhandled CFI instruction 0:18
--12866-- DWARF2 CFI reader: unhandled CFI instruction 0:18
--12866-- DWARF2 CFI reader: unhandled CFI instruction 0:18
--12866-- DWARF2 CFI reader: unhandled CFI instruction 0:18
--12866-- DWARF2 CFI reader: unhandled CFI instruction 0:18
--12866-- DWARF2 CFI reader: unhandled CFI instruction 0:18
--12866-- DWARF2 CFI reader: unhandled CFI instruction 0:18
--12866-- DWARF2 CFI reader: unhandled CFI instruction 0:18
--12866-- DWARF2 CFI reader: unhandled CFI instruction 0:18
--12866-- DWARF2 CFI reader: unhandled CFI instruction 0:18
--12866-- DWARF2 CFI reader: unhandled CFI instruction 0:18
--12866-- DWARF2 CFI reader: unhandled CFI instruction 0:18
--12866-- DWARF2 CFI reader: unhandled CFI instruction 0:18
--12866-- DWARF2 CFI reader: unhandled CFI instruction 0:18
--12866-- DWARF2 CFI reader: unhandled CFI instruction 0:18
--12866-- DWARF2 CFI reader: unhandled CFI instruction 0:18
--12866-- DWARF2 CFI reader: unhandled CFI instruction 0:18
--12866-- DWARF2 CFI reader: unhandled CFI instruction 0:18
--12866-- DWARF2 CFI reader: unhandled CFI instruction 0:18
--12866-- DWARF2 CFI reader: unhandled CFI instruction 0:18
--12866-- DWARF2 CFI reader: unhandled CFI instruction 0:18
--12866-- DWARF2 CFI reader: unhandled CFI instruction 0:18
--12866-- DWARF2 CFI reader: unhandled CFI instruction 0:18
--12866-- DWARF2 CFI reader: unhandled CFI instruction 0:18
--12866-- DWARF2 CFI reader: unhandled CFI instruction 0:18
--12866-- DWARF2 CFI reader: unhandled CFI instruction 0:18
--12866-- DWARF2 CFI reader: unhandled CFI instruction 0:18
--12866-- DWARF2 CFI reader: unhandled CFI instruction 0:18
--12866-- DWARF2 CFI reader: unhandled CFI instruction 0:18
--12866-- DWARF2 CFI reader: unhandled CFI instruction 0:18
--12866-- DWARF2 CFI reader: unhandled CFI instruction 0:18
--12866-- DWARF2 CFI reader: unhandled CFI instruction 0:18
--12866-- DWARF2 CFI reader: unhandled CFI instruction 0:18
--12866-- DWARF2 CFI reader: unhandled CFI instruction 0:18
--12866-- DWARF2 CFI reader: unhandled CFI instruction 0:18
--12866-- DWARF2 CFI reader: unhandled CFI instruction 0:18
--12866-- DWARF2 CFI reader: unhandled CFI instruction 0:18
--12866-- DWARF2 CFI reader: unhandled CFI instruction 0:18
--12866-- DWARF2 CFI reader: unhandled CFI instruction 0:18
--12866-- DWARF2 CFI reader: unhandled CFI instruction 0:18
--12866-- DWARF2 CFI reader: unhandled CFI instruction 0:18
--12866-- DWARF2 CFI reader: unhandled CFI instruction 0:18
--12866-- DWARF2 CFI reader: unhandled CFI instruction 0:18
--12866-- DWARF2 CFI reader: unhandled CFI instruction 0:18
--12866-- DWARF2 CFI reader: unhandled CFI instruction 0:18
--12866-- DWARF2 CFI reader: unhandled CFI instruction 0:18
--12866-- DWARF2 CFI reader: unhandled CFI instruction 0:18
--12866-- DWARF2 CFI reader: unhandled CFI instruction 0:18
--12866-- DWARF2 CFI reader: unhandled CFI instruction 0:18
--12866-- DWARF2 CFI reader: unhandled CFI instruction 0:18
--12866-- DWARF2 CFI reader: unhandled CFI instruction 0:18
--12866-- DWARF2 CFI reader: unhandled CFI instruction 0:18
--12866-- DWARF2 CFI reader: unhandled CFI instruction 0:18
--12866-- DWARF2 CFI reader: unhandled CFI instruction 0:18
--12866-- DWARF2 CFI reader: unhandled CFI instruction 0:18
--12866-- DWARF2 CFI reader: unhandled CFI instruction 0:18
--12866-- DWARF2 CFI reader: unhandled CFI instruction 0:18
--12866-- DWARF2 CFI reader: unhandled CFI instruction 0:18
--12866-- DWARF2 CFI reader: unhandled CFI instruction 0:18
--12866-- DWARF2 CFI reader: unhandled CFI instruction 0:18
--12866-- DWARF2 CFI reader: unhandled CFI instruction 0:18
--12866-- DWARF2 CFI reader: unhandled CFI instruction 0:18
--12866-- DWARF2 CFI reader: unhandled CFI instruction 0:18
--12866-- DWARF2 CFI reader: unhandled CFI instruction 0:18
--12866-- DWARF2 CFI reader: unhandled CFI instruction 0:18
--12866-- DWARF2 CFI reader: unhandled CFI instruction 0:18
--12866-- DWARF2 CFI reader: unhandled CFI instruction 0:18
--12866-- DWARF2 CFI reader: unhandled CFI instruction 0:18
--12866-- DWARF2 CFI reader: unhandled CFI instruction 0:18
--12866-- DWARF2 CFI reader: unhandled CFI instruction 0:18
--12866-- DWARF2 CFI reader: unhandled CFI instruction 0:18
--12866-- DWARF2 CFI reader: unhandled CFI instruction 0:18
--12866-- DWARF2 CFI reader: unhandled CFI instruction 0:18
--12866-- DWARF2 CFI reader: unhandled CFI instruction 0:18
--12866-- DWARF2 CFI reader: unhandled CFI instruction 0:18
--12866-- DWARF2 CFI reader: unhandled CFI instruction 0:18
--12866-- DWARF2 CFI reader: unhandled CFI instruction 0:18
--12866-- DWARF2 CFI reader: unhandled CFI instruction 0:18
--12866-- DWARF2 CFI reader: unhandled CFI instruction 0:18
--12866-- DWARF2 CFI reader: unhandled CFI instruction 0:18
--12866-- DWARF2 CFI reader: unhandled CFI instruction 0:18
--12866-- DWARF2 CFI reader: unhandled CFI instruction 0:18
--12866-- DWARF2 CFI reader: unhandled CFI instruction 0:18
--12866-- DWARF2 CFI reader: unhandled CFI instruction 0:18
--12866-- DWARF2 CFI reader: unhandled CFI instruction 0:18
--12866-- DWARF2 CFI reader: unhandled CFI instruction 0:18
--12866-- DWARF2 CFI reader: unhandled CFI instruction 0:18
--12866-- DWARF2 CFI reader: unhandled CFI instruction 0:18
--12866-- DWARF2 CFI reader: unhandled CFI instruction 0:18
--12866-- DWARF2 CFI reader: unhandled CFI instruction 0:18
--12866-- DWARF2 CFI reader: unhandled CFI instruction 0:18
--12866-- DWARF2 CFI reader: unhandled CFI instruction 0:18
--12866-- DWARF2 CFI reader: unhandled CFI instruction 0:18
--12866-- DWARF2 CFI reader: unhandled CFI instruction 0:18
--12866-- DWARF2 CFI reader: unhandled CFI instruction 0:18
--12866-- DWARF2 CFI reader: unhandled CFI instruction 0:18
--12866-- DWARF2 CFI reader: unhandled CFI instruction 0:18
--12866-- DWARF2 CFI reader: unhandled CFI instruction 0:18
--12866-- DWARF2 CFI reader: unhandled CFI instruction 0:18
--12866-- DWARF2 CFI reader: unhandled CFI instruction 0:18
--12866-- DWARF2 CFI reader: unhandled CFI instruction 0:18
--12866-- DWARF2 CFI reader: unhandled CFI instruction 0:18
--12866-- DWARF2 CFI reader: unhandled CFI instruction 0:18
--12866-- DWARF2 CFI reader: unhandled CFI instruction 0:18
--12866-- DWARF2 CFI reader: unhandled CFI instruction 0:18
--12866-- DWARF2 CFI reader: unhandled CFI instruction 0:18
--12866-- DWARF2 CFI reader: unhandled CFI instruction 0:18
--12866-- DWARF2 CFI reader: unhandled CFI instruction 0:18
--12866-- DWARF2 CFI reader: unhandled CFI instruction 0:18
--12866-- DWARF2 CFI reader: unhandled CFI instruction 0:18
--12866-- DWARF2 CFI reader: unhandled CFI instruction 0:18
--12866-- DWARF2 CFI reader: unhandled CFI instruction 0:18
--12866-- DWARF2 CFI reader: unhandled CFI instruction 0:18
--12866-- DWARF2 CFI reader: unhandled CFI instruction 0:18
--12866-- DWARF2 CFI reader: unhandled CFI instruction 0:18
--12866-- DWARF2 CFI reader: unhandled CFI instruction 0:18
--12866-- DWARF2 CFI reader: unhandled CFI instruction 0:18
--12866-- DWARF2 CFI reader: unhandled CFI instruction 0:18
--12866-- DWARF2 CFI reader: unhandled CFI instruction 0:18
--12866-- DWARF2 CFI reader: unhandled CFI instruction 0:18
--12866-- DWARF2 CFI reader: unhandled CFI instruction 0:18
--12866-- DWARF2 CFI reader: unhandled CFI instruction 0:18
--12866-- DWARF2 CFI reader: unhandled CFI instruction 0:18
--12866-- DWARF2 CFI reader: unhandled CFI instruction 0:18
--12866-- DWARF2 CFI reader: unhandled CFI instruction 0:18
--12866-- DWARF2 CFI reader: unhandled CFI instruction 0:18
--12866-- DWARF2 CFI reader: unhandled CFI instruction 0:18
--12866-- DWARF2 CFI reader: unhandled CFI instruction 0:18
--12866-- DWARF2 CFI reader: unhandled CFI instruction 0:18
--12866-- DWARF2 CFI reader: unhandled CFI instruction 0:18
--12866-- DWARF2 CFI reader: unhandled CFI instruction 0:18
--12866-- DWARF2 CFI reader: unhandled CFI instruction 0:18
--12866-- DWARF2 CFI reader: unhandled CFI instruction 0:18
--12866-- DWARF2 CFI reader: unhandled CFI instruction 0:18
--12866-- DWARF2 CFI reader: unhandled CFI instruction 0:18
--12866-- DWARF2 CFI reader: unhandled CFI instruction 0:18
--12866-- DWARF2 CFI reader: unhandled CFI instruction 0:18
--12866-- DWARF2 CFI reader: unhandled CFI instruction 0:18
--12866-- DWARF2 CFI reader: unhandled CFI instruction 0:18
--12866-- DWARF2 CFI reader: unhandled CFI instruction 0:18
--12866-- DWARF2 CFI reader: unhandled CFI instruction 0:18
--12866-- DWARF2 CFI reader: unhandled CFI instruction 0:18
--12866-- DWARF2 CFI reader: unhandled CFI instruction 0:18
--12866-- DWARF2 CFI reader: unhandled CFI instruction 0:18
--12866-- DWARF2 CFI reader: unhandled CFI instruction 0:18
--12866-- DWARF2 CFI reader: unhandled CFI instruction 0:18
--12866-- DWARF2 CFI reader: unhandled CFI instruction 0:18
--12866-- DWARF2 CFI reader: unhandled CFI instruction 0:18
--12866-- DWARF2 CFI reader: unhandled CFI instruction 0:18
--12866-- DWARF2 CFI reader: unhandled CFI instruction 0:18
--12866-- DWARF2 CFI reader: unhandled CFI instruction 0:18
--12866-- DWARF2 CFI reader: unhandled CFI instruction 0:18
--12866-- DWARF2 CFI reader: unhandled CFI instruction 0:18
--12866-- DWARF2 CFI reader: unhandled CFI instruction 0:18
--12866-- DWARF2 CFI reader: unhandled CFI instruction 0:18
--12866-- DWARF2 CFI reader: unhandled CFI instruction 0:18
--12866-- DWARF2 CFI reader: unhandled CFI instruction 0:18
--12866-- DWARF2 CFI reader: unhandled CFI instruction 0:18
--12866-- DWARF2 CFI reader: unhandled CFI instruction 0:18
--12866-- DWARF2 CFI reader: unhandled CFI instruction 0:18
--12866-- DWARF2 CFI reader: unhandled CFI instruction 0:18
--12866-- DWARF2 CFI reader: unhandled CFI instruction 0:18
--12866-- DWARF2 CFI reader: unhandled CFI instruction 0:18
--12866-- DWARF2 CFI reader: unhandled CFI instruction 0:18
--12866-- DWARF2 CFI reader: unhandled CFI instruction 0:18
--12866-- DWARF2 CFI reader: unhandled CFI instruction 0:18
--12866-- DWARF2 CFI reader: unhandled CFI instruction 0:18
--12866-- DWARF2 CFI reader: unhandled CFI instruction 0:18
--12866-- DWARF2 CFI reader: unhandled CFI instruction 0:18
--12866-- DWARF2 CFI reader: unhandled CFI instruction 0:18
--12866-- DWARF2 CFI reader: unhandled CFI instruction 0:18
--12866-- DWARF2 CFI reader: unhandled CFI instruction 0:18
--12866-- DWARF2 CFI reader: unhandled CFI instruction 0:18
--12866-- DWARF2 CFI reader: unhandled CFI instruction 0:18
--12866-- DWARF2 CFI reader: unhandled CFI instruction 0:18
--12866-- DWARF2 CFI reader: unhandled CFI instruction 0:18
--12866-- DWARF2 CFI reader: unhandled CFI instruction 0:18
--12866-- DWARF2 CFI reader: unhandled CFI instruction 0:18
--12866-- DWARF2 CFI reader: unhandled CFI instruction 0:18
--12866-- DWARF2 CFI reader: unhandled CFI instruction 0:18
--12866-- DWARF2 CFI reader: unhandled CFI instruction 0:18
--12866-- DWARF2 CFI reader: unhandled CFI instruction 0:18
--12866-- DWARF2 CFI reader: unhandled CFI instruction 0:18
--12866-- DWARF2 CFI reader: unhandled CFI instruction 0:18
--12866-- DWARF2 CFI reader: unhandled CFI instruction 0:18
--12866-- DWARF2 CFI reader: unhandled CFI instruction 0:18
--12866-- DWARF2 CFI reader: unhandled CFI instruction 0:18
--12866-- DWARF2 CFI reader: unhandled CFI instruction 0:18
--12866-- DWARF2 CFI reader: unhandled CFI instruction 0:18
--12866-- DWARF2 CFI reader: unhandled CFI instruction 0:18
--12866-- DWARF2 CFI reader: unhandled CFI instruction 0:18
--12866-- DWARF2 CFI reader: unhandled CFI instruction 0:18
--12866-- DWARF2 CFI reader: unhandled CFI instruction 0:18
--12866-- DWARF2 CFI reader: unhandled CFI instruction 0:18
--12866-- DWARF2 CFI reader: unhandled CFI instruction 0:18
--12866-- DWARF2 CFI reader: unhandled CFI instruction 0:18
--12866-- DWARF2 CFI reader: unhandled CFI instruction 0:18
--12866-- DWARF2 CFI reader: unhandled CFI instruction 0:18
--12866-- DWARF2 CFI reader: unhandled CFI instruction 0:18
--12866-- DWARF2 CFI reader: unhandled CFI instruction 0:18
--12866-- DWARF2 CFI reader: unhandled CFI instruction 0:18
--12866-- DWARF2 CFI reader: unhandled CFI instruction 0:18
--12866-- DWARF2 CFI reader: unhandled CFI instruction 0:18
--12866-- DWARF2 CFI reader: unhandled CFI instruction 0:18
--12866-- DWARF2 CFI reader: unhandled CFI instruction 0:18
--12866-- DWARF2 CFI reader: unhandled CFI instruction 0:18
--12866-- DWARF2 CFI reader: unhandled CFI instruction 0:18
--12866-- DWARF2 CFI reader: unhandled CFI instruction 0:18
--12866-- DWARF2 CFI reader: unhandled CFI instruction 0:18
--12866-- DWARF2 CFI reader: unhandled CFI instruction 0:18
--12866-- DWARF2 CFI reader: unhandled CFI instruction 0:18
--12866-- DWARF2 CFI reader: unhandled CFI instruction 0:18
--12866-- DWARF2 CFI reader: unhandled CFI instruction 0:18
--12866-- DWARF2 CFI reader: unhandled CFI instruction 0:18
--12866-- DWARF2 CFI reader: unhandled CFI instruction 0:18
--12866-- DWARF2 CFI reader: unhandled CFI instruction 0:18
--12866-- DWARF2 CFI reader: unhandled CFI instruction 0:18
--12866-- DWARF2 CFI reader: unhandled CFI instruction 0:18
--12866-- DWARF2 CFI reader: unhandled CFI instruction 0:18
--12866-- DWARF2 CFI reader: unhandled CFI instruction 0:18
--12866-- DWARF2 CFI reader: unhandled CFI instruction 0:18
--12866-- DWARF2 CFI reader: unhandled CFI instruction 0:18
--12866-- DWARF2 CFI reader: unhandled CFI instruction 0:18
--12866-- DWARF2 CFI reader: unhandled CFI instruction 0:18
--12866-- DWARF2 CFI reader: unhandled CFI instruction 0:18
--12866-- DWARF2 CFI reader: unhandled CFI instruction 0:18
--12866-- DWARF2 CFI reader: unhandled CFI instruction 0:18
--12866-- DWARF2 CFI reader: unhandled CFI instruction 0:18
--12866-- DWARF2 CFI reader: unhandled CFI instruction 0:18
--12866-- DWARF2 CFI reader: unhandled CFI instruction 0:18
--12866-- DWARF2 CFI reader: unhandled CFI instruction 0:18
--12866-- DWARF2 CFI reader: unhandled CFI instruction 0:18
--12866-- DWARF2 CFI reader: unhandled CFI instruction 0:18
--12866-- DWARF2 CFI reader: unhandled CFI instruction 0:18
--12866-- DWARF2 CFI reader: unhandled CFI instruction 0:18
--12866-- DWARF2 CFI reader: unhandled CFI instruction 0:18
--12866-- DWARF2 CFI reader: unhandled CFI instruction 0:18
--12866-- DWARF2 CFI reader: unhandled CFI instruction 0:18
--12866-- DWARF2 CFI reader: unhandled CFI instruction 0:18
--12866-- DWARF2 CFI reader: unhandled CFI instruction 0:18
--12866-- DWARF2 CFI reader: unhandled CFI instruction 0:18
--12866-- DWARF2 CFI reader: unhandled CFI instruction 0:18
--12866-- DWARF2 CFI reader: unhandled CFI instruction 0:18
--12866-- DWARF2 CFI reader: unhandled CFI instruction 0:18
--12866-- DWARF2 CFI reader: unhandled CFI instruction 0:18
--12866-- DWARF2 CFI reader: unhandled CFI instruction 0:18
--12866-- DWARF2 CFI reader: unhandled CFI instruction 0:18
--12866-- DWARF2 CFI reader: unhandled CFI instruction 0:18
--12866-- DWARF2 CFI reader: unhandled CFI instruction 0:18
--12866-- DWARF2 CFI reader: unhandled CFI instruction 0:18
--12866-- DWARF2 CFI reader: unhandled CFI instruction 0:18
--12866-- DWARF2 CFI reader: unhandled CFI instruction 0:18
--12866-- DWARF2 CFI reader: unhandled CFI instruction 0:18
--12866-- DWARF2 CFI reader: unhandled CFI instruction 0:18
--12866-- DWARF2 CFI reader: unhandled CFI instruction 0:18
--12866-- DWARF2 CFI reader: unhandled CFI instruction 0:18
--12866-- DWARF2 CFI reader: unhandled CFI instruction 0:18
--12866-- DWARF2 CFI reader: unhandled CFI instruction 0:18
--12866-- DWARF2 CFI reader: unhandled CFI instruction 0:18
--12866-- DWARF2 CFI reader: unhandled CFI instruction 0:18
--12866-- DWARF2 CFI reader: unhandled CFI instruction 0:18
--12866-- DWARF2 CFI reader: unhandled CFI instruction 0:18
--12866-- DWARF2 CFI reader: unhandled CFI instruction 0:18
--12866-- DWARF2 CFI reader: unhandled CFI instruction 0:18
--12866-- DWARF2 CFI reader: unhandled CFI instruction 0:18
--12866-- DWARF2 CFI reader: unhandled CFI instruction 0:18
--12866-- DWARF2 CFI reader: unhandled CFI instruction 0:18
--12866-- DWARF2 CFI reader: unhandled CFI instruction 0:18
--12866-- DWARF2 CFI reader: unhandled CFI instruction 0:18
--12866-- DWARF2 CFI reader: unhandled CFI instruction 0:18
--12866-- DWARF2 CFI reader: unhandled CFI instruction 0:18
--12866-- DWARF2 CFI reader: unhandled CFI instruction 0:18
--12866-- DWARF2 CFI reader: unhandled CFI instruction 0:18
--12866-- DWARF2 CFI reader: unhandled CFI instruction 0:18
--12866-- DWARF2 CFI reader: unhandled CFI instruction 0:18
--12866-- DWARF2 CFI reader: unhandled CFI instruction 0:18
--12866-- DWARF2 CFI reader: unhandled CFI instruction 0:18
--12866-- DWARF2 CFI reader: unhandled CFI instruction 0:18
--12866-- DWARF2 CFI reader: unhandled CFI instruction 0:18
--12866-- DWARF2 CFI reader: unhandled CFI instruction 0:18
--12866-- DWARF2 CFI reader: unhandled CFI instruction 0:18
--12866-- DWARF2 CFI reader: unhandled CFI instruction 0:18
--12866-- DWARF2 CFI reader: unhandled CFI instruction 0:18
--12866-- DWARF2 CFI reader: unhandled CFI instruction 0:18
--12866-- DWARF2 CFI reader: unhandled CFI instruction 0:18
--12866-- DWARF2 CFI reader: unhandled CFI instruction 0:18
--12866-- DWARF2 CFI reader: unhandled CFI instruction 0:18
--12866-- DWARF2 CFI reader: unhandled CFI instruction 0:18
--12866-- DWARF2 CFI reader: unhandled CFI instruction 0:18
--12866-- DWARF2 CFI reader: unhandled CFI instruction 0:18
--12866-- DWARF2 CFI reader: unhandled CFI instruction 0:18
--12866-- DWARF2 CFI reader: unhandled CFI instruction 0:18
--12866-- DWARF2 CFI reader: unhandled CFI instruction 0:18
--12866-- DWARF2 CFI reader: unhandled CFI instruction 0:18
--12866-- DWARF2 CFI reader: unhandled CFI instruction 0:18
--12866-- DWARF2 CFI reader: unhandled CFI instruction 0:18
--12866-- DWARF2 CFI reader: unhandled CFI instruction 0:18
--12866-- DWARF2 CFI reader: unhandled CFI instruction 0:18
--12866-- DWARF2 CFI reader: unhandled CFI instruction 0:18
--12866-- DWARF2 CFI reader: unhandled CFI instruction 0:18
--12866-- DWARF2 CFI reader: unhandled CFI instruction 0:18
--12866-- DWARF2 CFI reader: unhandled CFI instruction 0:18
--12866-- DWARF2 CFI reader: unhandled CFI instruction 0:18
--12866-- DWARF2 CFI reader: unhandled CFI instruction 0:18
--12866-- DWARF2 CFI reader: unhandled CFI instruction 0:18
--12866-- DWARF2 CFI reader: unhandled CFI instruction 0:18
--12866-- DWARF2 CFI reader: unhandled CFI instruction 0:18
--12866-- DWARF2 CFI reader: unhandled CFI instruction 0:18
--12866-- DWARF2 CFI reader: unhandled CFI instruction 0:18
--12866-- DWARF2 CFI reader: unhandled CFI instruction 0:18
--12866-- DWARF2 CFI reader: unhandled CFI instruction 0:18
--12866-- DWARF2 CFI reader: unhandled CFI instruction 0:18
--12866-- DWARF2 CFI reader: unhandled CFI instruction 0:18
--12866-- DWARF2 CFI reader: unhandled CFI instruction 0:18
--12866-- DWARF2 CFI reader: unhandled CFI instruction 0:18
--12866-- DWARF2 CFI reader: unhandled CFI instruction 0:18
--12866-- DWARF2 CFI reader: unhandled CFI instruction 0:18
--12866-- DWARF2 CFI reader: unhandled CFI instruction 0:18
--12866-- DWARF2 CFI reader: unhandled CFI instruction 0:18
--12866-- DWARF2 CFI reader: unhandled CFI instruction 0:18
--12866-- DWARF2 CFI reader: unhandled CFI instruction 0:18
--12866-- DWARF2 CFI reader: unhandled CFI instruction 0:18
--12866-- DWARF2 CFI reader: unhandled CFI instruction 0:18
--12866-- DWARF2 CFI reader: unhandled CFI instruction 0:18
--12866-- DWARF2 CFI reader: unhandled CFI instruction 0:18
--12866-- DWARF2 CFI reader: unhandled CFI instruction 0:18
--12866-- DWARF2 CFI reader: unhandled CFI instruction 0:18
--12866-- DWARF2 CFI reader: unhandled CFI instruction 0:18
--12866-- DWARF2 CFI reader: unhandled CFI instruction 0:18
--12866-- DWARF2 CFI reader: unhandled CFI instruction 0:18
--12866-- DWARF2 CFI reader: unhandled CFI instruction 0:18
--12866-- DWARF2 CFI reader: unhandled CFI instruction 0:18
--12866-- DWARF2 CFI reader: unhandled CFI instruction 0:18
--12866-- DWARF2 CFI reader: unhandled CFI instruction 0:18
--12866-- DWARF2 CFI reader: unhandled CFI instruction 0:18
--12866-- DWARF2 CFI reader: unhandled CFI instruction 0:18
--12866-- DWARF2 CFI reader: unhandled CFI instruction 0:18
--12866-- DWARF2 CFI reader: unhandled CFI instruction 0:18
--12866-- DWARF2 CFI reader: unhandled CFI instruction 0:18
--12866-- DWARF2 CFI reader: unhandled CFI instruction 0:18
--12866-- DWARF2 CFI reader: unhandled CFI instruction 0:18
--12866-- DWARF2 CFI reader: unhandled CFI instruction 0:18
--12866-- DWARF2 CFI reader: unhandled CFI instruction 0:18
--12866-- DWARF2 CFI reader: unhandled CFI instruction 0:18
--12866-- DWARF2 CFI reader: unhandled CFI instruction 0:18
--12866-- DWARF2 CFI reader: unhandled CFI instruction 0:18
--12866-- DWARF2 CFI reader: unhandled CFI instruction 0:18
--12866-- DWARF2 CFI reader: unhandled CFI instruction 0:18
--12866-- DWARF2 CFI reader: unhandled CFI instruction 0:18
--12866-- DWARF2 CFI reader: unhandled CFI instruction 0:18
--12866-- DWARF2 CFI reader: unhandled CFI instruction 0:18
--12866-- DWARF2 CFI reader: unhandled CFI instruction 0:18
--12866-- DWARF2 CFI reader: unhandled CFI instruction 0:18
--12866-- DWARF2 CFI reader: unhandled CFI instruction 0:18
--12866-- DWARF2 CFI reader: unhandled CFI instruction 0:18
--12866-- DWARF2 CFI reader: unhandled CFI instruction 0:18
--12866-- DWARF2 CFI reader: unhandled CFI instruction 0:18
--12866-- DWARF2 CFI reader: unhandled CFI instruction 0:18
--12866-- DWARF2 CFI reader: unhandled CFI instruction 0:18
--12866-- DWARF2 CFI reader: unhandled CFI instruction 0:18
--12866-- DWARF2 CFI reader: unhandled CFI instruction 0:18
--12866-- DWARF2 CFI reader: unhandled CFI instruction 0:18
--12866-- DWARF2 CFI reader: unhandled CFI instruction 0:18
--12866-- DWARF2 CFI reader: unhandled CFI instruction 0:18
--12866-- DWARF2 CFI reader: unhandled CFI instruction 0:18
--12866-- DWARF2 CFI reader: unhandled CFI instruction 0:18
--12866-- DWARF2 CFI reader: unhandled CFI instruction 0:18
--12866-- DWARF2 CFI reader: unhandled CFI instruction 0:18
==12866== 
==12866== Events    : Ir Dr Dw I1mr D1mr D1mw I2mr D2mr D2mw AcCost1 SpLoss1 AcCost2 SpLoss2
==12866== Collected : 8030554014 1310034165 807162305 10186 12673 1361 1282 5972 1021 6842444 900694 1165534 221496
==12866== 
==12866== I   refs:      8,030,554,014
==12866== I1  misses:           10,186
==12866== L2i misses:            1,282
==12866== I1  miss rate:           0.0%
==12866== L2i miss rate:           0.0%
==12866== 
==12866== D   refs:      2,117,196,470  (1,310,034,165 rd + 807,162,305 wr)
==12866== D1  misses:           14,034  (       12,673 rd +       1,361 wr)
==12866== L2d misses:            6,993  (        5,972 rd +       1,021 wr)
==12866== D1  miss rate:           0.0% (          0.0%   +         0.0%  )
==12866== L2d miss rate:           0.0% (          0.0%   +         0.0%  )
==12866== 
==12866== L2 refs:              24,220  (       22,859 rd +       1,361 wr)
==12866== L2 misses:             8,275  (        7,254 rd +       1,021 wr)
==12866== L2 miss rate:            0.0% (          0.0%   +         0.0%  )
