==12838== Callgrind-0.10.1, a call-graph generating cache profiler.
==12838== Copyright (C) 2002-2005, and GNU GPL'd, by J.Weidendorfer et al.
==12838== Using LibVEX rev 1471, a library for dynamic binary translation.
==12838== Copyright (C) 2004-2005, and GNU GPL'd, by OpenWorks LLP.
==12838== Using valgrind-3.1.0, a dynamic binary instrumentation framework.
==12838== Copyright (C) 2000-2005, and GNU GPL'd, by Julian Seward et al.
==12838== For more details, rerun with: -v
==12838== 
--12838-- warning: write-back simulation can not be used with cache usage
==12838== 
==12838== For interactive control, run 'callgrind_control -h'.
--12838-- DWARF2 CFI reader: unhandled CFI instruction 0:18
--12838-- DWARF2 CFI reader: unhandled CFI instruction 0:18
--12838-- DWARF2 CFI reader: unhandled CFI instruction 0:18
--12838-- DWARF2 CFI reader: unhandled CFI instruction 0:18
--12838-- DWARF2 CFI reader: unhandled CFI instruction 0:18
--12838-- DWARF2 CFI reader: unhandled CFI instruction 0:18
--12838-- DWARF2 CFI reader: unhandled CFI instruction 0:18
--12838-- DWARF2 CFI reader: unhandled CFI instruction 0:18
--12838-- DWARF2 CFI reader: unhandled CFI instruction 0:18
--12838-- DWARF2 CFI reader: unhandled CFI instruction 0:18
--12838-- DWARF2 CFI reader: unhandled CFI instruction 0:18
--12838-- DWARF2 CFI reader: unhandled CFI instruction 0:18
--12838-- DWARF2 CFI reader: unhandled CFI instruction 0:18
--12838-- DWARF2 CFI reader: unhandled CFI instruction 0:18
--12838-- DWARF2 CFI reader: unhandled CFI instruction 0:18
--12838-- DWARF2 CFI reader: unhandled CFI instruction 0:18
--12838-- DWARF2 CFI reader: unhandled CFI instruction 0:18
--12838-- DWARF2 CFI reader: unhandled CFI instruction 0:18
--12838-- DWARF2 CFI reader: unhandled CFI instruction 0:18
--12838-- DWARF2 CFI reader: unhandled CFI instruction 0:18
--12838-- DWARF2 CFI reader: unhandled CFI instruction 0:18
--12838-- DWARF2 CFI reader: unhandled CFI instruction 0:18
--12838-- DWARF2 CFI reader: unhandled CFI instruction 0:18
--12838-- DWARF2 CFI reader: unhandled CFI instruction 0:18
--12838-- DWARF2 CFI reader: unhandled CFI instruction 0:18
--12838-- DWARF2 CFI reader: unhandled CFI instruction 0:18
--12838-- DWARF2 CFI reader: unhandled CFI instruction 0:18
--12838-- DWARF2 CFI reader: unhandled CFI instruction 0:18
--12838-- DWARF2 CFI reader: unhandled CFI instruction 0:18
--12838-- DWARF2 CFI reader: unhandled CFI instruction 0:18
--12838-- DWARF2 CFI reader: unhandled CFI instruction 0:18
--12838-- DWARF2 CFI reader: unhandled CFI instruction 0:18
--12838-- DWARF2 CFI reader: unhandled CFI instruction 0:18
--12838-- DWARF2 CFI reader: unhandled CFI instruction 0:18
--12838-- DWARF2 CFI reader: unhandled CFI instruction 0:18
--12838-- DWARF2 CFI reader: unhandled CFI instruction 0:18
--12838-- DWARF2 CFI reader: unhandled CFI instruction 0:18
--12838-- DWARF2 CFI reader: unhandled CFI instruction 0:18
--12838-- DWARF2 CFI reader: unhandled CFI instruction 0:18
--12838-- DWARF2 CFI reader: unhandled CFI instruction 0:18
--12838-- DWARF2 CFI reader: unhandled CFI instruction 0:18
--12838-- DWARF2 CFI reader: unhandled CFI instruction 0:18
--12838-- DWARF2 CFI reader: unhandled CFI instruction 0:18
--12838-- DWARF2 CFI reader: unhandled CFI instruction 0:18
--12838-- DWARF2 CFI reader: unhandled CFI instruction 0:18
--12838-- DWARF2 CFI reader: unhandled CFI instruction 0:18
--12838-- DWARF2 CFI reader: unhandled CFI instruction 0:18
--12838-- DWARF2 CFI reader: unhandled CFI instruction 0:18
--12838-- DWARF2 CFI reader: unhandled CFI instruction 0:18
--12838-- DWARF2 CFI reader: unhandled CFI instruction 0:18
--12838-- DWARF2 CFI reader: unhandled CFI instruction 0:18
--12838-- DWARF2 CFI reader: unhandled CFI instruction 0:18
--12838-- DWARF2 CFI reader: unhandled CFI instruction 0:18
--12838-- DWARF2 CFI reader: unhandled CFI instruction 0:18
--12838-- DWARF2 CFI reader: unhandled CFI instruction 0:18
--12838-- DWARF2 CFI reader: unhandled CFI instruction 0:18
--12838-- DWARF2 CFI reader: unhandled CFI instruction 0:18
--12838-- DWARF2 CFI reader: unhandled CFI instruction 0:18
--12838-- DWARF2 CFI reader: unhandled CFI instruction 0:18
--12838-- DWARF2 CFI reader: unhandled CFI instruction 0:18
--12838-- DWARF2 CFI reader: unhandled CFI instruction 0:18
--12838-- DWARF2 CFI reader: unhandled CFI instruction 0:18
--12838-- DWARF2 CFI reader: unhandled CFI instruction 0:18
--12838-- DWARF2 CFI reader: unhandled CFI instruction 0:18
--12838-- DWARF2 CFI reader: unhandled CFI instruction 0:18
--12838-- DWARF2 CFI reader: unhandled CFI instruction 0:18
--12838-- DWARF2 CFI reader: unhandled CFI instruction 0:18
--12838-- DWARF2 CFI reader: unhandled CFI instruction 0:18
--12838-- DWARF2 CFI reader: unhandled CFI instruction 0:18
--12838-- DWARF2 CFI reader: unhandled CFI instruction 0:18
--12838-- DWARF2 CFI reader: unhandled CFI instruction 0:18
--12838-- DWARF2 CFI reader: unhandled CFI instruction 0:18
--12838-- DWARF2 CFI reader: unhandled CFI instruction 0:18
--12838-- DWARF2 CFI reader: unhandled CFI instruction 0:18
--12838-- DWARF2 CFI reader: unhandled CFI instruction 0:18
--12838-- DWARF2 CFI reader: unhandled CFI instruction 0:18
--12838-- DWARF2 CFI reader: unhandled CFI instruction 0:18
--12838-- DWARF2 CFI reader: unhandled CFI instruction 0:18
--12838-- DWARF2 CFI reader: unhandled CFI instruction 0:18
--12838-- DWARF2 CFI reader: unhandled CFI instruction 0:18
--12838-- DWARF2 CFI reader: unhandled CFI instruction 0:18
--12838-- DWARF2 CFI reader: unhandled CFI instruction 0:18
--12838-- DWARF2 CFI reader: unhandled CFI instruction 0:18
--12838-- DWARF2 CFI reader: unhandled CFI instruction 0:18
--12838-- DWARF2 CFI reader: unhandled CFI instruction 0:18
--12838-- DWARF2 CFI reader: unhandled CFI instruction 0:18
--12838-- DWARF2 CFI reader: unhandled CFI instruction 0:18
--12838-- DWARF2 CFI reader: unhandled CFI instruction 0:18
--12838-- DWARF2 CFI reader: unhandled CFI instruction 0:18
--12838-- DWARF2 CFI reader: unhandled CFI instruction 0:18
--12838-- DWARF2 CFI reader: unhandled CFI instruction 0:18
--12838-- DWARF2 CFI reader: unhandled CFI instruction 0:18
--12838-- DWARF2 CFI reader: unhandled CFI instruction 0:18
--12838-- DWARF2 CFI reader: unhandled CFI instruction 0:18
--12838-- DWARF2 CFI reader: unhandled CFI instruction 0:18
--12838-- DWARF2 CFI reader: unhandled CFI instruction 0:18
--12838-- DWARF2 CFI reader: unhandled CFI instruction 0:18
--12838-- DWARF2 CFI reader: unhandled CFI instruction 0:18
--12838-- DWARF2 CFI reader: unhandled CFI instruction 0:18
--12838-- DWARF2 CFI reader: unhandled CFI instruction 0:18
--12838-- DWARF2 CFI reader: unhandled CFI instruction 0:18
--12838-- DWARF2 CFI reader: unhandled CFI instruction 0:18
--12838-- DWARF2 CFI reader: unhandled CFI instruction 0:18
--12838-- DWARF2 CFI reader: unhandled CFI instruction 0:18
--12838-- DWARF2 CFI reader: unhandled CFI instruction 0:18
--12838-- DWARF2 CFI reader: unhandled CFI instruction 0:18
--12838-- DWARF2 CFI reader: unhandled CFI instruction 0:18
--12838-- DWARF2 CFI reader: unhandled CFI instruction 0:18
--12838-- DWARF2 CFI reader: unhandled CFI instruction 0:18
--12838-- DWARF2 CFI reader: unhandled CFI instruction 0:18
--12838-- DWARF2 CFI reader: unhandled CFI instruction 0:18
--12838-- DWARF2 CFI reader: unhandled CFI instruction 0:18
--12838-- DWARF2 CFI reader: unhandled CFI instruction 0:18
--12838-- DWARF2 CFI reader: unhandled CFI instruction 0:18
--12838-- DWARF2 CFI reader: unhandled CFI instruction 0:18
--12838-- DWARF2 CFI reader: unhandled CFI instruction 0:18
--12838-- DWARF2 CFI reader: unhandled CFI instruction 0:18
--12838-- DWARF2 CFI reader: unhandled CFI instruction 0:18
--12838-- DWARF2 CFI reader: unhandled CFI instruction 0:18
--12838-- DWARF2 CFI reader: unhandled CFI instruction 0:18
--12838-- DWARF2 CFI reader: unhandled CFI instruction 0:18
--12838-- DWARF2 CFI reader: unhandled CFI instruction 0:18
--12838-- DWARF2 CFI reader: unhandled CFI instruction 0:18
--12838-- DWARF2 CFI reader: unhandled CFI instruction 0:18
--12838-- DWARF2 CFI reader: unhandled CFI instruction 0:18
--12838-- DWARF2 CFI reader: unhandled CFI instruction 0:18
--12838-- DWARF2 CFI reader: unhandled CFI instruction 0:18
--12838-- DWARF2 CFI reader: unhandled CFI instruction 0:18
--12838-- DWARF2 CFI reader: unhandled CFI instruction 0:18
--12838-- DWARF2 CFI reader: unhandled CFI instruction 0:18
--12838-- DWARF2 CFI reader: unhandled CFI instruction 0:18
--12838-- DWARF2 CFI reader: unhandled CFI instruction 0:18
--12838-- DWARF2 CFI reader: unhandled CFI instruction 0:18
--12838-- DWARF2 CFI reader: unhandled CFI instruction 0:18
--12838-- DWARF2 CFI reader: unhandled CFI instruction 0:18
--12838-- DWARF2 CFI reader: unhandled CFI instruction 0:18
--12838-- DWARF2 CFI reader: unhandled CFI instruction 0:18
--12838-- DWARF2 CFI reader: unhandled CFI instruction 0:18
--12838-- DWARF2 CFI reader: unhandled CFI instruction 0:18
--12838-- DWARF2 CFI reader: unhandled CFI instruction 0:18
--12838-- DWARF2 CFI reader: unhandled CFI instruction 0:18
--12838-- DWARF2 CFI reader: unhandled CFI instruction 0:18
--12838-- DWARF2 CFI reader: unhandled CFI instruction 0:18
--12838-- DWARF2 CFI reader: unhandled CFI instruction 0:18
--12838-- DWARF2 CFI reader: unhandled CFI instruction 0:18
--12838-- DWARF2 CFI reader: unhandled CFI instruction 0:18
--12838-- DWARF2 CFI reader: unhandled CFI instruction 0:18
--12838-- DWARF2 CFI reader: unhandled CFI instruction 0:18
--12838-- DWARF2 CFI reader: unhandled CFI instruction 0:18
--12838-- DWARF2 CFI reader: unhandled CFI instruction 0:18
--12838-- DWARF2 CFI reader: unhandled CFI instruction 0:18
--12838-- DWARF2 CFI reader: unhandled CFI instruction 0:18
--12838-- DWARF2 CFI reader: unhandled CFI instruction 0:18
--12838-- DWARF2 CFI reader: unhandled CFI instruction 0:18
--12838-- DWARF2 CFI reader: unhandled CFI instruction 0:18
--12838-- DWARF2 CFI reader: unhandled CFI instruction 0:18
--12838-- DWARF2 CFI reader: unhandled CFI instruction 0:18
--12838-- DWARF2 CFI reader: unhandled CFI instruction 0:18
--12838-- DWARF2 CFI reader: unhandled CFI instruction 0:18
--12838-- DWARF2 CFI reader: unhandled CFI instruction 0:18
--12838-- DWARF2 CFI reader: unhandled CFI instruction 0:18
--12838-- DWARF2 CFI reader: unhandled CFI instruction 0:18
--12838-- DWARF2 CFI reader: unhandled CFI instruction 0:18
--12838-- DWARF2 CFI reader: unhandled CFI instruction 0:18
--12838-- DWARF2 CFI reader: unhandled CFI instruction 0:18
--12838-- DWARF2 CFI reader: unhandled CFI instruction 0:18
--12838-- DWARF2 CFI reader: unhandled CFI instruction 0:18
--12838-- DWARF2 CFI reader: unhandled CFI instruction 0:18
--12838-- DWARF2 CFI reader: unhandled CFI instruction 0:18
--12838-- DWARF2 CFI reader: unhandled CFI instruction 0:18
--12838-- DWARF2 CFI reader: unhandled CFI instruction 0:18
--12838-- DWARF2 CFI reader: unhandled CFI instruction 0:18
--12838-- DWARF2 CFI reader: unhandled CFI instruction 0:18
--12838-- DWARF2 CFI reader: unhandled CFI instruction 0:18
--12838-- DWARF2 CFI reader: unhandled CFI instruction 0:18
--12838-- DWARF2 CFI reader: unhandled CFI instruction 0:18
--12838-- DWARF2 CFI reader: unhandled CFI instruction 0:18
--12838-- DWARF2 CFI reader: unhandled CFI instruction 0:18
--12838-- DWARF2 CFI reader: unhandled CFI instruction 0:18
--12838-- DWARF2 CFI reader: unhandled CFI instruction 0:18
--12838-- DWARF2 CFI reader: unhandled CFI instruction 0:18
--12838-- DWARF2 CFI reader: unhandled CFI instruction 0:18
--12838-- DWARF2 CFI reader: unhandled CFI instruction 0:18
--12838-- DWARF2 CFI reader: unhandled CFI instruction 0:18
--12838-- DWARF2 CFI reader: unhandled CFI instruction 0:18
--12838-- DWARF2 CFI reader: unhandled CFI instruction 0:18
--12838-- DWARF2 CFI reader: unhandled CFI instruction 0:18
--12838-- DWARF2 CFI reader: unhandled CFI instruction 0:18
--12838-- DWARF2 CFI reader: unhandled CFI instruction 0:18
--12838-- DWARF2 CFI reader: unhandled CFI instruction 0:18
--12838-- DWARF2 CFI reader: unhandled CFI instruction 0:18
--12838-- DWARF2 CFI reader: unhandled CFI instruction 0:18
--12838-- DWARF2 CFI reader: unhandled CFI instruction 0:18
--12838-- DWARF2 CFI reader: unhandled CFI instruction 0:18
--12838-- DWARF2 CFI reader: unhandled CFI instruction 0:18
--12838-- DWARF2 CFI reader: unhandled CFI instruction 0:18
--12838-- DWARF2 CFI reader: unhandled CFI instruction 0:18
--12838-- DWARF2 CFI reader: unhandled CFI instruction 0:18
--12838-- DWARF2 CFI reader: unhandled CFI instruction 0:18
--12838-- DWARF2 CFI reader: unhandled CFI instruction 0:18
--12838-- DWARF2 CFI reader: unhandled CFI instruction 0:18
--12838-- DWARF2 CFI reader: unhandled CFI instruction 0:18
--12838-- DWARF2 CFI reader: unhandled CFI instruction 0:18
--12838-- DWARF2 CFI reader: unhandled CFI instruction 0:18
--12838-- DWARF2 CFI reader: unhandled CFI instruction 0:18
--12838-- DWARF2 CFI reader: unhandled CFI instruction 0:18
--12838-- DWARF2 CFI reader: unhandled CFI instruction 0:18
--12838-- DWARF2 CFI reader: unhandled CFI instruction 0:18
--12838-- DWARF2 CFI reader: unhandled CFI instruction 0:18
--12838-- DWARF2 CFI reader: unhandled CFI instruction 0:18
--12838-- DWARF2 CFI reader: unhandled CFI instruction 0:18
--12838-- DWARF2 CFI reader: unhandled CFI instruction 0:18
--12838-- DWARF2 CFI reader: unhandled CFI instruction 0:18
--12838-- DWARF2 CFI reader: unhandled CFI instruction 0:18
--12838-- DWARF2 CFI reader: unhandled CFI instruction 0:18
--12838-- DWARF2 CFI reader: unhandled CFI instruction 0:18
--12838-- DWARF2 CFI reader: unhandled CFI instruction 0:18
--12838-- DWARF2 CFI reader: unhandled CFI instruction 0:18
--12838-- DWARF2 CFI reader: unhandled CFI instruction 0:18
--12838-- DWARF2 CFI reader: unhandled CFI instruction 0:18
--12838-- DWARF2 CFI reader: unhandled CFI instruction 0:18
--12838-- DWARF2 CFI reader: unhandled CFI instruction 0:18
--12838-- DWARF2 CFI reader: unhandled CFI instruction 0:18
--12838-- DWARF2 CFI reader: unhandled CFI instruction 0:18
--12838-- DWARF2 CFI reader: unhandled CFI instruction 0:18
--12838-- DWARF2 CFI reader: unhandled CFI instruction 0:18
--12838-- DWARF2 CFI reader: unhandled CFI instruction 0:18
--12838-- DWARF2 CFI reader: unhandled CFI instruction 0:18
--12838-- DWARF2 CFI reader: unhandled CFI instruction 0:18
--12838-- DWARF2 CFI reader: unhandled CFI instruction 0:18
--12838-- DWARF2 CFI reader: unhandled CFI instruction 0:18
--12838-- DWARF2 CFI reader: unhandled CFI instruction 0:18
--12838-- DWARF2 CFI reader: unhandled CFI instruction 0:18
--12838-- DWARF2 CFI reader: unhandled CFI instruction 0:18
--12838-- DWARF2 CFI reader: unhandled CFI instruction 0:18
--12838-- DWARF2 CFI reader: unhandled CFI instruction 0:18
--12838-- DWARF2 CFI reader: unhandled CFI instruction 0:18
--12838-- DWARF2 CFI reader: unhandled CFI instruction 0:18
--12838-- DWARF2 CFI reader: unhandled CFI instruction 0:18
--12838-- DWARF2 CFI reader: unhandled CFI instruction 0:18
--12838-- DWARF2 CFI reader: unhandled CFI instruction 0:18
--12838-- DWARF2 CFI reader: unhandled CFI instruction 0:18
--12838-- DWARF2 CFI reader: unhandled CFI instruction 0:18
--12838-- DWARF2 CFI reader: unhandled CFI instruction 0:18
--12838-- DWARF2 CFI reader: unhandled CFI instruction 0:18
--12838-- DWARF2 CFI reader: unhandled CFI instruction 0:18
--12838-- DWARF2 CFI reader: unhandled CFI instruction 0:18
--12838-- DWARF2 CFI reader: unhandled CFI instruction 0:18
--12838-- DWARF2 CFI reader: unhandled CFI instruction 0:18
--12838-- DWARF2 CFI reader: unhandled CFI instruction 0:18
--12838-- DWARF2 CFI reader: unhandled CFI instruction 0:18
--12838-- DWARF2 CFI reader: unhandled CFI instruction 0:18
--12838-- DWARF2 CFI reader: unhandled CFI instruction 0:18
--12838-- DWARF2 CFI reader: unhandled CFI instruction 0:18
--12838-- DWARF2 CFI reader: unhandled CFI instruction 0:18
--12838-- DWARF2 CFI reader: unhandled CFI instruction 0:18
--12838-- DWARF2 CFI reader: unhandled CFI instruction 0:18
--12838-- DWARF2 CFI reader: unhandled CFI instruction 0:18
--12838-- DWARF2 CFI reader: unhandled CFI instruction 0:18
--12838-- DWARF2 CFI reader: unhandled CFI instruction 0:18
--12838-- DWARF2 CFI reader: unhandled CFI instruction 0:18
--12838-- DWARF2 CFI reader: unhandled CFI instruction 0:18
--12838-- DWARF2 CFI reader: unhandled CFI instruction 0:18
--12838-- DWARF2 CFI reader: unhandled CFI instruction 0:18
--12838-- DWARF2 CFI reader: unhandled CFI instruction 0:18
--12838-- DWARF2 CFI reader: unhandled CFI instruction 0:18
--12838-- DWARF2 CFI reader: unhandled CFI instruction 0:18
--12838-- DWARF2 CFI reader: unhandled CFI instruction 0:18
--12838-- DWARF2 CFI reader: unhandled CFI instruction 0:18
--12838-- DWARF2 CFI reader: unhandled CFI instruction 0:18
--12838-- DWARF2 CFI reader: unhandled CFI instruction 0:18
--12838-- DWARF2 CFI reader: unhandled CFI instruction 0:18
--12838-- DWARF2 CFI reader: unhandled CFI instruction 0:18
--12838-- DWARF2 CFI reader: unhandled CFI instruction 0:18
--12838-- DWARF2 CFI reader: unhandled CFI instruction 0:18
--12838-- DWARF2 CFI reader: unhandled CFI instruction 0:18
--12838-- DWARF2 CFI reader: unhandled CFI instruction 0:18
--12838-- DWARF2 CFI reader: unhandled CFI instruction 0:18
--12838-- DWARF2 CFI reader: unhandled CFI instruction 0:18
--12838-- DWARF2 CFI reader: unhandled CFI instruction 0:18
--12838-- DWARF2 CFI reader: unhandled CFI instruction 0:18
--12838-- DWARF2 CFI reader: unhandled CFI instruction 0:18
--12838-- DWARF2 CFI reader: unhandled CFI instruction 0:18
--12838-- DWARF2 CFI reader: unhandled CFI instruction 0:18
--12838-- DWARF2 CFI reader: unhandled CFI instruction 0:18
--12838-- DWARF2 CFI reader: unhandled CFI instruction 0:18
--12838-- DWARF2 CFI reader: unhandled CFI instruction 0:18
--12838-- DWARF2 CFI reader: unhandled CFI instruction 0:18
--12838-- DWARF2 CFI reader: unhandled CFI instruction 0:18
--12838-- DWARF2 CFI reader: unhandled CFI instruction 0:18
--12838-- DWARF2 CFI reader: unhandled CFI instruction 0:18
--12838-- DWARF2 CFI reader: unhandled CFI instruction 0:18
--12838-- DWARF2 CFI reader: unhandled CFI instruction 0:18
--12838-- DWARF2 CFI reader: unhandled CFI instruction 0:18
--12838-- DWARF2 CFI reader: unhandled CFI instruction 0:18
--12838-- DWARF2 CFI reader: unhandled CFI instruction 0:18
--12838-- DWARF2 CFI reader: unhandled CFI instruction 0:18
--12838-- DWARF2 CFI reader: unhandled CFI instruction 0:18
--12838-- DWARF2 CFI reader: unhandled CFI instruction 0:18
--12838-- DWARF2 CFI reader: unhandled CFI instruction 0:18
--12838-- DWARF2 CFI reader: unhandled CFI instruction 0:18
--12838-- DWARF2 CFI reader: unhandled CFI instruction 0:18
--12838-- DWARF2 CFI reader: unhandled CFI instruction 0:18
--12838-- DWARF2 CFI reader: unhandled CFI instruction 0:18
--12838-- DWARF2 CFI reader: unhandled CFI instruction 0:18
--12838-- DWARF2 CFI reader: unhandled CFI instruction 0:18
--12838-- DWARF2 CFI reader: unhandled CFI instruction 0:18
--12838-- DWARF2 CFI reader: unhandled CFI instruction 0:18
--12838-- DWARF2 CFI reader: unhandled CFI instruction 0:18
--12838-- DWARF2 CFI reader: unhandled CFI instruction 0:18
--12838-- DWARF2 CFI reader: unhandled CFI instruction 0:18
--12838-- DWARF2 CFI reader: unhandled CFI instruction 0:18
--12838-- DWARF2 CFI reader: unhandled CFI instruction 0:18
--12838-- DWARF2 CFI reader: unhandled CFI instruction 0:18
--12838-- DWARF2 CFI reader: unhandled CFI instruction 0:18
--12838-- DWARF2 CFI reader: unhandled CFI instruction 0:18
--12838-- DWARF2 CFI reader: unhandled CFI instruction 0:18
--12838-- DWARF2 CFI reader: unhandled CFI instruction 0:18
--12838-- DWARF2 CFI reader: unhandled CFI instruction 0:18
--12838-- DWARF2 CFI reader: unhandled CFI instruction 0:18
--12838-- DWARF2 CFI reader: unhandled CFI instruction 0:18
--12838-- DWARF2 CFI reader: unhandled CFI instruction 0:18
--12838-- DWARF2 CFI reader: unhandled CFI instruction 0:18
--12838-- DWARF2 CFI reader: unhandled CFI instruction 0:18
--12838-- DWARF2 CFI reader: unhandled CFI instruction 0:18
--12838-- DWARF2 CFI reader: unhandled CFI instruction 0:18
--12838-- DWARF2 CFI reader: unhandled CFI instruction 0:18
--12838-- DWARF2 CFI reader: unhandled CFI instruction 0:18
--12838-- DWARF2 CFI reader: unhandled CFI instruction 0:18
--12838-- DWARF2 CFI reader: unhandled CFI instruction 0:18
--12838-- DWARF2 CFI reader: unhandled CFI instruction 0:18
--12838-- DWARF2 CFI reader: unhandled CFI instruction 0:18
--12838-- DWARF2 CFI reader: unhandled CFI instruction 0:18
--12838-- DWARF2 CFI reader: unhandled CFI instruction 0:18
--12838-- DWARF2 CFI reader: unhandled CFI instruction 0:18
--12838-- DWARF2 CFI reader: unhandled CFI instruction 0:18
--12838-- DWARF2 CFI reader: unhandled CFI instruction 0:18
--12838-- DWARF2 CFI reader: unhandled CFI instruction 0:18
--12838-- DWARF2 CFI reader: unhandled CFI instruction 0:18
--12838-- DWARF2 CFI reader: unhandled CFI instruction 0:18
--12838-- DWARF2 CFI reader: unhandled CFI instruction 0:18
--12838-- DWARF2 CFI reader: unhandled CFI instruction 0:18
--12838-- DWARF2 CFI reader: unhandled CFI instruction 0:18
--12838-- DWARF2 CFI reader: unhandled CFI instruction 0:18
--12838-- DWARF2 CFI reader: unhandled CFI instruction 0:18
--12838-- DWARF2 CFI reader: unhandled CFI instruction 0:18
--12838-- DWARF2 CFI reader: unhandled CFI instruction 0:18
--12838-- DWARF2 CFI reader: unhandled CFI instruction 0:18
--12838-- DWARF2 CFI reader: unhandled CFI instruction 0:18
--12838-- DWARF2 CFI reader: unhandled CFI instruction 0:18
--12838-- DWARF2 CFI reader: unhandled CFI instruction 0:18
--12838-- DWARF2 CFI reader: unhandled CFI instruction 0:18
--12838-- DWARF2 CFI reader: unhandled CFI instruction 0:18
--12838-- DWARF2 CFI reader: unhandled CFI instruction 0:18
--12838-- DWARF2 CFI reader: unhandled CFI instruction 0:18
--12838-- DWARF2 CFI reader: unhandled CFI instruction 0:18
--12838-- DWARF2 CFI reader: unhandled CFI instruction 0:18
--12838-- DWARF2 CFI reader: unhandled CFI instruction 0:18
--12838-- DWARF2 CFI reader: unhandled CFI instruction 0:18
--12838-- DWARF2 CFI reader: unhandled CFI instruction 0:18
--12838-- DWARF2 CFI reader: unhandled CFI instruction 0:18
--12838-- DWARF2 CFI reader: unhandled CFI instruction 0:18
--12838-- DWARF2 CFI reader: unhandled CFI instruction 0:18
--12838-- DWARF2 CFI reader: unhandled CFI instruction 0:18
--12838-- DWARF2 CFI reader: unhandled CFI instruction 0:18
--12838-- DWARF2 CFI reader: unhandled CFI instruction 0:18
--12838-- DWARF2 CFI reader: unhandled CFI instruction 0:18
--12838-- DWARF2 CFI reader: unhandled CFI instruction 0:18
--12838-- DWARF2 CFI reader: unhandled CFI instruction 0:18
--12838-- DWARF2 CFI reader: unhandled CFI instruction 0:18
--12838-- DWARF2 CFI reader: unhandled CFI instruction 0:18
--12838-- DWARF2 CFI reader: unhandled CFI instruction 0:18
--12838-- DWARF2 CFI reader: unhandled CFI instruction 0:18
--12838-- DWARF2 CFI reader: unhandled CFI instruction 0:18
--12838-- DWARF2 CFI reader: unhandled CFI instruction 0:18
--12838-- DWARF2 CFI reader: unhandled CFI instruction 0:18
--12838-- DWARF2 CFI reader: unhandled CFI instruction 0:18
--12838-- DWARF2 CFI reader: unhandled CFI instruction 0:18
--12838-- DWARF2 CFI reader: unhandled CFI instruction 0:18
--12838-- DWARF2 CFI reader: unhandled CFI instruction 0:18
--12838-- DWARF2 CFI reader: unhandled CFI instruction 0:18
--12838-- DWARF2 CFI reader: unhandled CFI instruction 0:18
--12838-- DWARF2 CFI reader: unhandled CFI instruction 0:18
--12838-- DWARF2 CFI reader: unhandled CFI instruction 0:18
--12838-- DWARF2 CFI reader: unhandled CFI instruction 0:18
--12838-- DWARF2 CFI reader: unhandled CFI instruction 0:18
--12838-- DWARF2 CFI reader: unhandled CFI instruction 0:18
--12838-- DWARF2 CFI reader: unhandled CFI instruction 0:18
--12838-- DWARF2 CFI reader: unhandled CFI instruction 0:18
--12838-- DWARF2 CFI reader: unhandled CFI instruction 0:18
--12838-- DWARF2 CFI reader: unhandled CFI instruction 0:18
--12838-- DWARF2 CFI reader: unhandled CFI instruction 0:18
--12838-- DWARF2 CFI reader: unhandled CFI instruction 0:18
--12838-- DWARF2 CFI reader: unhandled CFI instruction 0:18
--12838-- DWARF2 CFI reader: unhandled CFI instruction 0:18
--12838-- DWARF2 CFI reader: unhandled CFI instruction 0:18
--12838-- DWARF2 CFI reader: unhandled CFI instruction 0:18
--12838-- DWARF2 CFI reader: unhandled CFI instruction 0:18
--12838-- DWARF2 CFI reader: unhandled CFI instruction 0:18
--12838-- DWARF2 CFI reader: unhandled CFI instruction 0:18
--12838-- DWARF2 CFI reader: unhandled CFI instruction 0:18
--12838-- DWARF2 CFI reader: unhandled CFI instruction 0:18
--12838-- DWARF2 CFI reader: unhandled CFI instruction 0:18
--12838-- DWARF2 CFI reader: unhandled CFI instruction 0:18
--12838-- DWARF2 CFI reader: unhandled CFI instruction 0:18
--12838-- DWARF2 CFI reader: unhandled CFI instruction 0:18
--12838-- DWARF2 CFI reader: unhandled CFI instruction 0:18
--12838-- DWARF2 CFI reader: unhandled CFI instruction 0:18
--12838-- DWARF2 CFI reader: unhandled CFI instruction 0:18
--12838-- DWARF2 CFI reader: unhandled CFI instruction 0:18
--12838-- DWARF2 CFI reader: unhandled CFI instruction 0:18
--12838-- DWARF2 CFI reader: unhandled CFI instruction 0:18
--12838-- DWARF2 CFI reader: unhandled CFI instruction 0:18
--12838-- DWARF2 CFI reader: unhandled CFI instruction 0:18
--12838-- DWARF2 CFI reader: unhandled CFI instruction 0:18
--12838-- DWARF2 CFI reader: unhandled CFI instruction 0:18
--12838-- DWARF2 CFI reader: unhandled CFI instruction 0:18
--12838-- DWARF2 CFI reader: unhandled CFI instruction 0:18
--12838-- DWARF2 CFI reader: unhandled CFI instruction 0:18
--12838-- DWARF2 CFI reader: unhandled CFI instruction 0:18
--12838-- DWARF2 CFI reader: unhandled CFI instruction 0:18
--12838-- DWARF2 CFI reader: unhandled CFI instruction 0:18
--12838-- DWARF2 CFI reader: unhandled CFI instruction 0:18
--12838-- DWARF2 CFI reader: unhandled CFI instruction 0:18
--12838-- DWARF2 CFI reader: unhandled CFI instruction 0:18
--12838-- DWARF2 CFI reader: unhandled CFI instruction 0:18
--12838-- DWARF2 CFI reader: unhandled CFI instruction 0:18
--12838-- DWARF2 CFI reader: unhandled CFI instruction 0:18
--12838-- DWARF2 CFI reader: unhandled CFI instruction 0:18
--12838-- DWARF2 CFI reader: unhandled CFI instruction 0:18
--12838-- DWARF2 CFI reader: unhandled CFI instruction 0:18
--12838-- DWARF2 CFI reader: unhandled CFI instruction 0:18
--12838-- DWARF2 CFI reader: unhandled CFI instruction 0:18
--12838-- DWARF2 CFI reader: unhandled CFI instruction 0:18
--12838-- DWARF2 CFI reader: unhandled CFI instruction 0:18
--12838-- DWARF2 CFI reader: unhandled CFI instruction 0:18
--12838-- DWARF2 CFI reader: unhandled CFI instruction 0:18
--12838-- DWARF2 CFI reader: unhandled CFI instruction 0:18
--12838-- DWARF2 CFI reader: unhandled CFI instruction 0:18
--12838-- DWARF2 CFI reader: unhandled CFI instruction 0:18
--12838-- DWARF2 CFI reader: unhandled CFI instruction 0:18
--12838-- DWARF2 CFI reader: unhandled CFI instruction 0:18
--12838-- DWARF2 CFI reader: unhandled CFI instruction 0:18
--12838-- DWARF2 CFI reader: unhandled CFI instruction 0:18
--12838-- DWARF2 CFI reader: unhandled CFI instruction 0:18
--12838-- DWARF2 CFI reader: unhandled CFI instruction 0:18
--12838-- DWARF2 CFI reader: unhandled CFI instruction 0:18
--12838-- DWARF2 CFI reader: unhandled CFI instruction 0:18
--12838-- DWARF2 CFI reader: unhandled CFI instruction 0:18
--12838-- DWARF2 CFI reader: unhandled CFI instruction 0:18
--12838-- DWARF2 CFI reader: unhandled CFI instruction 0:18
--12838-- DWARF2 CFI reader: unhandled CFI instruction 0:18
--12838-- DWARF2 CFI reader: unhandled CFI instruction 0:18
--12838-- DWARF2 CFI reader: unhandled CFI instruction 0:18
--12838-- DWARF2 CFI reader: unhandled CFI instruction 0:18
--12838-- DWARF2 CFI reader: unhandled CFI instruction 0:18
--12838-- DWARF2 CFI reader: unhandled CFI instruction 0:18
--12838-- DWARF2 CFI reader: unhandled CFI instruction 0:18
--12838-- DWARF2 CFI reader: unhandled CFI instruction 0:18
--12838-- DWARF2 CFI reader: unhandled CFI instruction 0:18
--12838-- DWARF2 CFI reader: unhandled CFI instruction 0:18
--12838-- DWARF2 CFI reader: unhandled CFI instruction 0:18
--12838-- DWARF2 CFI reader: unhandled CFI instruction 0:18
--12838-- DWARF2 CFI reader: unhandled CFI instruction 0:18
--12838-- DWARF2 CFI reader: unhandled CFI instruction 0:18
--12838-- DWARF2 CFI reader: unhandled CFI instruction 0:18
--12838-- DWARF2 CFI reader: unhandled CFI instruction 0:18
--12838-- DWARF2 CFI reader: unhandled CFI instruction 0:18
--12838-- DWARF2 CFI reader: unhandled CFI instruction 0:18
--12838-- DWARF2 CFI reader: unhandled CFI instruction 0:18
--12838-- DWARF2 CFI reader: unhandled CFI instruction 0:18
--12838-- DWARF2 CFI reader: unhandled CFI instruction 0:18
--12838-- DWARF2 CFI reader: unhandled CFI instruction 0:18
--12838-- DWARF2 CFI reader: unhandled CFI instruction 0:18
--12838-- DWARF2 CFI reader: unhandled CFI instruction 0:18
--12838-- DWARF2 CFI reader: unhandled CFI instruction 0:18
--12838-- DWARF2 CFI reader: unhandled CFI instruction 0:18
--12838-- DWARF2 CFI reader: unhandled CFI instruction 0:18
--12838-- DWARF2 CFI reader: unhandled CFI instruction 0:18
--12838-- DWARF2 CFI reader: unhandled CFI instruction 0:18
--12838-- DWARF2 CFI reader: unhandled CFI instruction 0:18
--12838-- DWARF2 CFI reader: unhandled CFI instruction 0:18
--12838-- DWARF2 CFI reader: unhandled CFI instruction 0:18
--12838-- DWARF2 CFI reader: unhandled CFI instruction 0:18
--12838-- DWARF2 CFI reader: unhandled CFI instruction 0:18
--12838-- DWARF2 CFI reader: unhandled CFI instruction 0:18
--12838-- DWARF2 CFI reader: unhandled CFI instruction 0:18
--12838-- DWARF2 CFI reader: unhandled CFI instruction 0:18
--12838-- DWARF2 CFI reader: unhandled CFI instruction 0:18
--12838-- DWARF2 CFI reader: unhandled CFI instruction 0:18
--12838-- DWARF2 CFI reader: unhandled CFI instruction 0:18
--12838-- DWARF2 CFI reader: unhandled CFI instruction 0:18
--12838-- DWARF2 CFI reader: unhandled CFI instruction 0:18
--12838-- DWARF2 CFI reader: unhandled CFI instruction 0:18
--12838-- DWARF2 CFI reader: unhandled CFI instruction 0:18
--12838-- DWARF2 CFI reader: unhandled CFI instruction 0:18
--12838-- DWARF2 CFI reader: unhandled CFI instruction 0:18
--12838-- DWARF2 CFI reader: unhandled CFI instruction 0:18
--12838-- DWARF2 CFI reader: unhandled CFI instruction 0:18
--12838-- DWARF2 CFI reader: unhandled CFI instruction 0:18
--12838-- DWARF2 CFI reader: unhandled CFI instruction 0:18
--12838-- DWARF2 CFI reader: unhandled CFI instruction 0:18
--12838-- DWARF2 CFI reader: unhandled CFI instruction 0:18
--12838-- DWARF2 CFI reader: unhandled CFI instruction 0:18
--12838-- DWARF2 CFI reader: unhandled CFI instruction 0:18
--12838-- DWARF2 CFI reader: unhandled CFI instruction 0:18
--12838-- DWARF2 CFI reader: unhandled CFI instruction 0:18
--12838-- DWARF2 CFI reader: unhandled CFI instruction 0:18
--12838-- DWARF2 CFI reader: unhandled CFI instruction 0:18
--12838-- DWARF2 CFI reader: unhandled CFI instruction 0:18
--12838-- DWARF2 CFI reader: unhandled CFI instruction 0:18
--12838-- DWARF2 CFI reader: unhandled CFI instruction 0:18
--12838-- DWARF2 CFI reader: unhandled CFI instruction 0:18
--12838-- DWARF2 CFI reader: unhandled CFI instruction 0:18
--12838-- DWARF2 CFI reader: unhandled CFI instruction 0:18
--12838-- DWARF2 CFI reader: unhandled CFI instruction 0:18
--12838-- DWARF2 CFI reader: unhandled CFI instruction 0:18
--12838-- DWARF2 CFI reader: unhandled CFI instruction 0:18
--12838-- DWARF2 CFI reader: unhandled CFI instruction 0:18
--12838-- DWARF2 CFI reader: unhandled CFI instruction 0:18
--12838-- DWARF2 CFI reader: unhandled CFI instruction 0:18
--12838-- DWARF2 CFI reader: unhandled CFI instruction 0:18
--12838-- DWARF2 CFI reader: unhandled CFI instruction 0:18
--12838-- DWARF2 CFI reader: unhandled CFI instruction 0:18
--12838-- DWARF2 CFI reader: unhandled CFI instruction 0:18
--12838-- DWARF2 CFI reader: unhandled CFI instruction 0:18
--12838-- DWARF2 CFI reader: unhandled CFI instruction 0:18
--12838-- DWARF2 CFI reader: unhandled CFI instruction 0:18
--12838-- DWARF2 CFI reader: unhandled CFI instruction 0:18
--12838-- DWARF2 CFI reader: unhandled CFI instruction 0:18
--12838-- DWARF2 CFI reader: unhandled CFI instruction 0:18
--12838-- DWARF2 CFI reader: unhandled CFI instruction 0:18
--12838-- DWARF2 CFI reader: unhandled CFI instruction 0:18
--12838-- DWARF2 CFI reader: unhandled CFI instruction 0:18
--12838-- DWARF2 CFI reader: unhandled CFI instruction 0:18
--12838-- DWARF2 CFI reader: unhandled CFI instruction 0:18
--12838-- DWARF2 CFI reader: unhandled CFI instruction 0:18
--12838-- DWARF2 CFI reader: unhandled CFI instruction 0:18
--12838-- DWARF2 CFI reader: unhandled CFI instruction 0:18
--12838-- DWARF2 CFI reader: unhandled CFI instruction 0:18
--12838-- DWARF2 CFI reader: unhandled CFI instruction 0:18
--12838-- DWARF2 CFI reader: unhandled CFI instruction 0:18
--12838-- DWARF2 CFI reader: unhandled CFI instruction 0:18
--12838-- DWARF2 CFI reader: unhandled CFI instruction 0:18
--12838-- DWARF2 CFI reader: unhandled CFI instruction 0:18
--12838-- DWARF2 CFI reader: unhandled CFI instruction 0:18
--12838-- DWARF2 CFI reader: unhandled CFI instruction 0:18
--12838-- DWARF2 CFI reader: unhandled CFI instruction 0:18
--12838-- DWARF2 CFI reader: unhandled CFI instruction 0:18
--12838-- DWARF2 CFI reader: unhandled CFI instruction 0:18
--12838-- DWARF2 CFI reader: unhandled CFI instruction 0:18
--12838-- DWARF2 CFI reader: unhandled CFI instruction 0:18
--12838-- DWARF2 CFI reader: unhandled CFI instruction 0:18
--12838-- DWARF2 CFI reader: unhandled CFI instruction 0:18
--12838-- DWARF2 CFI reader: unhandled CFI instruction 0:18
--12838-- DWARF2 CFI reader: unhandled CFI instruction 0:18
--12838-- DWARF2 CFI reader: unhandled CFI instruction 0:18
--12838-- DWARF2 CFI reader: unhandled CFI instruction 0:18
--12838-- DWARF2 CFI reader: unhandled CFI instruction 0:18
--12838-- DWARF2 CFI reader: unhandled CFI instruction 0:18
--12838-- DWARF2 CFI reader: unhandled CFI instruction 0:18
--12838-- DWARF2 CFI reader: unhandled CFI instruction 0:18
--12838-- DWARF2 CFI reader: unhandled CFI instruction 0:18
==12838== 
==12838== Events    : Ir Dr Dw I1mr D1mr D1mw I2mr D2mr D2mw AcCost1 SpLoss1 AcCost2 SpLoss2
==12838== Collected : 46737358170 7505992424 4543705980 9931 12677 1374 1281 5977 1030 6787260 891584 1170471 221824
==12838== 
==12838== I   refs:      46,737,358,170
==12838== I1  misses:             9,931
==12838== L2i misses:             1,281
==12838== I1  miss rate:            0.0%
==12838== L2i miss rate:            0.0%
==12838== 
==12838== D   refs:      12,049,698,404  (7,505,992,424 rd + 4,543,705,980 wr)
==12838== D1  misses:            14,051  (       12,677 rd +         1,374 wr)
==12838== L2d misses:             7,007  (        5,977 rd +         1,030 wr)
==12838== D1  miss rate:            0.0% (          0.0%   +           0.0%  )
==12838== L2d miss rate:            0.0% (          0.0%   +           0.0%  )
==12838== 
==12838== L2 refs:               23,982  (       22,608 rd +         1,374 wr)
==12838== L2 misses:              8,288  (        7,258 rd +         1,030 wr)
==12838== L2 miss rate:             0.0% (          0.0%   +           0.0%  )
