==12829== Callgrind-0.10.1, a call-graph generating cache profiler.
==12829== Copyright (C) 2002-2005, and GNU GPL'd, by J.Weidendorfer et al.
==12829== Using LibVEX rev 1471, a library for dynamic binary translation.
==12829== Copyright (C) 2004-2005, and GNU GPL'd, by OpenWorks LLP.
==12829== Using valgrind-3.1.0, a dynamic binary instrumentation framework.
==12829== Copyright (C) 2000-2005, and GNU GPL'd, by Julian Seward et al.
==12829== For more details, rerun with: -v
==12829== 
--12829-- warning: write-back simulation can not be used with cache usage
==12829== 
==12829== For interactive control, run 'callgrind_control -h'.
--12829-- DWARF2 CFI reader: unhandled CFI instruction 0:18
--12829-- DWARF2 CFI reader: unhandled CFI instruction 0:18
--12829-- DWARF2 CFI reader: unhandled CFI instruction 0:18
--12829-- DWARF2 CFI reader: unhandled CFI instruction 0:18
--12829-- DWARF2 CFI reader: unhandled CFI instruction 0:18
--12829-- DWARF2 CFI reader: unhandled CFI instruction 0:18
--12829-- DWARF2 CFI reader: unhandled CFI instruction 0:18
--12829-- DWARF2 CFI reader: unhandled CFI instruction 0:18
--12829-- DWARF2 CFI reader: unhandled CFI instruction 0:18
--12829-- DWARF2 CFI reader: unhandled CFI instruction 0:18
--12829-- DWARF2 CFI reader: unhandled CFI instruction 0:18
--12829-- DWARF2 CFI reader: unhandled CFI instruction 0:18
--12829-- DWARF2 CFI reader: unhandled CFI instruction 0:18
--12829-- DWARF2 CFI reader: unhandled CFI instruction 0:18
--12829-- DWARF2 CFI reader: unhandled CFI instruction 0:18
--12829-- DWARF2 CFI reader: unhandled CFI instruction 0:18
--12829-- DWARF2 CFI reader: unhandled CFI instruction 0:18
--12829-- DWARF2 CFI reader: unhandled CFI instruction 0:18
--12829-- DWARF2 CFI reader: unhandled CFI instruction 0:18
--12829-- DWARF2 CFI reader: unhandled CFI instruction 0:18
--12829-- DWARF2 CFI reader: unhandled CFI instruction 0:18
--12829-- DWARF2 CFI reader: unhandled CFI instruction 0:18
--12829-- DWARF2 CFI reader: unhandled CFI instruction 0:18
--12829-- DWARF2 CFI reader: unhandled CFI instruction 0:18
--12829-- DWARF2 CFI reader: unhandled CFI instruction 0:18
--12829-- DWARF2 CFI reader: unhandled CFI instruction 0:18
--12829-- DWARF2 CFI reader: unhandled CFI instruction 0:18
--12829-- DWARF2 CFI reader: unhandled CFI instruction 0:18
--12829-- DWARF2 CFI reader: unhandled CFI instruction 0:18
--12829-- DWARF2 CFI reader: unhandled CFI instruction 0:18
--12829-- DWARF2 CFI reader: unhandled CFI instruction 0:18
--12829-- DWARF2 CFI reader: unhandled CFI instruction 0:18
--12829-- DWARF2 CFI reader: unhandled CFI instruction 0:18
--12829-- DWARF2 CFI reader: unhandled CFI instruction 0:18
--12829-- DWARF2 CFI reader: unhandled CFI instruction 0:18
--12829-- DWARF2 CFI reader: unhandled CFI instruction 0:18
--12829-- DWARF2 CFI reader: unhandled CFI instruction 0:18
--12829-- DWARF2 CFI reader: unhandled CFI instruction 0:18
--12829-- DWARF2 CFI reader: unhandled CFI instruction 0:18
--12829-- DWARF2 CFI reader: unhandled CFI instruction 0:18
--12829-- DWARF2 CFI reader: unhandled CFI instruction 0:18
--12829-- DWARF2 CFI reader: unhandled CFI instruction 0:18
--12829-- DWARF2 CFI reader: unhandled CFI instruction 0:18
--12829-- DWARF2 CFI reader: unhandled CFI instruction 0:18
--12829-- DWARF2 CFI reader: unhandled CFI instruction 0:18
--12829-- DWARF2 CFI reader: unhandled CFI instruction 0:18
--12829-- DWARF2 CFI reader: unhandled CFI instruction 0:18
--12829-- DWARF2 CFI reader: unhandled CFI instruction 0:18
--12829-- DWARF2 CFI reader: unhandled CFI instruction 0:18
--12829-- DWARF2 CFI reader: unhandled CFI instruction 0:18
--12829-- DWARF2 CFI reader: unhandled CFI instruction 0:18
--12829-- DWARF2 CFI reader: unhandled CFI instruction 0:18
--12829-- DWARF2 CFI reader: unhandled CFI instruction 0:18
--12829-- DWARF2 CFI reader: unhandled CFI instruction 0:18
--12829-- DWARF2 CFI reader: unhandled CFI instruction 0:18
--12829-- DWARF2 CFI reader: unhandled CFI instruction 0:18
--12829-- DWARF2 CFI reader: unhandled CFI instruction 0:18
--12829-- DWARF2 CFI reader: unhandled CFI instruction 0:18
--12829-- DWARF2 CFI reader: unhandled CFI instruction 0:18
--12829-- DWARF2 CFI reader: unhandled CFI instruction 0:18
--12829-- DWARF2 CFI reader: unhandled CFI instruction 0:18
--12829-- DWARF2 CFI reader: unhandled CFI instruction 0:18
--12829-- DWARF2 CFI reader: unhandled CFI instruction 0:18
--12829-- DWARF2 CFI reader: unhandled CFI instruction 0:18
--12829-- DWARF2 CFI reader: unhandled CFI instruction 0:18
--12829-- DWARF2 CFI reader: unhandled CFI instruction 0:18
--12829-- DWARF2 CFI reader: unhandled CFI instruction 0:18
--12829-- DWARF2 CFI reader: unhandled CFI instruction 0:18
--12829-- DWARF2 CFI reader: unhandled CFI instruction 0:18
--12829-- DWARF2 CFI reader: unhandled CFI instruction 0:18
--12829-- DWARF2 CFI reader: unhandled CFI instruction 0:18
--12829-- DWARF2 CFI reader: unhandled CFI instruction 0:18
--12829-- DWARF2 CFI reader: unhandled CFI instruction 0:18
--12829-- DWARF2 CFI reader: unhandled CFI instruction 0:18
--12829-- DWARF2 CFI reader: unhandled CFI instruction 0:18
--12829-- DWARF2 CFI reader: unhandled CFI instruction 0:18
--12829-- DWARF2 CFI reader: unhandled CFI instruction 0:18
--12829-- DWARF2 CFI reader: unhandled CFI instruction 0:18
--12829-- DWARF2 CFI reader: unhandled CFI instruction 0:18
--12829-- DWARF2 CFI reader: unhandled CFI instruction 0:18
--12829-- DWARF2 CFI reader: unhandled CFI instruction 0:18
--12829-- DWARF2 CFI reader: unhandled CFI instruction 0:18
--12829-- DWARF2 CFI reader: unhandled CFI instruction 0:18
--12829-- DWARF2 CFI reader: unhandled CFI instruction 0:18
--12829-- DWARF2 CFI reader: unhandled CFI instruction 0:18
--12829-- DWARF2 CFI reader: unhandled CFI instruction 0:18
--12829-- DWARF2 CFI reader: unhandled CFI instruction 0:18
--12829-- DWARF2 CFI reader: unhandled CFI instruction 0:18
--12829-- DWARF2 CFI reader: unhandled CFI instruction 0:18
--12829-- DWARF2 CFI reader: unhandled CFI instruction 0:18
--12829-- DWARF2 CFI reader: unhandled CFI instruction 0:18
--12829-- DWARF2 CFI reader: unhandled CFI instruction 0:18
--12829-- DWARF2 CFI reader: unhandled CFI instruction 0:18
--12829-- DWARF2 CFI reader: unhandled CFI instruction 0:18
--12829-- DWARF2 CFI reader: unhandled CFI instruction 0:18
--12829-- DWARF2 CFI reader: unhandled CFI instruction 0:18
--12829-- DWARF2 CFI reader: unhandled CFI instruction 0:18
--12829-- DWARF2 CFI reader: unhandled CFI instruction 0:18
--12829-- DWARF2 CFI reader: unhandled CFI instruction 0:18
--12829-- DWARF2 CFI reader: unhandled CFI instruction 0:18
--12829-- DWARF2 CFI reader: unhandled CFI instruction 0:18
--12829-- DWARF2 CFI reader: unhandled CFI instruction 0:18
--12829-- DWARF2 CFI reader: unhandled CFI instruction 0:18
--12829-- DWARF2 CFI reader: unhandled CFI instruction 0:18
--12829-- DWARF2 CFI reader: unhandled CFI instruction 0:18
--12829-- DWARF2 CFI reader: unhandled CFI instruction 0:18
--12829-- DWARF2 CFI reader: unhandled CFI instruction 0:18
--12829-- DWARF2 CFI reader: unhandled CFI instruction 0:18
--12829-- DWARF2 CFI reader: unhandled CFI instruction 0:18
--12829-- DWARF2 CFI reader: unhandled CFI instruction 0:18
--12829-- DWARF2 CFI reader: unhandled CFI instruction 0:18
--12829-- DWARF2 CFI reader: unhandled CFI instruction 0:18
--12829-- DWARF2 CFI reader: unhandled CFI instruction 0:18
--12829-- DWARF2 CFI reader: unhandled CFI instruction 0:18
--12829-- DWARF2 CFI reader: unhandled CFI instruction 0:18
--12829-- DWARF2 CFI reader: unhandled CFI instruction 0:18
--12829-- DWARF2 CFI reader: unhandled CFI instruction 0:18
--12829-- DWARF2 CFI reader: unhandled CFI instruction 0:18
--12829-- DWARF2 CFI reader: unhandled CFI instruction 0:18
--12829-- DWARF2 CFI reader: unhandled CFI instruction 0:18
--12829-- DWARF2 CFI reader: unhandled CFI instruction 0:18
--12829-- DWARF2 CFI reader: unhandled CFI instruction 0:18
--12829-- DWARF2 CFI reader: unhandled CFI instruction 0:18
--12829-- DWARF2 CFI reader: unhandled CFI instruction 0:18
--12829-- DWARF2 CFI reader: unhandled CFI instruction 0:18
--12829-- DWARF2 CFI reader: unhandled CFI instruction 0:18
--12829-- DWARF2 CFI reader: unhandled CFI instruction 0:18
--12829-- DWARF2 CFI reader: unhandled CFI instruction 0:18
--12829-- DWARF2 CFI reader: unhandled CFI instruction 0:18
--12829-- DWARF2 CFI reader: unhandled CFI instruction 0:18
--12829-- DWARF2 CFI reader: unhandled CFI instruction 0:18
--12829-- DWARF2 CFI reader: unhandled CFI instruction 0:18
--12829-- DWARF2 CFI reader: unhandled CFI instruction 0:18
--12829-- DWARF2 CFI reader: unhandled CFI instruction 0:18
--12829-- DWARF2 CFI reader: unhandled CFI instruction 0:18
--12829-- DWARF2 CFI reader: unhandled CFI instruction 0:18
--12829-- DWARF2 CFI reader: unhandled CFI instruction 0:18
--12829-- DWARF2 CFI reader: unhandled CFI instruction 0:18
--12829-- DWARF2 CFI reader: unhandled CFI instruction 0:18
--12829-- DWARF2 CFI reader: unhandled CFI instruction 0:18
--12829-- DWARF2 CFI reader: unhandled CFI instruction 0:18
--12829-- DWARF2 CFI reader: unhandled CFI instruction 0:18
--12829-- DWARF2 CFI reader: unhandled CFI instruction 0:18
--12829-- DWARF2 CFI reader: unhandled CFI instruction 0:18
--12829-- DWARF2 CFI reader: unhandled CFI instruction 0:18
--12829-- DWARF2 CFI reader: unhandled CFI instruction 0:18
--12829-- DWARF2 CFI reader: unhandled CFI instruction 0:18
--12829-- DWARF2 CFI reader: unhandled CFI instruction 0:18
--12829-- DWARF2 CFI reader: unhandled CFI instruction 0:18
--12829-- DWARF2 CFI reader: unhandled CFI instruction 0:18
--12829-- DWARF2 CFI reader: unhandled CFI instruction 0:18
--12829-- DWARF2 CFI reader: unhandled CFI instruction 0:18
--12829-- DWARF2 CFI reader: unhandled CFI instruction 0:18
--12829-- DWARF2 CFI reader: unhandled CFI instruction 0:18
--12829-- DWARF2 CFI reader: unhandled CFI instruction 0:18
--12829-- DWARF2 CFI reader: unhandled CFI instruction 0:18
--12829-- DWARF2 CFI reader: unhandled CFI instruction 0:18
--12829-- DWARF2 CFI reader: unhandled CFI instruction 0:18
--12829-- DWARF2 CFI reader: unhandled CFI instruction 0:18
--12829-- DWARF2 CFI reader: unhandled CFI instruction 0:18
--12829-- DWARF2 CFI reader: unhandled CFI instruction 0:18
--12829-- DWARF2 CFI reader: unhandled CFI instruction 0:18
--12829-- DWARF2 CFI reader: unhandled CFI instruction 0:18
--12829-- DWARF2 CFI reader: unhandled CFI instruction 0:18
--12829-- DWARF2 CFI reader: unhandled CFI instruction 0:18
--12829-- DWARF2 CFI reader: unhandled CFI instruction 0:18
--12829-- DWARF2 CFI reader: unhandled CFI instruction 0:18
--12829-- DWARF2 CFI reader: unhandled CFI instruction 0:18
--12829-- DWARF2 CFI reader: unhandled CFI instruction 0:18
--12829-- DWARF2 CFI reader: unhandled CFI instruction 0:18
--12829-- DWARF2 CFI reader: unhandled CFI instruction 0:18
--12829-- DWARF2 CFI reader: unhandled CFI instruction 0:18
--12829-- DWARF2 CFI reader: unhandled CFI instruction 0:18
--12829-- DWARF2 CFI reader: unhandled CFI instruction 0:18
--12829-- DWARF2 CFI reader: unhandled CFI instruction 0:18
--12829-- DWARF2 CFI reader: unhandled CFI instruction 0:18
--12829-- DWARF2 CFI reader: unhandled CFI instruction 0:18
--12829-- DWARF2 CFI reader: unhandled CFI instruction 0:18
--12829-- DWARF2 CFI reader: unhandled CFI instruction 0:18
--12829-- DWARF2 CFI reader: unhandled CFI instruction 0:18
--12829-- DWARF2 CFI reader: unhandled CFI instruction 0:18
--12829-- DWARF2 CFI reader: unhandled CFI instruction 0:18
--12829-- DWARF2 CFI reader: unhandled CFI instruction 0:18
--12829-- DWARF2 CFI reader: unhandled CFI instruction 0:18
--12829-- DWARF2 CFI reader: unhandled CFI instruction 0:18
--12829-- DWARF2 CFI reader: unhandled CFI instruction 0:18
--12829-- DWARF2 CFI reader: unhandled CFI instruction 0:18
--12829-- DWARF2 CFI reader: unhandled CFI instruction 0:18
--12829-- DWARF2 CFI reader: unhandled CFI instruction 0:18
--12829-- DWARF2 CFI reader: unhandled CFI instruction 0:18
--12829-- DWARF2 CFI reader: unhandled CFI instruction 0:18
--12829-- DWARF2 CFI reader: unhandled CFI instruction 0:18
--12829-- DWARF2 CFI reader: unhandled CFI instruction 0:18
--12829-- DWARF2 CFI reader: unhandled CFI instruction 0:18
--12829-- DWARF2 CFI reader: unhandled CFI instruction 0:18
--12829-- DWARF2 CFI reader: unhandled CFI instruction 0:18
--12829-- DWARF2 CFI reader: unhandled CFI instruction 0:18
--12829-- DWARF2 CFI reader: unhandled CFI instruction 0:18
--12829-- DWARF2 CFI reader: unhandled CFI instruction 0:18
--12829-- DWARF2 CFI reader: unhandled CFI instruction 0:18
--12829-- DWARF2 CFI reader: unhandled CFI instruction 0:18
--12829-- DWARF2 CFI reader: unhandled CFI instruction 0:18
--12829-- DWARF2 CFI reader: unhandled CFI instruction 0:18
--12829-- DWARF2 CFI reader: unhandled CFI instruction 0:18
--12829-- DWARF2 CFI reader: unhandled CFI instruction 0:18
--12829-- DWARF2 CFI reader: unhandled CFI instruction 0:18
--12829-- DWARF2 CFI reader: unhandled CFI instruction 0:18
--12829-- DWARF2 CFI reader: unhandled CFI instruction 0:18
--12829-- DWARF2 CFI reader: unhandled CFI instruction 0:18
--12829-- DWARF2 CFI reader: unhandled CFI instruction 0:18
--12829-- DWARF2 CFI reader: unhandled CFI instruction 0:18
--12829-- DWARF2 CFI reader: unhandled CFI instruction 0:18
--12829-- DWARF2 CFI reader: unhandled CFI instruction 0:18
--12829-- DWARF2 CFI reader: unhandled CFI instruction 0:18
--12829-- DWARF2 CFI reader: unhandled CFI instruction 0:18
--12829-- DWARF2 CFI reader: unhandled CFI instruction 0:18
--12829-- DWARF2 CFI reader: unhandled CFI instruction 0:18
--12829-- DWARF2 CFI reader: unhandled CFI instruction 0:18
--12829-- DWARF2 CFI reader: unhandled CFI instruction 0:18
--12829-- DWARF2 CFI reader: unhandled CFI instruction 0:18
--12829-- DWARF2 CFI reader: unhandled CFI instruction 0:18
--12829-- DWARF2 CFI reader: unhandled CFI instruction 0:18
--12829-- DWARF2 CFI reader: unhandled CFI instruction 0:18
--12829-- DWARF2 CFI reader: unhandled CFI instruction 0:18
--12829-- DWARF2 CFI reader: unhandled CFI instruction 0:18
--12829-- DWARF2 CFI reader: unhandled CFI instruction 0:18
--12829-- DWARF2 CFI reader: unhandled CFI instruction 0:18
--12829-- DWARF2 CFI reader: unhandled CFI instruction 0:18
--12829-- DWARF2 CFI reader: unhandled CFI instruction 0:18
--12829-- DWARF2 CFI reader: unhandled CFI instruction 0:18
--12829-- DWARF2 CFI reader: unhandled CFI instruction 0:18
--12829-- DWARF2 CFI reader: unhandled CFI instruction 0:18
--12829-- DWARF2 CFI reader: unhandled CFI instruction 0:18
--12829-- DWARF2 CFI reader: unhandled CFI instruction 0:18
--12829-- DWARF2 CFI reader: unhandled CFI instruction 0:18
--12829-- DWARF2 CFI reader: unhandled CFI instruction 0:18
--12829-- DWARF2 CFI reader: unhandled CFI instruction 0:18
--12829-- DWARF2 CFI reader: unhandled CFI instruction 0:18
--12829-- DWARF2 CFI reader: unhandled CFI instruction 0:18
--12829-- DWARF2 CFI reader: unhandled CFI instruction 0:18
--12829-- DWARF2 CFI reader: unhandled CFI instruction 0:18
--12829-- DWARF2 CFI reader: unhandled CFI instruction 0:18
--12829-- DWARF2 CFI reader: unhandled CFI instruction 0:18
--12829-- DWARF2 CFI reader: unhandled CFI instruction 0:18
--12829-- DWARF2 CFI reader: unhandled CFI instruction 0:18
--12829-- DWARF2 CFI reader: unhandled CFI instruction 0:18
--12829-- DWARF2 CFI reader: unhandled CFI instruction 0:18
--12829-- DWARF2 CFI reader: unhandled CFI instruction 0:18
--12829-- DWARF2 CFI reader: unhandled CFI instruction 0:18
--12829-- DWARF2 CFI reader: unhandled CFI instruction 0:18
--12829-- DWARF2 CFI reader: unhandled CFI instruction 0:18
--12829-- DWARF2 CFI reader: unhandled CFI instruction 0:18
--12829-- DWARF2 CFI reader: unhandled CFI instruction 0:18
--12829-- DWARF2 CFI reader: unhandled CFI instruction 0:18
--12829-- DWARF2 CFI reader: unhandled CFI instruction 0:18
--12829-- DWARF2 CFI reader: unhandled CFI instruction 0:18
--12829-- DWARF2 CFI reader: unhandled CFI instruction 0:18
--12829-- DWARF2 CFI reader: unhandled CFI instruction 0:18
--12829-- DWARF2 CFI reader: unhandled CFI instruction 0:18
--12829-- DWARF2 CFI reader: unhandled CFI instruction 0:18
--12829-- DWARF2 CFI reader: unhandled CFI instruction 0:18
--12829-- DWARF2 CFI reader: unhandled CFI instruction 0:18
--12829-- DWARF2 CFI reader: unhandled CFI instruction 0:18
--12829-- DWARF2 CFI reader: unhandled CFI instruction 0:18
--12829-- DWARF2 CFI reader: unhandled CFI instruction 0:18
--12829-- DWARF2 CFI reader: unhandled CFI instruction 0:18
--12829-- DWARF2 CFI reader: unhandled CFI instruction 0:18
--12829-- DWARF2 CFI reader: unhandled CFI instruction 0:18
--12829-- DWARF2 CFI reader: unhandled CFI instruction 0:18
--12829-- DWARF2 CFI reader: unhandled CFI instruction 0:18
--12829-- DWARF2 CFI reader: unhandled CFI instruction 0:18
--12829-- DWARF2 CFI reader: unhandled CFI instruction 0:18
--12829-- DWARF2 CFI reader: unhandled CFI instruction 0:18
--12829-- DWARF2 CFI reader: unhandled CFI instruction 0:18
--12829-- DWARF2 CFI reader: unhandled CFI instruction 0:18
--12829-- DWARF2 CFI reader: unhandled CFI instruction 0:18
--12829-- DWARF2 CFI reader: unhandled CFI instruction 0:18
--12829-- DWARF2 CFI reader: unhandled CFI instruction 0:18
--12829-- DWARF2 CFI reader: unhandled CFI instruction 0:18
--12829-- DWARF2 CFI reader: unhandled CFI instruction 0:18
--12829-- DWARF2 CFI reader: unhandled CFI instruction 0:18
--12829-- DWARF2 CFI reader: unhandled CFI instruction 0:18
--12829-- DWARF2 CFI reader: unhandled CFI instruction 0:18
--12829-- DWARF2 CFI reader: unhandled CFI instruction 0:18
--12829-- DWARF2 CFI reader: unhandled CFI instruction 0:18
--12829-- DWARF2 CFI reader: unhandled CFI instruction 0:18
--12829-- DWARF2 CFI reader: unhandled CFI instruction 0:18
--12829-- DWARF2 CFI reader: unhandled CFI instruction 0:18
--12829-- DWARF2 CFI reader: unhandled CFI instruction 0:18
--12829-- DWARF2 CFI reader: unhandled CFI instruction 0:18
--12829-- DWARF2 CFI reader: unhandled CFI instruction 0:18
--12829-- DWARF2 CFI reader: unhandled CFI instruction 0:18
--12829-- DWARF2 CFI reader: unhandled CFI instruction 0:18
--12829-- DWARF2 CFI reader: unhandled CFI instruction 0:18
--12829-- DWARF2 CFI reader: unhandled CFI instruction 0:18
--12829-- DWARF2 CFI reader: unhandled CFI instruction 0:18
--12829-- DWARF2 CFI reader: unhandled CFI instruction 0:18
--12829-- DWARF2 CFI reader: unhandled CFI instruction 0:18
--12829-- DWARF2 CFI reader: unhandled CFI instruction 0:18
--12829-- DWARF2 CFI reader: unhandled CFI instruction 0:18
--12829-- DWARF2 CFI reader: unhandled CFI instruction 0:18
--12829-- DWARF2 CFI reader: unhandled CFI instruction 0:18
--12829-- DWARF2 CFI reader: unhandled CFI instruction 0:18
--12829-- DWARF2 CFI reader: unhandled CFI instruction 0:18
--12829-- DWARF2 CFI reader: unhandled CFI instruction 0:18
--12829-- DWARF2 CFI reader: unhandled CFI instruction 0:18
--12829-- DWARF2 CFI reader: unhandled CFI instruction 0:18
--12829-- DWARF2 CFI reader: unhandled CFI instruction 0:18
--12829-- DWARF2 CFI reader: unhandled CFI instruction 0:18
--12829-- DWARF2 CFI reader: unhandled CFI instruction 0:18
--12829-- DWARF2 CFI reader: unhandled CFI instruction 0:18
--12829-- DWARF2 CFI reader: unhandled CFI instruction 0:18
--12829-- DWARF2 CFI reader: unhandled CFI instruction 0:18
--12829-- DWARF2 CFI reader: unhandled CFI instruction 0:18
--12829-- DWARF2 CFI reader: unhandled CFI instruction 0:18
--12829-- DWARF2 CFI reader: unhandled CFI instruction 0:18
--12829-- DWARF2 CFI reader: unhandled CFI instruction 0:18
--12829-- DWARF2 CFI reader: unhandled CFI instruction 0:18
--12829-- DWARF2 CFI reader: unhandled CFI instruction 0:18
--12829-- DWARF2 CFI reader: unhandled CFI instruction 0:18
--12829-- DWARF2 CFI reader: unhandled CFI instruction 0:18
--12829-- DWARF2 CFI reader: unhandled CFI instruction 0:18
--12829-- DWARF2 CFI reader: unhandled CFI instruction 0:18
--12829-- DWARF2 CFI reader: unhandled CFI instruction 0:18
--12829-- DWARF2 CFI reader: unhandled CFI instruction 0:18
--12829-- DWARF2 CFI reader: unhandled CFI instruction 0:18
--12829-- DWARF2 CFI reader: unhandled CFI instruction 0:18
--12829-- DWARF2 CFI reader: unhandled CFI instruction 0:18
--12829-- DWARF2 CFI reader: unhandled CFI instruction 0:18
--12829-- DWARF2 CFI reader: unhandled CFI instruction 0:18
--12829-- DWARF2 CFI reader: unhandled CFI instruction 0:18
--12829-- DWARF2 CFI reader: unhandled CFI instruction 0:18
--12829-- DWARF2 CFI reader: unhandled CFI instruction 0:18
--12829-- DWARF2 CFI reader: unhandled CFI instruction 0:18
--12829-- DWARF2 CFI reader: unhandled CFI instruction 0:18
--12829-- DWARF2 CFI reader: unhandled CFI instruction 0:18
--12829-- DWARF2 CFI reader: unhandled CFI instruction 0:18
--12829-- DWARF2 CFI reader: unhandled CFI instruction 0:18
--12829-- DWARF2 CFI reader: unhandled CFI instruction 0:18
--12829-- DWARF2 CFI reader: unhandled CFI instruction 0:18
--12829-- DWARF2 CFI reader: unhandled CFI instruction 0:18
--12829-- DWARF2 CFI reader: unhandled CFI instruction 0:18
--12829-- DWARF2 CFI reader: unhandled CFI instruction 0:18
--12829-- DWARF2 CFI reader: unhandled CFI instruction 0:18
--12829-- DWARF2 CFI reader: unhandled CFI instruction 0:18
--12829-- DWARF2 CFI reader: unhandled CFI instruction 0:18
--12829-- DWARF2 CFI reader: unhandled CFI instruction 0:18
--12829-- DWARF2 CFI reader: unhandled CFI instruction 0:18
--12829-- DWARF2 CFI reader: unhandled CFI instruction 0:18
--12829-- DWARF2 CFI reader: unhandled CFI instruction 0:18
--12829-- DWARF2 CFI reader: unhandled CFI instruction 0:18
--12829-- DWARF2 CFI reader: unhandled CFI instruction 0:18
--12829-- DWARF2 CFI reader: unhandled CFI instruction 0:18
--12829-- DWARF2 CFI reader: unhandled CFI instruction 0:18
--12829-- DWARF2 CFI reader: unhandled CFI instruction 0:18
--12829-- DWARF2 CFI reader: unhandled CFI instruction 0:18
--12829-- DWARF2 CFI reader: unhandled CFI instruction 0:18
--12829-- DWARF2 CFI reader: unhandled CFI instruction 0:18
--12829-- DWARF2 CFI reader: unhandled CFI instruction 0:18
--12829-- DWARF2 CFI reader: unhandled CFI instruction 0:18
--12829-- DWARF2 CFI reader: unhandled CFI instruction 0:18
--12829-- DWARF2 CFI reader: unhandled CFI instruction 0:18
--12829-- DWARF2 CFI reader: unhandled CFI instruction 0:18
--12829-- DWARF2 CFI reader: unhandled CFI instruction 0:18
--12829-- DWARF2 CFI reader: unhandled CFI instruction 0:18
--12829-- DWARF2 CFI reader: unhandled CFI instruction 0:18
--12829-- DWARF2 CFI reader: unhandled CFI instruction 0:18
--12829-- DWARF2 CFI reader: unhandled CFI instruction 0:18
--12829-- DWARF2 CFI reader: unhandled CFI instruction 0:18
--12829-- DWARF2 CFI reader: unhandled CFI instruction 0:18
--12829-- DWARF2 CFI reader: unhandled CFI instruction 0:18
--12829-- DWARF2 CFI reader: unhandled CFI instruction 0:18
--12829-- DWARF2 CFI reader: unhandled CFI instruction 0:18
--12829-- DWARF2 CFI reader: unhandled CFI instruction 0:18
--12829-- DWARF2 CFI reader: unhandled CFI instruction 0:18
--12829-- DWARF2 CFI reader: unhandled CFI instruction 0:18
--12829-- DWARF2 CFI reader: unhandled CFI instruction 0:18
--12829-- DWARF2 CFI reader: unhandled CFI instruction 0:18
--12829-- DWARF2 CFI reader: unhandled CFI instruction 0:18
--12829-- DWARF2 CFI reader: unhandled CFI instruction 0:18
--12829-- DWARF2 CFI reader: unhandled CFI instruction 0:18
--12829-- DWARF2 CFI reader: unhandled CFI instruction 0:18
--12829-- DWARF2 CFI reader: unhandled CFI instruction 0:18
--12829-- DWARF2 CFI reader: unhandled CFI instruction 0:18
--12829-- DWARF2 CFI reader: unhandled CFI instruction 0:18
--12829-- DWARF2 CFI reader: unhandled CFI instruction 0:18
--12829-- DWARF2 CFI reader: unhandled CFI instruction 0:18
--12829-- DWARF2 CFI reader: unhandled CFI instruction 0:18
--12829-- DWARF2 CFI reader: unhandled CFI instruction 0:18
--12829-- DWARF2 CFI reader: unhandled CFI instruction 0:18
--12829-- DWARF2 CFI reader: unhandled CFI instruction 0:18
--12829-- DWARF2 CFI reader: unhandled CFI instruction 0:18
--12829-- DWARF2 CFI reader: unhandled CFI instruction 0:18
--12829-- DWARF2 CFI reader: unhandled CFI instruction 0:18
--12829-- DWARF2 CFI reader: unhandled CFI instruction 0:18
--12829-- DWARF2 CFI reader: unhandled CFI instruction 0:18
--12829-- DWARF2 CFI reader: unhandled CFI instruction 0:18
--12829-- DWARF2 CFI reader: unhandled CFI instruction 0:18
--12829-- DWARF2 CFI reader: unhandled CFI instruction 0:18
--12829-- DWARF2 CFI reader: unhandled CFI instruction 0:18
--12829-- DWARF2 CFI reader: unhandled CFI instruction 0:18
--12829-- DWARF2 CFI reader: unhandled CFI instruction 0:18
--12829-- DWARF2 CFI reader: unhandled CFI instruction 0:18
--12829-- DWARF2 CFI reader: unhandled CFI instruction 0:18
--12829-- DWARF2 CFI reader: unhandled CFI instruction 0:18
--12829-- DWARF2 CFI reader: unhandled CFI instruction 0:18
--12829-- DWARF2 CFI reader: unhandled CFI instruction 0:18
--12829-- DWARF2 CFI reader: unhandled CFI instruction 0:18
--12829-- DWARF2 CFI reader: unhandled CFI instruction 0:18
--12829-- DWARF2 CFI reader: unhandled CFI instruction 0:18
--12829-- DWARF2 CFI reader: unhandled CFI instruction 0:18
--12829-- DWARF2 CFI reader: unhandled CFI instruction 0:18
--12829-- DWARF2 CFI reader: unhandled CFI instruction 0:18
--12829-- DWARF2 CFI reader: unhandled CFI instruction 0:18
--12829-- DWARF2 CFI reader: unhandled CFI instruction 0:18
--12829-- DWARF2 CFI reader: unhandled CFI instruction 0:18
--12829-- DWARF2 CFI reader: unhandled CFI instruction 0:18
--12829-- DWARF2 CFI reader: unhandled CFI instruction 0:18
--12829-- DWARF2 CFI reader: unhandled CFI instruction 0:18
--12829-- DWARF2 CFI reader: unhandled CFI instruction 0:18
--12829-- DWARF2 CFI reader: unhandled CFI instruction 0:18
--12829-- DWARF2 CFI reader: unhandled CFI instruction 0:18
--12829-- DWARF2 CFI reader: unhandled CFI instruction 0:18
--12829-- DWARF2 CFI reader: unhandled CFI instruction 0:18
--12829-- DWARF2 CFI reader: unhandled CFI instruction 0:18
--12829-- DWARF2 CFI reader: unhandled CFI instruction 0:18
--12829-- DWARF2 CFI reader: unhandled CFI instruction 0:18
--12829-- DWARF2 CFI reader: unhandled CFI instruction 0:18
--12829-- DWARF2 CFI reader: unhandled CFI instruction 0:18
--12829-- DWARF2 CFI reader: unhandled CFI instruction 0:18
--12829-- DWARF2 CFI reader: unhandled CFI instruction 0:18
--12829-- DWARF2 CFI reader: unhandled CFI instruction 0:18
--12829-- DWARF2 CFI reader: unhandled CFI instruction 0:18
--12829-- DWARF2 CFI reader: unhandled CFI instruction 0:18
--12829-- DWARF2 CFI reader: unhandled CFI instruction 0:18
--12829-- DWARF2 CFI reader: unhandled CFI instruction 0:18
--12829-- DWARF2 CFI reader: unhandled CFI instruction 0:18
--12829-- DWARF2 CFI reader: unhandled CFI instruction 0:18
--12829-- DWARF2 CFI reader: unhandled CFI instruction 0:18
--12829-- DWARF2 CFI reader: unhandled CFI instruction 0:18
--12829-- DWARF2 CFI reader: unhandled CFI instruction 0:18
--12829-- DWARF2 CFI reader: unhandled CFI instruction 0:18
--12829-- DWARF2 CFI reader: unhandled CFI instruction 0:18
--12829-- DWARF2 CFI reader: unhandled CFI instruction 0:18
--12829-- DWARF2 CFI reader: unhandled CFI instruction 0:18
--12829-- DWARF2 CFI reader: unhandled CFI instruction 0:18
--12829-- DWARF2 CFI reader: unhandled CFI instruction 0:18
--12829-- DWARF2 CFI reader: unhandled CFI instruction 0:18
--12829-- DWARF2 CFI reader: unhandled CFI instruction 0:18
--12829-- DWARF2 CFI reader: unhandled CFI instruction 0:18
--12829-- DWARF2 CFI reader: unhandled CFI instruction 0:18
--12829-- DWARF2 CFI reader: unhandled CFI instruction 0:18
--12829-- DWARF2 CFI reader: unhandled CFI instruction 0:18
--12829-- DWARF2 CFI reader: unhandled CFI instruction 0:18
--12829-- DWARF2 CFI reader: unhandled CFI instruction 0:18
--12829-- DWARF2 CFI reader: unhandled CFI instruction 0:18
--12829-- DWARF2 CFI reader: unhandled CFI instruction 0:18
--12829-- DWARF2 CFI reader: unhandled CFI instruction 0:18
--12829-- DWARF2 CFI reader: unhandled CFI instruction 0:18
--12829-- DWARF2 CFI reader: unhandled CFI instruction 0:18
--12829-- DWARF2 CFI reader: unhandled CFI instruction 0:18
--12829-- DWARF2 CFI reader: unhandled CFI instruction 0:18
--12829-- DWARF2 CFI reader: unhandled CFI instruction 0:18
--12829-- DWARF2 CFI reader: unhandled CFI instruction 0:18
--12829-- DWARF2 CFI reader: unhandled CFI instruction 0:18
--12829-- DWARF2 CFI reader: unhandled CFI instruction 0:18
--12829-- DWARF2 CFI reader: unhandled CFI instruction 0:18
--12829-- DWARF2 CFI reader: unhandled CFI instruction 0:18
--12829-- DWARF2 CFI reader: unhandled CFI instruction 0:18
--12829-- DWARF2 CFI reader: unhandled CFI instruction 0:18
--12829-- DWARF2 CFI reader: unhandled CFI instruction 0:18
--12829-- DWARF2 CFI reader: unhandled CFI instruction 0:18
--12829-- DWARF2 CFI reader: unhandled CFI instruction 0:18
--12829-- DWARF2 CFI reader: unhandled CFI instruction 0:18
--12829-- DWARF2 CFI reader: unhandled CFI instruction 0:18
--12829-- DWARF2 CFI reader: unhandled CFI instruction 0:18
--12829-- DWARF2 CFI reader: unhandled CFI instruction 0:18
--12829-- DWARF2 CFI reader: unhandled CFI instruction 0:18
--12829-- DWARF2 CFI reader: unhandled CFI instruction 0:18
--12829-- DWARF2 CFI reader: unhandled CFI instruction 0:18
--12829-- DWARF2 CFI reader: unhandled CFI instruction 0:18
--12829-- DWARF2 CFI reader: unhandled CFI instruction 0:18
--12829-- DWARF2 CFI reader: unhandled CFI instruction 0:18
--12829-- DWARF2 CFI reader: unhandled CFI instruction 0:18
--12829-- DWARF2 CFI reader: unhandled CFI instruction 0:18
--12829-- DWARF2 CFI reader: unhandled CFI instruction 0:18
--12829-- DWARF2 CFI reader: unhandled CFI instruction 0:18
--12829-- DWARF2 CFI reader: unhandled CFI instruction 0:18
--12829-- DWARF2 CFI reader: unhandled CFI instruction 0:18
--12829-- DWARF2 CFI reader: unhandled CFI instruction 0:18
--12829-- DWARF2 CFI reader: unhandled CFI instruction 0:18
--12829-- DWARF2 CFI reader: unhandled CFI instruction 0:18
--12829-- DWARF2 CFI reader: unhandled CFI instruction 0:18
--12829-- DWARF2 CFI reader: unhandled CFI instruction 0:18
--12829-- DWARF2 CFI reader: unhandled CFI instruction 0:18
--12829-- DWARF2 CFI reader: unhandled CFI instruction 0:18
--12829-- DWARF2 CFI reader: unhandled CFI instruction 0:18
--12829-- DWARF2 CFI reader: unhandled CFI instruction 0:18
--12829-- DWARF2 CFI reader: unhandled CFI instruction 0:18
--12829-- DWARF2 CFI reader: unhandled CFI instruction 0:18
--12829-- DWARF2 CFI reader: unhandled CFI instruction 0:18
--12829-- DWARF2 CFI reader: unhandled CFI instruction 0:18
--12829-- DWARF2 CFI reader: unhandled CFI instruction 0:18
--12829-- DWARF2 CFI reader: unhandled CFI instruction 0:18
--12829-- DWARF2 CFI reader: unhandled CFI instruction 0:18
--12829-- DWARF2 CFI reader: unhandled CFI instruction 0:18
--12829-- DWARF2 CFI reader: unhandled CFI instruction 0:18
--12829-- DWARF2 CFI reader: unhandled CFI instruction 0:18
--12829-- DWARF2 CFI reader: unhandled CFI instruction 0:18
--12829-- DWARF2 CFI reader: unhandled CFI instruction 0:18
--12829-- DWARF2 CFI reader: unhandled CFI instruction 0:18
--12829-- DWARF2 CFI reader: unhandled CFI instruction 0:18
--12829-- DWARF2 CFI reader: unhandled CFI instruction 0:18
--12829-- DWARF2 CFI reader: unhandled CFI instruction 0:18
--12829-- DWARF2 CFI reader: unhandled CFI instruction 0:18
--12829-- DWARF2 CFI reader: unhandled CFI instruction 0:18
--12829-- DWARF2 CFI reader: unhandled CFI instruction 0:18
--12829-- DWARF2 CFI reader: unhandled CFI instruction 0:18
--12829-- DWARF2 CFI reader: unhandled CFI instruction 0:18
--12829-- DWARF2 CFI reader: unhandled CFI instruction 0:18
--12829-- DWARF2 CFI reader: unhandled CFI instruction 0:18
--12829-- DWARF2 CFI reader: unhandled CFI instruction 0:18
--12829-- DWARF2 CFI reader: unhandled CFI instruction 0:18
--12829-- DWARF2 CFI reader: unhandled CFI instruction 0:18
--12829-- DWARF2 CFI reader: unhandled CFI instruction 0:18
--12829-- DWARF2 CFI reader: unhandled CFI instruction 0:18
--12829-- DWARF2 CFI reader: unhandled CFI instruction 0:18
--12829-- DWARF2 CFI reader: unhandled CFI instruction 0:18
--12829-- DWARF2 CFI reader: unhandled CFI instruction 0:18
--12829-- DWARF2 CFI reader: unhandled CFI instruction 0:18
--12829-- DWARF2 CFI reader: unhandled CFI instruction 0:18
--12829-- DWARF2 CFI reader: unhandled CFI instruction 0:18
--12829-- DWARF2 CFI reader: unhandled CFI instruction 0:18
--12829-- DWARF2 CFI reader: unhandled CFI instruction 0:18
--12829-- DWARF2 CFI reader: unhandled CFI instruction 0:18
--12829-- DWARF2 CFI reader: unhandled CFI instruction 0:18
--12829-- DWARF2 CFI reader: unhandled CFI instruction 0:18
--12829-- DWARF2 CFI reader: unhandled CFI instruction 0:18
--12829-- DWARF2 CFI reader: unhandled CFI instruction 0:18
--12829-- DWARF2 CFI reader: unhandled CFI instruction 0:18
--12829-- DWARF2 CFI reader: unhandled CFI instruction 0:18
--12829-- DWARF2 CFI reader: unhandled CFI instruction 0:18
--12829-- DWARF2 CFI reader: unhandled CFI instruction 0:18
--12829-- DWARF2 CFI reader: unhandled CFI instruction 0:18
--12829-- DWARF2 CFI reader: unhandled CFI instruction 0:18
--12829-- DWARF2 CFI reader: unhandled CFI instruction 0:18
--12829-- DWARF2 CFI reader: unhandled CFI instruction 0:18
--12829-- DWARF2 CFI reader: unhandled CFI instruction 0:18
--12829-- DWARF2 CFI reader: unhandled CFI instruction 0:18
--12829-- DWARF2 CFI reader: unhandled CFI instruction 0:18
--12829-- DWARF2 CFI reader: unhandled CFI instruction 0:18
--12829-- DWARF2 CFI reader: unhandled CFI instruction 0:18
--12829-- DWARF2 CFI reader: unhandled CFI instruction 0:18
--12829-- DWARF2 CFI reader: unhandled CFI instruction 0:18
--12829-- DWARF2 CFI reader: unhandled CFI instruction 0:18
--12829-- DWARF2 CFI reader: unhandled CFI instruction 0:18
--12829-- DWARF2 CFI reader: unhandled CFI instruction 0:18
--12829-- DWARF2 CFI reader: unhandled CFI instruction 0:18
--12829-- DWARF2 CFI reader: unhandled CFI instruction 0:18
--12829-- DWARF2 CFI reader: unhandled CFI instruction 0:18
--12829-- DWARF2 CFI reader: unhandled CFI instruction 0:18
--12829-- DWARF2 CFI reader: unhandled CFI instruction 0:18
--12829-- DWARF2 CFI reader: unhandled CFI instruction 0:18
